[1;37m[INFO]  Initializing DPDK. This will take a few seconds...[0m
EAL: Probing VFIO support...
EAL: PCI device 0000:04:00.0 on NUMA socket -1
EAL:   Invalid NUMA socket, default to 0
EAL:   probe driver: 8086:1526 net_e1000_igb
EAL: PCI device 0000:04:00.1 on NUMA socket -1
EAL:   Invalid NUMA socket, default to 0
EAL:   probe driver: 8086:1526 net_e1000_igb
EAL: PCI device 0000:06:00.0 on NUMA socket -1
EAL:   Invalid NUMA socket, default to 0
EAL:   probe driver: 8086:1526 net_e1000_igb
EAL: PCI device 0000:06:00.1 on NUMA socket -1
EAL:   Invalid NUMA socket, default to 0
EAL:   probe driver: 8086:1526 net_e1000_igb
EAL: PCI device 0000:09:00.0 on NUMA socket -1
EAL:   Invalid NUMA socket, default to 0
EAL:   probe driver: 8086:10d3 net_e1000_em
[1;37m[INFO]  Found 4 usable devices:[0m
   Device 0: 90:E2:BA:1C:55:54 ([0;32mIntel Corporation 82576 Gigabit Network Connection[0m)
   Device 1: 90:E2:BA:1C:55:55 ([0;32mIntel Corporation 82576 Gigabit Network Connection[0m)
   Device 2: 90:E2:BA:1C:55:56 ([0;32mIntel Corporation 82576 Gigabit Network Connection[0m)
   Device 3: 90:E2:BA:1C:55:57 ([0;32mIntel Corporation 82576 Gigabit Network Connection[0m)
[1;33m[WARN]  Device 0 already configured, skipping initilization[0m
[1;37m[INFO]  Waiting for devices to come up...[0m
[1;37m[INFO]  Device 0 (90:E2:BA:1C:55:54) is up: 1000 MBit/s[0m
[1;37m[INFO]  [0;32m1 device is up.[0m[0m
[1;33m[WARN]  Per-queue rate limit is not supported on this device, setting per-device rate limit to 1000 Mbit/s instead (note: this may fail as well if the NIC doesn't support any rate limiting).[0m
[1;33m[WARN]  global rate limiting is not supported by the hardware or driver[0m
[1;33m[WARN]  Per-queue rate limit is not supported on this device, setting per-device rate limit to 1000 Mbit/s instead (note: this may fail as well if the NIC doesn't support any rate limiting).[0m
[1;33m[WARN]  global rate limiting is not supported by the hardware or driver[0m
[1;36m[Device: id=0] RX[0m: 0.51 Mpps, 261 Mbit/s (343 Mbit/s with framing)
[0;34m[Device: id=0] TX[0m: 1.49 Mpps, 762 Mbit/s (1000 Mbit/s with framing)
[1;36m[Device: id=0] RX[0m: 1.49 Mpps, 762 Mbit/s (1000 Mbit/s with framing)
[0;34m[Device: id=0] TX[0m: 1.49 Mpps, 762 Mbit/s (1000 Mbit/s with framing)
[1;36m[Device: id=0] RX[0m: 1.49 Mpps, 762 Mbit/s (1000 Mbit/s with framing)
[0;34m[Device: id=0] TX[0m: 1.49 Mpps, 762 Mbit/s (1000 Mbit/s with framing)
[1;36m[Device: id=0] RX[0m: 1.49 Mpps, 762 Mbit/s (1000 Mbit/s with framing)
[0;34m[Device: id=0] TX[0m: 1.49 Mpps, 762 Mbit/s (1000 Mbit/s with framing)
[1;36m[Device: id=0] RX[0m: 1.49 Mpps, 762 Mbit/s (1000 Mbit/s with framing)
[0;34m[Device: id=0] TX[0m: 1.49 Mpps, 762 Mbit/s (1000 Mbit/s with framing)
[1;36m[Device: id=0] RX[0m: 1.49 Mpps, 762 Mbit/s (1000 Mbit/s with framing)
[0;34m[Device: id=0] TX[0m: 1.49 Mpps, 762 Mbit/s (1000 Mbit/s with framing)
[1;36m[Device: id=0] RX[0m: 1.49 Mpps, 762 Mbit/s (1000 Mbit/s with framing)
[0;34m[Device: id=0] TX[0m: 1.49 Mpps, 762 Mbit/s (1000 Mbit/s with framing)
[1;36m[Device: id=0] RX[0m: 1.49 Mpps, 762 Mbit/s (1000 Mbit/s with framing)
[0;34m[Device: id=0] TX[0m: 1.49 Mpps, 762 Mbit/s (1000 Mbit/s with framing)
[1;36m[Device: id=0] RX[0m: 1.49 Mpps, 762 Mbit/s (1000 Mbit/s with framing)
[0;34m[Device: id=0] TX[0m: 1.49 Mpps, 762 Mbit/s (1000 Mbit/s with framing)
[1;36m[Device: id=0] RX[0m: 1.49 Mpps, 762 Mbit/s (1000 Mbit/s with framing)
[0;34m[Device: id=0] TX[0m: 1.49 Mpps, 762 Mbit/s (1000 Mbit/s with framing)
[1;36m[Device: id=0] RX[0m: 1.49 Mpps, 762 Mbit/s (1000 Mbit/s with framing)
[0;34m[Device: id=0] TX[0m: 1.49 Mpps, 762 Mbit/s (1000 Mbit/s with framing)
[1;36m[Device: id=0] RX[0m: 1.49 Mpps, 762 Mbit/s (1000 Mbit/s with framing)
[0;34m[Device: id=0] TX[0m: 1.49 Mpps, 762 Mbit/s (1000 Mbit/s with framing)
[1;36m[Device: id=0] RX[0m: 1.49 Mpps, 762 Mbit/s (1000 Mbit/s with framing)
[0;34m[Device: id=0] TX[0m: 1.49 Mpps, 762 Mbit/s (1000 Mbit/s with framing)
[1;36m[Device: id=0] RX[0m: 1.49 Mpps, 762 Mbit/s (1000 Mbit/s with framing)
[0;34m[Device: id=0] TX[0m: 1.49 Mpps, 762 Mbit/s (1000 Mbit/s with framing)
[1;36m[Device: id=0] RX[0m: 1.49 Mpps, 762 Mbit/s (1000 Mbit/s with framing)
[0;34m[Device: id=0] TX[0m: 1.49 Mpps, 762 Mbit/s (1000 Mbit/s with framing)
[1;36m[Device: id=0] RX[0m: 1.49 Mpps, 762 Mbit/s (1000 Mbit/s with framing)
[0;34m[Device: id=0] TX[0m: 1.49 Mpps, 762 Mbit/s (1000 Mbit/s with framing)
[1;36m[Device: id=0] RX[0m: 1.49 Mpps, 762 Mbit/s (1000 Mbit/s with framing)
[0;34m[Device: id=0] TX[0m: 1.49 Mpps, 762 Mbit/s (1000 Mbit/s with framing)
[1;36m[Device: id=0] RX[0m: 1.49 Mpps, 762 Mbit/s (1000 Mbit/s with framing)
[0;34m[Device: id=0] TX[0m: 1.49 Mpps, 762 Mbit/s (1000 Mbit/s with framing)
[1;36m[Device: id=0] RX[0m: 1.49 Mpps, 762 Mbit/s (1000 Mbit/s with framing)
[0;34m[Device: id=0] TX[0m: 1.49 Mpps, 762 Mbit/s (1000 Mbit/s with framing)
[1;36m[Device: id=0] RX[0m: 1.49 Mpps, 762 Mbit/s (1000 Mbit/s with framing)
[0;34m[Device: id=0] TX[0m: 1.49 Mpps, 762 Mbit/s (1000 Mbit/s with framing)
[1;36m[Device: id=0] RX[0m: 1.49 Mpps, 762 Mbit/s (1000 Mbit/s with framing)
[0;34m[Device: id=0] TX[0m: 1.49 Mpps, 762 Mbit/s (1000 Mbit/s with framing)
[1;36m[Device: id=0] RX[0m: 1.49 Mpps, 762 Mbit/s (1000 Mbit/s with framing)
[0;34m[Device: id=0] TX[0m: 1.49 Mpps, 762 Mbit/s (1000 Mbit/s with framing)
[1;36m[Device: id=0] RX[0m: 1.49 Mpps, 762 Mbit/s (1000 Mbit/s with framing)
[0;34m[Device: id=0] TX[0m: 1.49 Mpps, 762 Mbit/s (1000 Mbit/s with framing)
[1;36m[Device: id=0] RX[0m: 1.49 Mpps, 762 Mbit/s (1000 Mbit/s with framing)
[0;34m[Device: id=0] TX[0m: 1.49 Mpps, 762 Mbit/s (1000 Mbit/s with framing)
[1;36m[Device: id=0] RX[0m: 1.49 Mpps, 762 Mbit/s (1000 Mbit/s with framing)
[0;34m[Device: id=0] TX[0m: 1.49 Mpps, 762 Mbit/s (1000 Mbit/s with framing)
[1;36m[Device: id=0] RX[0m: 1.49 Mpps, 762 Mbit/s (1000 Mbit/s with framing)
[0;34m[Device: id=0] TX[0m: 1.49 Mpps, 762 Mbit/s (1000 Mbit/s with framing)
[1;36m[Device: id=0] RX[0m: 1.49 Mpps, 762 Mbit/s (1000 Mbit/s with framing)
[0;34m[Device: id=0] TX[0m: 1.49 Mpps, 762 Mbit/s (1000 Mbit/s with framing)
[1;36m[Device: id=0] RX[0m: 1.49 Mpps, 762 Mbit/s (1000 Mbit/s with framing)
[0;34m[Device: id=0] TX[0m: 1.49 Mpps, 762 Mbit/s (1000 Mbit/s with framing)
[1;36m[Device: id=0] RX[0m: 1.49 Mpps, 762 Mbit/s (1000 Mbit/s with framing)
[0;34m[Device: id=0] TX[0m: 1.49 Mpps, 762 Mbit/s (1000 Mbit/s with framing)
[1;36m[Device: id=0] RX[0m: 1.49 Mpps, 762 Mbit/s (1000 Mbit/s with framing)
[0;34m[Device: id=0] TX[0m: 1.49 Mpps, 762 Mbit/s (1000 Mbit/s with framing)
[1;36m[Device: id=0] RX[0m: 1.49 Mpps, 762 Mbit/s (1000 Mbit/s with framing)
[0;34m[Device: id=0] TX[0m: 1.49 Mpps, 762 Mbit/s (1000 Mbit/s with framing)
[1;36m[Device: id=0] RX[0m: 1.49 Mpps, 762 Mbit/s (1000 Mbit/s with framing)
[0;34m[Device: id=0] TX[0m: 1.49 Mpps, 762 Mbit/s (1000 Mbit/s with framing)
[1;36m[Device: id=0] RX[0m: 1.49 Mpps, 762 Mbit/s (1000 Mbit/s with framing)
[0;34m[Device: id=0] TX[0m: 1.49 Mpps, 762 Mbit/s (1000 Mbit/s with framing)
[1;36m[Device: id=0] RX[0m: 1.49 Mpps, 762 Mbit/s (1000 Mbit/s with framing)
[0;34m[Device: id=0] TX[0m: 1.49 Mpps, 762 Mbit/s (1000 Mbit/s with framing)
[1;36m[Device: id=0] RX[0m: 1.49 Mpps, 762 Mbit/s (1000 Mbit/s with framing)
[0;34m[Device: id=0] TX[0m: 1.49 Mpps, 762 Mbit/s (1000 Mbit/s with framing)
[1;36m[Device: id=0] RX[0m: 1.49 Mpps, 762 Mbit/s (1000 Mbit/s with framing)
[0;34m[Device: id=0] TX[0m: 1.49 Mpps, 762 Mbit/s (1000 Mbit/s with framing)
[1;36m[Device: id=0] RX[0m: 1.49 Mpps, 762 Mbit/s (1000 Mbit/s with framing)
[0;34m[Device: id=0] TX[0m: 1.49 Mpps, 762 Mbit/s (1000 Mbit/s with framing)
[1;36m[Device: id=0] RX[0m: 1.49 Mpps, 762 Mbit/s (1000 Mbit/s with framing)
[0;34m[Device: id=0] TX[0m: 1.49 Mpps, 762 Mbit/s (1000 Mbit/s with framing)
[1;36m[Device: id=0] RX[0m: 1.49 Mpps, 762 Mbit/s (1000 Mbit/s with framing)
[0;34m[Device: id=0] TX[0m: 1.49 Mpps, 762 Mbit/s (1000 Mbit/s with framing)
[1;36m[Device: id=0] RX[0m: 1.49 Mpps, 762 Mbit/s (1000 Mbit/s with framing)
[0;34m[Device: id=0] TX[0m: 1.49 Mpps, 762 Mbit/s (1000 Mbit/s with framing)
[1;36m[Device: id=0] RX[0m: 1.49 Mpps, 762 Mbit/s (1000 Mbit/s with framing)
[0;34m[Device: id=0] TX[0m: 1.49 Mpps, 762 Mbit/s (1000 Mbit/s with framing)
[1;36m[Device: id=0] RX[0m: 1.49 Mpps, 762 Mbit/s (1000 Mbit/s with framing)
[0;34m[Device: id=0] TX[0m: 1.49 Mpps, 762 Mbit/s (1000 Mbit/s with framing)
[1;36m[Device: id=0] RX[0m: 1.49 Mpps, 762 Mbit/s (1000 Mbit/s with framing)
[0;34m[Device: id=0] TX[0m: 1.49 Mpps, 762 Mbit/s (1000 Mbit/s with framing)
[1;36m[Device: id=0] RX[0m: 1.49 Mpps, 762 Mbit/s (1000 Mbit/s with framing)
[0;34m[Device: id=0] TX[0m: 1.49 Mpps, 762 Mbit/s (1000 Mbit/s with framing)
[1;36m[Device: id=0] RX[0m: 1.49 Mpps, 762 Mbit/s (1000 Mbit/s with framing)
[0;34m[Device: id=0] TX[0m: 1.49 Mpps, 762 Mbit/s (1000 Mbit/s with framing)
[1;36m[Device: id=0] RX[0m: 1.49 Mpps, 762 Mbit/s (1000 Mbit/s with framing)
[0;34m[Device: id=0] TX[0m: 1.49 Mpps, 762 Mbit/s (1000 Mbit/s with framing)
[1;36m[Device: id=0] RX[0m: 1.49 Mpps, 762 Mbit/s (1000 Mbit/s with framing)
[0;34m[Device: id=0] TX[0m: 1.49 Mpps, 762 Mbit/s (1000 Mbit/s with framing)
[1;36m[Device: id=0] RX[0m: 1.49 Mpps, 762 Mbit/s (1000 Mbit/s with framing)
[0;34m[Device: id=0] TX[0m: 1.49 Mpps, 762 Mbit/s (1000 Mbit/s with framing)
[1;36m[Device: id=0] RX[0m: 1.49 Mpps, 762 Mbit/s (1000 Mbit/s with framing)
[0;34m[Device: id=0] TX[0m: 1.49 Mpps, 762 Mbit/s (1000 Mbit/s with framing)
[1;36m[Device: id=0] RX[0m: 1.49 Mpps, 762 Mbit/s (1000 Mbit/s with framing)
[0;34m[Device: id=0] TX[0m: 1.49 Mpps, 762 Mbit/s (1000 Mbit/s with framing)
[1;36m[Device: id=0] RX[0m: 1.49 Mpps, 762 Mbit/s (1000 Mbit/s with framing)
[0;34m[Device: id=0] TX[0m: 1.49 Mpps, 762 Mbit/s (1000 Mbit/s with framing)
[1;36m[Device: id=0] RX[0m: 1.49 Mpps, 762 Mbit/s (1000 Mbit/s with framing)
[0;34m[Device: id=0] TX[0m: 1.49 Mpps, 762 Mbit/s (1000 Mbit/s with framing)
[1;36m[Device: id=0] RX[0m: 1.49 Mpps, 762 Mbit/s (1000 Mbit/s with framing)
[0;34m[Device: id=0] TX[0m: 1.49 Mpps, 762 Mbit/s (1000 Mbit/s with framing)
[1;36m[Device: id=0] RX[0m: 1.49 Mpps, 762 Mbit/s (1000 Mbit/s with framing)
[0;34m[Device: id=0] TX[0m: 1.49 Mpps, 762 Mbit/s (1000 Mbit/s with framing)
[1;36m[Device: id=0] RX[0m: 1.49 Mpps, 762 Mbit/s (1000 Mbit/s with framing)
[0;34m[Device: id=0] TX[0m: 1.49 Mpps, 762 Mbit/s (1000 Mbit/s with framing)
[1;36m[Device: id=0] RX[0m: 1.49 Mpps, 762 Mbit/s (1000 Mbit/s with framing)
[0;34m[Device: id=0] TX[0m: 1.49 Mpps, 762 Mbit/s (1000 Mbit/s with framing)
[1;36m[Device: id=0] RX[0m: 1.49 Mpps, 762 Mbit/s (1000 Mbit/s with framing)
[0;34m[Device: id=0] TX[0m: 1.49 Mpps, 762 Mbit/s (1000 Mbit/s with framing)
[1;36m[Device: id=0] RX[0m: 1.49 Mpps, 762 Mbit/s (1000 Mbit/s with framing)
[0;34m[Device: id=0] TX[0m: 1.49 Mpps, 762 Mbit/s (1000 Mbit/s with framing)
[1;36m[Device: id=0] RX[0m: 1.49 Mpps, 762 Mbit/s (1000 Mbit/s with framing)
[0;34m[Device: id=0] TX[0m: 1.49 Mpps, 762 Mbit/s (1000 Mbit/s with framing)
[1;36m[Device: id=0] RX[0m: 1.49 Mpps, 762 Mbit/s (1000 Mbit/s with framing)
[0;34m[Device: id=0] TX[0m: 1.49 Mpps, 762 Mbit/s (1000 Mbit/s with framing)
[1;36m[Device: id=0] RX[0m: 1.49 Mpps, 762 Mbit/s (1000 Mbit/s with framing)
[0;34m[Device: id=0] TX[0m: 1.49 Mpps, 762 Mbit/s (1000 Mbit/s with framing)
[1;36m[Device: id=0] RX[0m: 1.49 Mpps, 762 Mbit/s (1000 Mbit/s with framing)
[0;34m[Device: id=0] TX[0m: 1.49 Mpps, 762 Mbit/s (1000 Mbit/s with framing)
[1;36m[Device: id=0] RX[0m: 1.49 Mpps, 762 Mbit/s (1000 Mbit/s with framing)
[0;34m[Device: id=0] TX[0m: 1.49 Mpps, 762 Mbit/s (1000 Mbit/s with framing)
[1;36m[Device: id=0] RX[0m: 1.49 Mpps, 762 Mbit/s (1000 Mbit/s with framing)
[0;34m[Device: id=0] TX[0m: 1.49 Mpps, 762 Mbit/s (1000 Mbit/s with framing)
[1;36m[Device: id=0] RX[0m: 1.49 Mpps, 762 Mbit/s (1000 Mbit/s with framing)
[0;34m[Device: id=0] TX[0m: 1.49 Mpps, 762 Mbit/s (1000 Mbit/s with framing)
[1;36m[Device: id=0] RX[0m: 1.49 Mpps, 762 Mbit/s (1000 Mbit/s with framing)
[0;34m[Device: id=0] TX[0m: 1.49 Mpps, 762 Mbit/s (1000 Mbit/s with framing)
[1;36m[Device: id=0] RX[0m: 1.49 Mpps, 762 Mbit/s (1000 Mbit/s with framing)
[0;34m[Device: id=0] TX[0m: 1.49 Mpps, 762 Mbit/s (1000 Mbit/s with framing)
[1;36m[Device: id=0] RX[0m: 1.49 Mpps, 762 Mbit/s (1000 Mbit/s with framing)
[0;34m[Device: id=0] TX[0m: 1.49 Mpps, 762 Mbit/s (1000 Mbit/s with framing)
[1;36m[Device: id=0] RX[0m: 1.49 Mpps, 762 Mbit/s (1000 Mbit/s with framing)
[0;34m[Device: id=0] TX[0m: 1.49 Mpps, 762 Mbit/s (1000 Mbit/s with framing)
[1;36m[Device: id=0] RX[0m: 1.49 Mpps, 762 Mbit/s (1000 Mbit/s with framing)
[0;34m[Device: id=0] TX[0m: 1.49 Mpps, 762 Mbit/s (1000 Mbit/s with framing)
[1;36m[Device: id=0] RX[0m: 1.49 Mpps, 762 Mbit/s (1000 Mbit/s with framing)
[0;34m[Device: id=0] TX[0m: 1.49 Mpps, 762 Mbit/s (1000 Mbit/s with framing)
[1;36m[Device: id=0] RX[0m: 1.49 Mpps, 762 Mbit/s (1000 Mbit/s with framing)
[0;34m[Device: id=0] TX[0m: 1.49 Mpps, 762 Mbit/s (1000 Mbit/s with framing)
[1;36m[Device: id=0] RX[0m: 1.49 Mpps, 762 Mbit/s (1000 Mbit/s with framing)
[0;34m[Device: id=0] TX[0m: 1.49 Mpps, 762 Mbit/s (1000 Mbit/s with framing)
[1;36m[Device: id=0] RX[0m: 1.49 Mpps, 762 Mbit/s (1000 Mbit/s with framing)
[0;34m[Device: id=0] TX[0m: 1.49 Mpps, 762 Mbit/s (1000 Mbit/s with framing)
[1;36m[Device: id=0] RX[0m: 1.49 Mpps, 762 Mbit/s (1000 Mbit/s with framing)
[0;34m[Device: id=0] TX[0m: 1.49 Mpps, 762 Mbit/s (1000 Mbit/s with framing)
[1;36m[Device: id=0] RX[0m: 1.49 Mpps, 762 Mbit/s (1000 Mbit/s with framing)
[0;34m[Device: id=0] TX[0m: 1.49 Mpps, 762 Mbit/s (1000 Mbit/s with framing)
[1;36m[Device: id=0] RX[0m: 1.49 Mpps, 762 Mbit/s (1000 Mbit/s with framing)
[0;34m[Device: id=0] TX[0m: 1.49 Mpps, 762 Mbit/s (1000 Mbit/s with framing)
[1;36m[Device: id=0] RX[0m: 1.49 Mpps, 762 Mbit/s (1000 Mbit/s with framing)
[0;34m[Device: id=0] TX[0m: 1.49 Mpps, 762 Mbit/s (1000 Mbit/s with framing)
[1;36m[Device: id=0] RX[0m: 1.49 Mpps, 762 Mbit/s (1000 Mbit/s with framing)
[0;34m[Device: id=0] TX[0m: 1.49 Mpps, 762 Mbit/s (1000 Mbit/s with framing)
[1;36m[Device: id=0] RX[0m: 1.49 Mpps, 762 Mbit/s (1000 Mbit/s with framing)
[0;34m[Device: id=0] TX[0m: 1.49 Mpps, 762 Mbit/s (1000 Mbit/s with framing)
[1;36m[Device: id=0] RX[0m: 1.49 Mpps, 762 Mbit/s (1000 Mbit/s with framing)
[0;34m[Device: id=0] TX[0m: 1.49 Mpps, 762 Mbit/s (1000 Mbit/s with framing)
[1;36m[Device: id=0] RX[0m: 1.49 Mpps, 762 Mbit/s (1000 Mbit/s with framing)
[0;34m[Device: id=0] TX[0m: 1.49 Mpps, 762 Mbit/s (1000 Mbit/s with framing)
[1;36m[Device: id=0] RX[0m: 1.49 Mpps, 762 Mbit/s (1000 Mbit/s with framing)
[0;34m[Device: id=0] TX[0m: 1.49 Mpps, 762 Mbit/s (1000 Mbit/s with framing)
[1;36m[Device: id=0] RX[0m: 1.49 Mpps, 762 Mbit/s (1000 Mbit/s with framing)
[0;34m[Device: id=0] TX[0m: 1.49 Mpps, 762 Mbit/s (1000 Mbit/s with framing)
[1;36m[Device: id=0] RX[0m: 1.49 Mpps, 762 Mbit/s (1000 Mbit/s with framing)
[0;34m[Device: id=0] TX[0m: 1.49 Mpps, 762 Mbit/s (1000 Mbit/s with framing)
[1;36m[Device: id=0] RX[0m: 1.49 Mpps, 762 Mbit/s (1000 Mbit/s with framing)
[0;34m[Device: id=0] TX[0m: 1.49 Mpps, 762 Mbit/s (1000 Mbit/s with framing)
[1;36m[Device: id=0] RX[0m: 1.49 Mpps, 762 Mbit/s (1000 Mbit/s with framing)
[0;34m[Device: id=0] TX[0m: 1.49 Mpps, 762 Mbit/s (1000 Mbit/s with framing)
[1;36m[Device: id=0] RX[0m: 1.49 Mpps, 762 Mbit/s (1000 Mbit/s with framing)
[0;34m[Device: id=0] TX[0m: 1.49 Mpps, 762 Mbit/s (1000 Mbit/s with framing)
[1;36m[Device: id=0] RX[0m: 1.49 Mpps, 762 Mbit/s (1000 Mbit/s with framing)
[0;34m[Device: id=0] TX[0m: 1.49 Mpps, 762 Mbit/s (1000 Mbit/s with framing)
[1;36m[Device: id=0] RX[0m: 1.49 Mpps, 762 Mbit/s (1000 Mbit/s with framing)
[0;34m[Device: id=0] TX[0m: 1.49 Mpps, 762 Mbit/s (1000 Mbit/s with framing)
[1;36m[Device: id=0] RX[0m: 1.49 Mpps, 762 Mbit/s (1000 Mbit/s with framing)
[0;34m[Device: id=0] TX[0m: 1.49 Mpps, 762 Mbit/s (1000 Mbit/s with framing)
[1;36m[Device: id=0] RX[0m: 1.49 Mpps, 762 Mbit/s (1000 Mbit/s with framing)
[0;34m[Device: id=0] TX[0m: 1.49 Mpps, 762 Mbit/s (1000 Mbit/s with framing)
[1;36m[Device: id=0] RX[0m: 1.49 Mpps, 762 Mbit/s (1000 Mbit/s with framing)
[0;34m[Device: id=0] TX[0m: 1.49 Mpps, 762 Mbit/s (1000 Mbit/s with framing)
[1;36m[Device: id=0] RX[0m: 1.49 Mpps, 762 Mbit/s (1000 Mbit/s with framing)
[0;34m[Device: id=0] TX[0m: 1.49 Mpps, 762 Mbit/s (1000 Mbit/s with framing)
[1;36m[Device: id=0] RX[0m: 1.49 Mpps, 762 Mbit/s (1000 Mbit/s with framing)
[0;34m[Device: id=0] TX[0m: 1.49 Mpps, 762 Mbit/s (1000 Mbit/s with framing)
[1;36m[Device: id=0] RX[0m: 1.49 Mpps, 762 Mbit/s (1000 Mbit/s with framing)
[0;34m[Device: id=0] TX[0m: 1.49 Mpps, 762 Mbit/s (1000 Mbit/s with framing)
[1;36m[Device: id=0] RX[0m: 1.49 Mpps, 762 Mbit/s (1000 Mbit/s with framing)
[0;34m[Device: id=0] TX[0m: 1.49 Mpps, 762 Mbit/s (1000 Mbit/s with framing)
[1;36m[Device: id=0] RX[0m: 1.49 Mpps, 762 Mbit/s (1000 Mbit/s with framing)
[0;34m[Device: id=0] TX[0m: 1.49 Mpps, 762 Mbit/s (1000 Mbit/s with framing)
[1;36m[Device: id=0] RX[0m: 1.49 Mpps, 762 Mbit/s (1000 Mbit/s with framing)
[0;34m[Device: id=0] TX[0m: 1.49 Mpps, 762 Mbit/s (1000 Mbit/s with framing)
[1;36m[Device: id=0] RX[0m: 1.49 Mpps, 762 Mbit/s (1000 Mbit/s with framing)
[0;34m[Device: id=0] TX[0m: 1.49 Mpps, 762 Mbit/s (1000 Mbit/s with framing)
[1;36m[Device: id=0] RX[0m: 1.49 Mpps, 762 Mbit/s (1000 Mbit/s with framing)
[0;34m[Device: id=0] TX[0m: 1.49 Mpps, 762 Mbit/s (1000 Mbit/s with framing)
[1;36m[Device: id=0] RX[0m: 1.49 Mpps, 762 Mbit/s (1000 Mbit/s with framing)
[0;34m[Device: id=0] TX[0m: 1.49 Mpps, 762 Mbit/s (1000 Mbit/s with framing)
[1;36m[Device: id=0] RX[0m: 1.49 Mpps, 762 Mbit/s (1000 Mbit/s with framing)
[0;34m[Device: id=0] TX[0m: 1.49 Mpps, 762 Mbit/s (1000 Mbit/s with framing)
[1;36m[Device: id=0] RX[0m: 1.49 Mpps, 762 Mbit/s (1000 Mbit/s with framing)
[0;34m[Device: id=0] TX[0m: 1.49 Mpps, 762 Mbit/s (1000 Mbit/s with framing)
[1;36m[Device: id=0] RX[0m: 1.49 Mpps, 762 Mbit/s (1000 Mbit/s with framing)
[0;34m[Device: id=0] TX[0m: 1.49 Mpps, 762 Mbit/s (1000 Mbit/s with framing)
[1;36m[Device: id=0] RX[0m: 1.49 Mpps, 762 Mbit/s (1000 Mbit/s with framing)
[0;34m[Device: id=0] TX[0m: 1.49 Mpps, 762 Mbit/s (1000 Mbit/s with framing)
[1;36m[Device: id=0] RX[0m: 1.49 Mpps, 762 Mbit/s (1000 Mbit/s with framing)
[0;34m[Device: id=0] TX[0m: 1.49 Mpps, 762 Mbit/s (1000 Mbit/s with framing)
[1;36m[Device: id=0] RX[0m: 1.49 Mpps, 762 Mbit/s (1000 Mbit/s with framing)
[0;34m[Device: id=0] TX[0m: 1.49 Mpps, 762 Mbit/s (1000 Mbit/s with framing)
[1;36m[Device: id=0] RX[0m: 1.49 Mpps, 762 Mbit/s (1000 Mbit/s with framing)
[0;34m[Device: id=0] TX[0m: 1.49 Mpps, 762 Mbit/s (1000 Mbit/s with framing)
[1;36m[Device: id=0] RX[0m: 1.49 Mpps, 762 Mbit/s (1000 Mbit/s with framing)
[0;34m[Device: id=0] TX[0m: 1.49 Mpps, 762 Mbit/s (1000 Mbit/s with framing)
[1;36m[Device: id=0] RX[0m: 1.49 Mpps, 762 Mbit/s (1000 Mbit/s with framing)
[0;34m[Device: id=0] TX[0m: 1.49 Mpps, 762 Mbit/s (1000 Mbit/s with framing)
[1;36m[Device: id=0] RX[0m: 1.49 Mpps, 762 Mbit/s (1000 Mbit/s with framing)
[0;34m[Device: id=0] TX[0m: 1.49 Mpps, 762 Mbit/s (1000 Mbit/s with framing)
[1;36m[Device: id=0] RX[0m: 1.49 Mpps, 762 Mbit/s (1000 Mbit/s with framing)
[0;34m[Device: id=0] TX[0m: 1.49 Mpps, 762 Mbit/s (1000 Mbit/s with framing)
[1;36m[Device: id=0] RX[0m: 1.49 Mpps, 762 Mbit/s (1000 Mbit/s with framing)
[0;34m[Device: id=0] TX[0m: 1.49 Mpps, 762 Mbit/s (1000 Mbit/s with framing)
[1;36m[Device: id=0] RX[0m: 1.49 Mpps, 762 Mbit/s (1000 Mbit/s with framing)
[0;34m[Device: id=0] TX[0m: 1.49 Mpps, 762 Mbit/s (1000 Mbit/s with framing)
[1;36m[Device: id=0] RX[0m: 1.49 Mpps, 762 Mbit/s (1000 Mbit/s with framing)
[0;34m[Device: id=0] TX[0m: 1.49 Mpps, 762 Mbit/s (1000 Mbit/s with framing)
[1;36m[Device: id=0] RX[0m: 1.49 Mpps, 762 Mbit/s (1000 Mbit/s with framing)
[0;34m[Device: id=0] TX[0m: 1.49 Mpps, 762 Mbit/s (1000 Mbit/s with framing)
[1;36m[Device: id=0] RX[0m: 1.49 Mpps, 762 Mbit/s (1000 Mbit/s with framing)
[0;34m[Device: id=0] TX[0m: 1.49 Mpps, 762 Mbit/s (1000 Mbit/s with framing)
[1;36m[Device: id=0] RX[0m: 1.49 Mpps, 762 Mbit/s (1000 Mbit/s with framing)
[0;34m[Device: id=0] TX[0m: 1.49 Mpps, 762 Mbit/s (1000 Mbit/s with framing)
[1;36m[Device: id=0] RX[0m: 1.49 Mpps, 762 Mbit/s (1000 Mbit/s with framing)
[0;34m[Device: id=0] TX[0m: 1.49 Mpps, 762 Mbit/s (1000 Mbit/s with framing)
[1;36m[Device: id=0] RX[0m: 1.49 Mpps, 762 Mbit/s (1000 Mbit/s with framing)
[0;34m[Device: id=0] TX[0m: 1.49 Mpps, 762 Mbit/s (1000 Mbit/s with framing)
[1;36m[Device: id=0] RX[0m: 1.49 Mpps, 762 Mbit/s (1000 Mbit/s with framing)
[0;34m[Device: id=0] TX[0m: 1.49 Mpps, 762 Mbit/s (1000 Mbit/s with framing)
[1;36m[Device: id=0] RX[0m: 1.49 Mpps, 762 Mbit/s (1000 Mbit/s with framing)
[0;34m[Device: id=0] TX[0m: 1.49 Mpps, 762 Mbit/s (1000 Mbit/s with framing)
[1;36m[Device: id=0] RX[0m: 1.49 Mpps, 762 Mbit/s (1000 Mbit/s with framing)
[0;34m[Device: id=0] TX[0m: 1.49 Mpps, 762 Mbit/s (1000 Mbit/s with framing)
[1;36m[Device: id=0] RX[0m: 1.49 Mpps, 762 Mbit/s (1000 Mbit/s with framing)
[0;34m[Device: id=0] TX[0m: 1.49 Mpps, 762 Mbit/s (1000 Mbit/s with framing)
[1;36m[Device: id=0] RX[0m: 1.49 Mpps, 762 Mbit/s (1000 Mbit/s with framing)
[0;34m[Device: id=0] TX[0m: 1.49 Mpps, 762 Mbit/s (1000 Mbit/s with framing)
[1;36m[Device: id=0] RX[0m: 1.49 Mpps, 762 Mbit/s (1000 Mbit/s with framing)
[0;34m[Device: id=0] TX[0m: 1.49 Mpps, 762 Mbit/s (1000 Mbit/s with framing)
[1;36m[Device: id=0] RX[0m: 1.49 Mpps, 762 Mbit/s (1000 Mbit/s with framing)
[0;34m[Device: id=0] TX[0m: 1.49 Mpps, 762 Mbit/s (1000 Mbit/s with framing)
[1;36m[Device: id=0] RX[0m: 1.49 Mpps, 762 Mbit/s (1000 Mbit/s with framing)
[0;34m[Device: id=0] TX[0m: 1.49 Mpps, 762 Mbit/s (1000 Mbit/s with framing)
[1;36m[Device: id=0] RX[0m: 1.49 Mpps, 762 Mbit/s (1000 Mbit/s with framing)
[0;34m[Device: id=0] TX[0m: 1.49 Mpps, 762 Mbit/s (1000 Mbit/s with framing)
[1;36m[Device: id=0] RX[0m: 1.49 Mpps, 762 Mbit/s (1000 Mbit/s with framing)
[0;34m[Device: id=0] TX[0m: 1.49 Mpps, 762 Mbit/s (1000 Mbit/s with framing)
[1;36m[Device: id=0] RX[0m: 1.49 Mpps, 762 Mbit/s (1000 Mbit/s with framing)
[0;34m[Device: id=0] TX[0m: 1.49 Mpps, 762 Mbit/s (1000 Mbit/s with framing)
[1;36m[Device: id=0] RX[0m: 1.49 Mpps, 762 Mbit/s (1000 Mbit/s with framing)
[0;34m[Device: id=0] TX[0m: 1.49 Mpps, 762 Mbit/s (1000 Mbit/s with framing)
[1;36m[Device: id=0] RX[0m: 1.49 Mpps, 762 Mbit/s (1000 Mbit/s with framing)
[0;34m[Device: id=0] TX[0m: 1.49 Mpps, 762 Mbit/s (1000 Mbit/s with framing)
[1;36m[Device: id=0] RX[0m: 1.49 Mpps, 762 Mbit/s (1000 Mbit/s with framing)
[0;34m[Device: id=0] TX[0m: 1.49 Mpps, 762 Mbit/s (1000 Mbit/s with framing)
[1;36m[Device: id=0] RX[0m: 1.49 Mpps, 762 Mbit/s (1000 Mbit/s with framing)
[0;34m[Device: id=0] TX[0m: 1.49 Mpps, 762 Mbit/s (1000 Mbit/s with framing)
[1;36m[Device: id=0] RX[0m: 1.49 Mpps, 762 Mbit/s (1000 Mbit/s with framing)
[0;34m[Device: id=0] TX[0m: 1.49 Mpps, 762 Mbit/s (1000 Mbit/s with framing)
[1;36m[Device: id=0] RX[0m: 1.49 Mpps, 762 Mbit/s (1000 Mbit/s with framing)
[0;34m[Device: id=0] TX[0m: 1.49 Mpps, 762 Mbit/s (1000 Mbit/s with framing)
[1;36m[Device: id=0] RX[0m: 1.49 Mpps, 762 Mbit/s (1000 Mbit/s with framing)
[0;34m[Device: id=0] TX[0m: 1.49 Mpps, 762 Mbit/s (1000 Mbit/s with framing)
[1;36m[Device: id=0] RX[0m: 1.49 Mpps, 762 Mbit/s (1000 Mbit/s with framing)
[0;34m[Device: id=0] TX[0m: 1.49 Mpps, 762 Mbit/s (1000 Mbit/s with framing)
[1;36m[Device: id=0] RX[0m: 1.49 Mpps, 762 Mbit/s (1000 Mbit/s with framing)
[0;34m[Device: id=0] TX[0m: 1.49 Mpps, 762 Mbit/s (1000 Mbit/s with framing)
[1;36m[Device: id=0] RX[0m: 1.49 Mpps, 762 Mbit/s (1000 Mbit/s with framing)
[0;34m[Device: id=0] TX[0m: 1.49 Mpps, 762 Mbit/s (1000 Mbit/s with framing)
[1;36m[Device: id=0] RX[0m: 1.49 Mpps, 762 Mbit/s (1000 Mbit/s with framing)
[0;34m[Device: id=0] TX[0m: 1.49 Mpps, 762 Mbit/s (1000 Mbit/s with framing)
[1;36m[Device: id=0] RX[0m: 1.49 Mpps, 762 Mbit/s (1000 Mbit/s with framing)
[0;34m[Device: id=0] TX[0m: 1.49 Mpps, 762 Mbit/s (1000 Mbit/s with framing)
[1;36m[Device: id=0] RX[0m: 1.49 Mpps, 762 Mbit/s (1000 Mbit/s with framing)
[0;34m[Device: id=0] TX[0m: 1.49 Mpps, 762 Mbit/s (1000 Mbit/s with framing)
[1;36m[Device: id=0] RX[0m: 1.49 Mpps, 762 Mbit/s (1000 Mbit/s with framing)
[0;34m[Device: id=0] TX[0m: 1.49 Mpps, 762 Mbit/s (1000 Mbit/s with framing)
[1;36m[Device: id=0] RX[0m: 1.49 Mpps, 762 Mbit/s (1000 Mbit/s with framing)
[0;34m[Device: id=0] TX[0m: 1.49 Mpps, 762 Mbit/s (1000 Mbit/s with framing)
[1;36m[Device: id=0] RX[0m: 1.49 Mpps, 762 Mbit/s (1000 Mbit/s with framing)
[0;34m[Device: id=0] TX[0m: 1.49 Mpps, 762 Mbit/s (1000 Mbit/s with framing)
[1;36m[Device: id=0] RX[0m: 1.49 Mpps, 762 Mbit/s (1000 Mbit/s with framing)
[0;34m[Device: id=0] TX[0m: 1.49 Mpps, 762 Mbit/s (1000 Mbit/s with framing)
[1;36m[Device: id=0] RX[0m: 1.49 Mpps, 762 Mbit/s (1000 Mbit/s with framing)
[0;34m[Device: id=0] TX[0m: 1.49 Mpps, 762 Mbit/s (1000 Mbit/s with framing)
[1;36m[Device: id=0] RX[0m: 1.49 Mpps, 762 Mbit/s (1000 Mbit/s with framing)
[0;34m[Device: id=0] TX[0m: 1.49 Mpps, 762 Mbit/s (1000 Mbit/s with framing)
[1;36m[Device: id=0] RX[0m: 1.49 Mpps, 762 Mbit/s (1000 Mbit/s with framing)
[0;34m[Device: id=0] TX[0m: 1.49 Mpps, 762 Mbit/s (1000 Mbit/s with framing)
[1;36m[Device: id=0] RX[0m: 1.49 Mpps, 762 Mbit/s (1000 Mbit/s with framing)
[0;34m[Device: id=0] TX[0m: 1.49 Mpps, 762 Mbit/s (1000 Mbit/s with framing)
[1;36m[Device: id=0] RX[0m: 1.49 Mpps, 762 Mbit/s (1000 Mbit/s with framing)
[0;34m[Device: id=0] TX[0m: 1.49 Mpps, 762 Mbit/s (1000 Mbit/s with framing)
[1;36m[Device: id=0] RX[0m: 1.49 Mpps, 762 Mbit/s (1000 Mbit/s with framing)
[0;34m[Device: id=0] TX[0m: 1.49 Mpps, 762 Mbit/s (1000 Mbit/s with framing)
[1;36m[Device: id=0] RX[0m: 1.49 Mpps, 762 Mbit/s (1000 Mbit/s with framing)
[0;34m[Device: id=0] TX[0m: 1.49 Mpps, 762 Mbit/s (1000 Mbit/s with framing)
[1;36m[Device: id=0] RX[0m: 1.49 Mpps, 762 Mbit/s (1000 Mbit/s with framing)
[0;34m[Device: id=0] TX[0m: 1.49 Mpps, 762 Mbit/s (1000 Mbit/s with framing)
[1;36m[Device: id=0] RX[0m: 1.49 Mpps, 762 Mbit/s (1000 Mbit/s with framing)
[0;34m[Device: id=0] TX[0m: 1.49 Mpps, 762 Mbit/s (1000 Mbit/s with framing)
[1;36m[Device: id=0] RX[0m: 1.49 Mpps, 762 Mbit/s (1000 Mbit/s with framing)
[0;34m[Device: id=0] TX[0m: 1.49 Mpps, 762 Mbit/s (1000 Mbit/s with framing)
[1;36m[Device: id=0] RX[0m: 1.49 Mpps, 762 Mbit/s (1000 Mbit/s with framing)
[0;34m[Device: id=0] TX[0m: 1.49 Mpps, 762 Mbit/s (1000 Mbit/s with framing)
[1;36m[Device: id=0] RX[0m: 1.49 Mpps, 762 Mbit/s (1000 Mbit/s with framing)
[0;34m[Device: id=0] TX[0m: 1.49 Mpps, 762 Mbit/s (1000 Mbit/s with framing)
[1;36m[Device: id=0] RX[0m: 1.49 Mpps, 762 Mbit/s (1000 Mbit/s with framing)
[0;34m[Device: id=0] TX[0m: 1.49 Mpps, 762 Mbit/s (1000 Mbit/s with framing)
[1;36m[Device: id=0] RX[0m: 1.49 Mpps, 762 Mbit/s (1000 Mbit/s with framing)
[0;34m[Device: id=0] TX[0m: 1.49 Mpps, 762 Mbit/s (1000 Mbit/s with framing)
[1;36m[Device: id=0] RX[0m: 1.49 Mpps, 762 Mbit/s (1000 Mbit/s with framing)
[0;34m[Device: id=0] TX[0m: 1.49 Mpps, 762 Mbit/s (1000 Mbit/s with framing)
[1;36m[Device: id=0] RX[0m: 1.49 Mpps, 762 Mbit/s (1000 Mbit/s with framing)
[0;34m[Device: id=0] TX[0m: 1.49 Mpps, 762 Mbit/s (1000 Mbit/s with framing)
[1;36m[Device: id=0] RX[0m: 1.49 Mpps, 762 Mbit/s (1000 Mbit/s with framing)
[0;34m[Device: id=0] TX[0m: 1.49 Mpps, 762 Mbit/s (1000 Mbit/s with framing)
[1;36m[Device: id=0] RX[0m: 1.49 Mpps, 762 Mbit/s (1000 Mbit/s with framing)
[0;34m[Device: id=0] TX[0m: 1.49 Mpps, 762 Mbit/s (1000 Mbit/s with framing)
[1;36m[Device: id=0] RX[0m: 1.49 Mpps, 762 Mbit/s (1000 Mbit/s with framing)
[0;34m[Device: id=0] TX[0m: 1.49 Mpps, 762 Mbit/s (1000 Mbit/s with framing)
[1;36m[Device: id=0] RX[0m: 1.49 Mpps, 762 Mbit/s (1000 Mbit/s with framing)
[0;34m[Device: id=0] TX[0m: 1.49 Mpps, 762 Mbit/s (1000 Mbit/s with framing)
[1;36m[Device: id=0] RX[0m: 1.49 Mpps, 762 Mbit/s (1000 Mbit/s with framing)
[0;34m[Device: id=0] TX[0m: 1.49 Mpps, 762 Mbit/s (1000 Mbit/s with framing)
[1;36m[Device: id=0] RX[0m: 1.49 Mpps, 762 Mbit/s (1000 Mbit/s with framing)
[0;34m[Device: id=0] TX[0m: 1.49 Mpps, 762 Mbit/s (1000 Mbit/s with framing)
[1;36m[Device: id=0] RX[0m: 1.49 Mpps, 762 Mbit/s (1000 Mbit/s with framing)
[0;34m[Device: id=0] TX[0m: 1.49 Mpps, 762 Mbit/s (1000 Mbit/s with framing)
[1;36m[Device: id=0] RX[0m: 1.49 Mpps, 762 Mbit/s (1000 Mbit/s with framing)
[0;34m[Device: id=0] TX[0m: 1.49 Mpps, 762 Mbit/s (1000 Mbit/s with framing)
[1;36m[Device: id=0] RX[0m: 1.49 Mpps, 762 Mbit/s (1000 Mbit/s with framing)
[0;34m[Device: id=0] TX[0m: 1.49 Mpps, 762 Mbit/s (1000 Mbit/s with framing)
[1;36m[Device: id=0] RX[0m: 1.49 Mpps, 762 Mbit/s (1000 Mbit/s with framing)
[0;34m[Device: id=0] TX[0m: 1.49 Mpps, 762 Mbit/s (1000 Mbit/s with framing)
[1;36m[Device: id=0] RX[0m: 1.49 Mpps, 762 Mbit/s (1000 Mbit/s with framing)
[0;34m[Device: id=0] TX[0m: 1.49 Mpps, 762 Mbit/s (1000 Mbit/s with framing)
[1;36m[Device: id=0] RX[0m: 1.49 Mpps, 762 Mbit/s (1000 Mbit/s with framing)
[0;34m[Device: id=0] TX[0m: 1.49 Mpps, 762 Mbit/s (1000 Mbit/s with framing)
[1;36m[Device: id=0] RX[0m: 1.49 Mpps, 762 Mbit/s (1000 Mbit/s with framing)
[0;34m[Device: id=0] TX[0m: 1.49 Mpps, 762 Mbit/s (1000 Mbit/s with framing)
[1;36m[Device: id=0] RX[0m: 1.49 Mpps, 762 Mbit/s (1000 Mbit/s with framing)
[0;34m[Device: id=0] TX[0m: 1.49 Mpps, 762 Mbit/s (1000 Mbit/s with framing)
[1;36m[Device: id=0] RX[0m: 1.49 Mpps, 762 Mbit/s (1000 Mbit/s with framing)
[0;34m[Device: id=0] TX[0m: 1.49 Mpps, 762 Mbit/s (1000 Mbit/s with framing)
[1;36m[Device: id=0] RX[0m: 1.49 Mpps, 762 Mbit/s (1000 Mbit/s with framing)
[0;34m[Device: id=0] TX[0m: 1.49 Mpps, 762 Mbit/s (1000 Mbit/s with framing)
[1;36m[Device: id=0] RX[0m: 1.49 Mpps, 762 Mbit/s (1000 Mbit/s with framing)
[0;34m[Device: id=0] TX[0m: 1.49 Mpps, 762 Mbit/s (1000 Mbit/s with framing)
[1;36m[Device: id=0] RX[0m: 1.49 Mpps, 762 Mbit/s (1000 Mbit/s with framing)
[0;34m[Device: id=0] TX[0m: 1.49 Mpps, 762 Mbit/s (1000 Mbit/s with framing)
[1;36m[Device: id=0] RX[0m: 1.49 Mpps, 762 Mbit/s (1000 Mbit/s with framing)
[0;34m[Device: id=0] TX[0m: 1.49 Mpps, 762 Mbit/s (1000 Mbit/s with framing)
[1;36m[Device: id=0] RX[0m: 1.49 Mpps, 762 Mbit/s (1000 Mbit/s with framing)
[0;34m[Device: id=0] TX[0m: 1.49 Mpps, 762 Mbit/s (1000 Mbit/s with framing)
[1;36m[Device: id=0] RX[0m: 1.49 Mpps, 762 Mbit/s (1000 Mbit/s with framing)
[0;34m[Device: id=0] TX[0m: 1.49 Mpps, 762 Mbit/s (1000 Mbit/s with framing)
[1;36m[Device: id=0] RX[0m: 1.49 Mpps, 762 Mbit/s (1000 Mbit/s with framing)
[0;34m[Device: id=0] TX[0m: 1.49 Mpps, 762 Mbit/s (1000 Mbit/s with framing)
[1;36m[Device: id=0] RX[0m: 1.49 Mpps, 762 Mbit/s (1000 Mbit/s with framing)
[0;34m[Device: id=0] TX[0m: 1.49 Mpps, 762 Mbit/s (1000 Mbit/s with framing)
[1;36m[Device: id=0] RX[0m: 1.49 Mpps, 762 Mbit/s (1000 Mbit/s with framing)
[0;34m[Device: id=0] TX[0m: 1.49 Mpps, 762 Mbit/s (1000 Mbit/s with framing)
[1;36m[Device: id=0] RX[0m: 1.49 Mpps, 762 Mbit/s (1000 Mbit/s with framing)
[0;34m[Device: id=0] TX[0m: 1.49 Mpps, 762 Mbit/s (1000 Mbit/s with framing)
[1;36m[Device: id=0] RX[0m: 1.49 Mpps, 762 Mbit/s (1000 Mbit/s with framing)
[0;34m[Device: id=0] TX[0m: 1.49 Mpps, 762 Mbit/s (1000 Mbit/s with framing)
[1;36m[Device: id=0] RX[0m: 1.49 Mpps, 762 Mbit/s (1000 Mbit/s with framing)
[0;34m[Device: id=0] TX[0m: 1.49 Mpps, 762 Mbit/s (1000 Mbit/s with framing)
[1;36m[Device: id=0] RX[0m: 1.49 Mpps, 762 Mbit/s (1000 Mbit/s with framing)
[0;34m[Device: id=0] TX[0m: 1.49 Mpps, 762 Mbit/s (1000 Mbit/s with framing)
[1;36m[Device: id=0] RX[0m: 1.49 Mpps, 762 Mbit/s (1000 Mbit/s with framing)
[0;34m[Device: id=0] TX[0m: 1.49 Mpps, 762 Mbit/s (1000 Mbit/s with framing)
[1;36m[Device: id=0] RX[0m: 1.49 Mpps, 762 Mbit/s (1000 Mbit/s with framing)
[0;34m[Device: id=0] TX[0m: 1.49 Mpps, 762 Mbit/s (1000 Mbit/s with framing)
[1;36m[Device: id=0] RX[0m: 1.49 Mpps, 762 Mbit/s (1000 Mbit/s with framing)
[0;34m[Device: id=0] TX[0m: 1.49 Mpps, 762 Mbit/s (1000 Mbit/s with framing)
[1;36m[Device: id=0] RX[0m: 1.49 Mpps, 762 Mbit/s (1000 Mbit/s with framing)
[0;34m[Device: id=0] TX[0m: 1.49 Mpps, 762 Mbit/s (1000 Mbit/s with framing)
[1;36m[Device: id=0] RX[0m: 1.49 Mpps, 762 Mbit/s (1000 Mbit/s with framing)
[0;34m[Device: id=0] TX[0m: 1.49 Mpps, 762 Mbit/s (1000 Mbit/s with framing)
[1;36m[Device: id=0] RX[0m: 1.49 Mpps, 762 Mbit/s (1000 Mbit/s with framing)
[0;34m[Device: id=0] TX[0m: 1.49 Mpps, 762 Mbit/s (1000 Mbit/s with framing)
[1;36m[Device: id=0] RX[0m: 1.49 Mpps, 762 Mbit/s (1000 Mbit/s with framing)
[0;34m[Device: id=0] TX[0m: 1.49 Mpps, 762 Mbit/s (1000 Mbit/s with framing)
[1;36m[Device: id=0] RX[0m: 1.49 Mpps, 762 Mbit/s (1000 Mbit/s with framing)
[0;34m[Device: id=0] TX[0m: 1.49 Mpps, 762 Mbit/s (1000 Mbit/s with framing)
[1;36m[Device: id=0] RX[0m: 1.49 Mpps, 762 Mbit/s (1000 Mbit/s with framing)
[0;34m[Device: id=0] TX[0m: 1.49 Mpps, 762 Mbit/s (1000 Mbit/s with framing)
[1;36m[Device: id=0] RX[0m: 1.49 Mpps, 762 Mbit/s (1000 Mbit/s with framing)
[0;34m[Device: id=0] TX[0m: 1.49 Mpps, 762 Mbit/s (1000 Mbit/s with framing)
[1;36m[Device: id=0] RX[0m: 1.49 Mpps, 762 Mbit/s (1000 Mbit/s with framing)
[0;34m[Device: id=0] TX[0m: 1.49 Mpps, 762 Mbit/s (1000 Mbit/s with framing)
[1;36m[Device: id=0] RX[0m: 1.49 Mpps, 762 Mbit/s (1000 Mbit/s with framing)
[0;34m[Device: id=0] TX[0m: 1.49 Mpps, 762 Mbit/s (1000 Mbit/s with framing)
[1;36m[Device: id=0] RX[0m: 1.49 Mpps, 762 Mbit/s (1000 Mbit/s with framing)
[0;34m[Device: id=0] TX[0m: 1.49 Mpps, 762 Mbit/s (1000 Mbit/s with framing)
[1;36m[Device: id=0] RX[0m: 1.49 Mpps, 762 Mbit/s (1000 Mbit/s with framing)
[0;34m[Device: id=0] TX[0m: 1.49 Mpps, 762 Mbit/s (1000 Mbit/s with framing)
[1;36m[Device: id=0] RX[0m: 1.49 Mpps, 762 Mbit/s (1000 Mbit/s with framing)
[0;34m[Device: id=0] TX[0m: 1.49 Mpps, 762 Mbit/s (1000 Mbit/s with framing)
[1;36m[Device: id=0] RX[0m: 1.49 Mpps, 762 Mbit/s (1000 Mbit/s with framing)
[0;34m[Device: id=0] TX[0m: 1.49 Mpps, 762 Mbit/s (1000 Mbit/s with framing)
[1;36m[Device: id=0] RX[0m: 1.49 Mpps, 762 Mbit/s (1000 Mbit/s with framing)
[0;34m[Device: id=0] TX[0m: 1.49 Mpps, 762 Mbit/s (1000 Mbit/s with framing)
[1;36m[Device: id=0] RX[0m: 1.49 Mpps, 762 Mbit/s (1000 Mbit/s with framing)
[0;34m[Device: id=0] TX[0m: 1.49 Mpps, 762 Mbit/s (1000 Mbit/s with framing)
[1;36m[Device: id=0] RX[0m: 1.49 Mpps, 762 Mbit/s (1000 Mbit/s with framing)
[0;34m[Device: id=0] TX[0m: 1.49 Mpps, 762 Mbit/s (1000 Mbit/s with framing)
[1;36m[Device: id=0] RX[0m: 1.49 Mpps, 762 Mbit/s (1000 Mbit/s with framing)
[0;34m[Device: id=0] TX[0m: 1.49 Mpps, 762 Mbit/s (1000 Mbit/s with framing)
[1;36m[Device: id=0] RX[0m: 1.49 Mpps, 762 Mbit/s (1000 Mbit/s with framing)
[0;34m[Device: id=0] TX[0m: 1.49 Mpps, 762 Mbit/s (1000 Mbit/s with framing)
[1;36m[Device: id=0] RX[0m: 1.49 Mpps, 762 Mbit/s (1000 Mbit/s with framing)
[0;34m[Device: id=0] TX[0m: 1.49 Mpps, 762 Mbit/s (1000 Mbit/s with framing)
[1;36m[Device: id=0] RX[0m: 1.49 Mpps, 762 Mbit/s (1000 Mbit/s with framing)
[0;34m[Device: id=0] TX[0m: 1.49 Mpps, 762 Mbit/s (1000 Mbit/s with framing)
[1;36m[Device: id=0] RX[0m: 1.49 Mpps, 762 Mbit/s (1000 Mbit/s with framing)
[0;34m[Device: id=0] TX[0m: 1.49 Mpps, 762 Mbit/s (1000 Mbit/s with framing)
[1;36m[Device: id=0] RX[0m: 1.49 Mpps, 762 Mbit/s (1000 Mbit/s with framing)
[0;34m[Device: id=0] TX[0m: 1.49 Mpps, 762 Mbit/s (1000 Mbit/s with framing)
[1;36m[Device: id=0] RX[0m: 1.49 Mpps, 762 Mbit/s (1000 Mbit/s with framing)
[0;34m[Device: id=0] TX[0m: 1.49 Mpps, 762 Mbit/s (1000 Mbit/s with framing)
[1;36m[Device: id=0] RX[0m: 1.49 Mpps, 762 Mbit/s (1000 Mbit/s with framing)
[0;34m[Device: id=0] TX[0m: 1.49 Mpps, 762 Mbit/s (1000 Mbit/s with framing)
[1;36m[Device: id=0] RX[0m: 1.49 Mpps, 762 Mbit/s (1000 Mbit/s with framing)
[0;34m[Device: id=0] TX[0m: 1.49 Mpps, 762 Mbit/s (1000 Mbit/s with framing)
[1;36m[Device: id=0] RX[0m: 1.49 Mpps, 762 Mbit/s (1000 Mbit/s with framing)
[0;34m[Device: id=0] TX[0m: 1.49 Mpps, 762 Mbit/s (1000 Mbit/s with framing)
[1;36m[Device: id=0] RX[0m: 1.49 Mpps, 762 Mbit/s (1000 Mbit/s with framing)
[0;34m[Device: id=0] TX[0m: 1.49 Mpps, 762 Mbit/s (1000 Mbit/s with framing)
[1;36m[Device: id=0] RX[0m: 1.49 Mpps, 762 Mbit/s (1000 Mbit/s with framing)
[0;34m[Device: id=0] TX[0m: 1.49 Mpps, 762 Mbit/s (1000 Mbit/s with framing)
[1;36m[Device: id=0] RX[0m: 1.49 Mpps, 762 Mbit/s (1000 Mbit/s with framing)
[0;34m[Device: id=0] TX[0m: 1.49 Mpps, 762 Mbit/s (1000 Mbit/s with framing)
[1;36m[Device: id=0] RX[0m: 1.49 Mpps, 762 Mbit/s (1000 Mbit/s with framing)
[0;34m[Device: id=0] TX[0m: 1.49 Mpps, 762 Mbit/s (1000 Mbit/s with framing)
[1;36m[Device: id=0] RX[0m: 1.49 Mpps, 762 Mbit/s (1000 Mbit/s with framing)
[0;34m[Device: id=0] TX[0m: 1.49 Mpps, 762 Mbit/s (1000 Mbit/s with framing)
[1;36m[Device: id=0] RX[0m: 1.49 Mpps, 762 Mbit/s (1000 Mbit/s with framing)
[0;34m[Device: id=0] TX[0m: 1.49 Mpps, 762 Mbit/s (1000 Mbit/s with framing)
[1;36m[Device: id=0] RX[0m: 1.49 Mpps, 762 Mbit/s (1000 Mbit/s with framing)
[0;34m[Device: id=0] TX[0m: 1.49 Mpps, 762 Mbit/s (1000 Mbit/s with framing)
[1;36m[Device: id=0] RX[0m: 1.49 Mpps, 762 Mbit/s (1000 Mbit/s with framing)
[0;34m[Device: id=0] TX[0m: 1.49 Mpps, 762 Mbit/s (1000 Mbit/s with framing)
[1;36m[Device: id=0] RX[0m: 1.49 Mpps, 762 Mbit/s (1000 Mbit/s with framing)
[0;34m[Device: id=0] TX[0m: 1.49 Mpps, 762 Mbit/s (1000 Mbit/s with framing)
[1;36m[Device: id=0] RX[0m: 1.49 Mpps, 762 Mbit/s (1000 Mbit/s with framing)
[0;34m[Device: id=0] TX[0m: 1.49 Mpps, 762 Mbit/s (1000 Mbit/s with framing)
[1;36m[Device: id=0] RX[0m: 1.49 Mpps, 762 Mbit/s (1000 Mbit/s with framing)
[0;34m[Device: id=0] TX[0m: 1.49 Mpps, 762 Mbit/s (1000 Mbit/s with framing)
[1;36m[Device: id=0] RX[0m: 1.49 Mpps, 762 Mbit/s (1000 Mbit/s with framing)
[0;34m[Device: id=0] TX[0m: 1.49 Mpps, 762 Mbit/s (1000 Mbit/s with framing)
[1;36m[Device: id=0] RX[0m: 1.49 Mpps, 762 Mbit/s (1000 Mbit/s with framing)
[0;34m[Device: id=0] TX[0m: 1.49 Mpps, 762 Mbit/s (1000 Mbit/s with framing)
[1;36m[Device: id=0] RX[0m: 1.49 Mpps, 762 Mbit/s (1000 Mbit/s with framing)
[0;34m[Device: id=0] TX[0m: 1.49 Mpps, 762 Mbit/s (1000 Mbit/s with framing)
[1;36m[Device: id=0] RX[0m: 1.49 Mpps, 762 Mbit/s (1000 Mbit/s with framing)
[0;34m[Device: id=0] TX[0m: 1.49 Mpps, 762 Mbit/s (1000 Mbit/s with framing)
[1;36m[Device: id=0] RX[0m: 1.49 Mpps, 762 Mbit/s (1000 Mbit/s with framing)
[0;34m[Device: id=0] TX[0m: 1.49 Mpps, 762 Mbit/s (1000 Mbit/s with framing)
[1;36m[Device: id=0] RX[0m: 1.49 Mpps, 762 Mbit/s (1000 Mbit/s with framing)
[0;34m[Device: id=0] TX[0m: 1.49 Mpps, 762 Mbit/s (1000 Mbit/s with framing)
[1;36m[Device: id=0] RX[0m: 1.49 Mpps, 762 Mbit/s (1000 Mbit/s with framing)
[0;34m[Device: id=0] TX[0m: 1.49 Mpps, 762 Mbit/s (1000 Mbit/s with framing)
[1;36m[Device: id=0] RX[0m: 1.49 Mpps, 762 Mbit/s (1000 Mbit/s with framing)
[0;34m[Device: id=0] TX[0m: 1.49 Mpps, 762 Mbit/s (1000 Mbit/s with framing)
[1;36m[Device: id=0] RX[0m: 1.49 Mpps, 762 Mbit/s (1000 Mbit/s with framing)
[0;34m[Device: id=0] TX[0m: 1.49 Mpps, 762 Mbit/s (1000 Mbit/s with framing)
[1;36m[Device: id=0] RX[0m: 1.49 Mpps, 762 Mbit/s (1000 Mbit/s with framing)
[0;34m[Device: id=0] TX[0m: 1.49 Mpps, 762 Mbit/s (1000 Mbit/s with framing)
[1;36m[Device: id=0] RX[0m: 1.49 Mpps, 762 Mbit/s (1000 Mbit/s with framing)
[0;34m[Device: id=0] TX[0m: 1.49 Mpps, 762 Mbit/s (1000 Mbit/s with framing)
[1;36m[Device: id=0] RX[0m: 1.49 Mpps, 762 Mbit/s (1000 Mbit/s with framing)
[0;34m[Device: id=0] TX[0m: 1.49 Mpps, 762 Mbit/s (1000 Mbit/s with framing)
[1;36m[Device: id=0] RX[0m: 1.49 Mpps, 762 Mbit/s (1000 Mbit/s with framing)
[0;34m[Device: id=0] TX[0m: 1.49 Mpps, 762 Mbit/s (1000 Mbit/s with framing)
[1;36m[Device: id=0] RX[0m: 1.49 Mpps, 762 Mbit/s (1000 Mbit/s with framing)
[0;34m[Device: id=0] TX[0m: 1.49 Mpps, 762 Mbit/s (1000 Mbit/s with framing)
[1;36m[Device: id=0] RX[0m: 1.49 Mpps, 762 Mbit/s (1000 Mbit/s with framing)
[0;34m[Device: id=0] TX[0m: 1.49 Mpps, 762 Mbit/s (1000 Mbit/s with framing)
[1;36m[Device: id=0] RX[0m: 1.49 Mpps, 762 Mbit/s (1000 Mbit/s with framing)
[0;34m[Device: id=0] TX[0m: 1.49 Mpps, 762 Mbit/s (1000 Mbit/s with framing)
[1;36m[Device: id=0] RX[0m: 1.49 Mpps, 762 Mbit/s (1000 Mbit/s with framing)
[0;34m[Device: id=0] TX[0m: 1.49 Mpps, 762 Mbit/s (1000 Mbit/s with framing)
[1;36m[Device: id=0] RX[0m: 1.49 Mpps, 762 Mbit/s (1000 Mbit/s with framing)
[0;34m[Device: id=0] TX[0m: 1.49 Mpps, 762 Mbit/s (1000 Mbit/s with framing)
[1;36m[Device: id=0] RX[0m: 1.49 Mpps, 762 Mbit/s (1000 Mbit/s with framing)
[0;34m[Device: id=0] TX[0m: 1.49 Mpps, 762 Mbit/s (1000 Mbit/s with framing)
[1;36m[Device: id=0] RX[0m: 1.49 Mpps, 762 Mbit/s (1000 Mbit/s with framing)
[0;34m[Device: id=0] TX[0m: 1.49 Mpps, 762 Mbit/s (1000 Mbit/s with framing)
[1;36m[Device: id=0] RX[0m: 1.49 Mpps, 762 Mbit/s (1000 Mbit/s with framing)
[0;34m[Device: id=0] TX[0m: 1.49 Mpps, 762 Mbit/s (1000 Mbit/s with framing)
[1;36m[Device: id=0] RX[0m: 1.49 Mpps, 762 Mbit/s (1000 Mbit/s with framing)
[0;34m[Device: id=0] TX[0m: 1.49 Mpps, 762 Mbit/s (1000 Mbit/s with framing)
[1;36m[Device: id=0] RX[0m: 1.49 Mpps, 762 Mbit/s (1000 Mbit/s with framing)
[0;34m[Device: id=0] TX[0m: 1.49 Mpps, 762 Mbit/s (1000 Mbit/s with framing)
[1;36m[Device: id=0] RX[0m: 1.49 Mpps, 762 Mbit/s (1000 Mbit/s with framing)
[0;34m[Device: id=0] TX[0m: 1.49 Mpps, 762 Mbit/s (1000 Mbit/s with framing)
[1;36m[Device: id=0] RX[0m: 1.49 Mpps, 762 Mbit/s (1000 Mbit/s with framing)
[0;34m[Device: id=0] TX[0m: 1.49 Mpps, 762 Mbit/s (1000 Mbit/s with framing)
[1;36m[Device: id=0] RX[0m: 1.49 Mpps, 762 Mbit/s (1000 Mbit/s with framing)
[0;34m[Device: id=0] TX[0m: 1.49 Mpps, 762 Mbit/s (1000 Mbit/s with framing)
[1;36m[Device: id=0] RX[0m: 1.49 Mpps, 762 Mbit/s (1000 Mbit/s with framing)
[0;34m[Device: id=0] TX[0m: 1.49 Mpps, 762 Mbit/s (1000 Mbit/s with framing)
[1;36m[Device: id=0] RX[0m: 1.49 Mpps, 762 Mbit/s (1000 Mbit/s with framing)
[0;34m[Device: id=0] TX[0m: 1.49 Mpps, 762 Mbit/s (1000 Mbit/s with framing)
[1;36m[Device: id=0] RX[0m: 1.49 Mpps, 762 Mbit/s (1000 Mbit/s with framing)
[0;34m[Device: id=0] TX[0m: 1.49 Mpps, 762 Mbit/s (1000 Mbit/s with framing)
[1;36m[Device: id=0] RX[0m: 1.49 Mpps, 762 Mbit/s (1000 Mbit/s with framing)
[0;34m[Device: id=0] TX[0m: 1.49 Mpps, 762 Mbit/s (1000 Mbit/s with framing)
[1;36m[Device: id=0] RX[0m: 1.49 Mpps, 762 Mbit/s (1000 Mbit/s with framing)
[0;34m[Device: id=0] TX[0m: 1.49 Mpps, 762 Mbit/s (1000 Mbit/s with framing)
[1;36m[Device: id=0] RX[0m: 1.49 Mpps, 762 Mbit/s (1000 Mbit/s with framing)
[0;34m[Device: id=0] TX[0m: 1.49 Mpps, 762 Mbit/s (1000 Mbit/s with framing)
[1;36m[Device: id=0] RX[0m: 1.49 Mpps, 762 Mbit/s (1000 Mbit/s with framing)
[0;34m[Device: id=0] TX[0m: 1.49 Mpps, 762 Mbit/s (1000 Mbit/s with framing)
[1;36m[Device: id=0] RX[0m: 1.49 Mpps, 762 Mbit/s (1000 Mbit/s with framing)
[0;34m[Device: id=0] TX[0m: 1.49 Mpps, 762 Mbit/s (1000 Mbit/s with framing)
[1;36m[Device: id=0] RX[0m: 1.49 Mpps, 762 Mbit/s (1000 Mbit/s with framing)
[0;34m[Device: id=0] TX[0m: 1.49 Mpps, 762 Mbit/s (1000 Mbit/s with framing)
[1;36m[Device: id=0] RX[0m: 1.49 Mpps, 762 Mbit/s (1000 Mbit/s with framing)
[0;34m[Device: id=0] TX[0m: 1.49 Mpps, 762 Mbit/s (1000 Mbit/s with framing)
[1;36m[Device: id=0] RX[0m: 1.49 Mpps, 762 Mbit/s (1000 Mbit/s with framing)
[0;34m[Device: id=0] TX[0m: 1.49 Mpps, 762 Mbit/s (1000 Mbit/s with framing)
[1;36m[Device: id=0] RX[0m: 1.49 Mpps, 762 Mbit/s (1000 Mbit/s with framing)
[0;34m[Device: id=0] TX[0m: 1.49 Mpps, 762 Mbit/s (1000 Mbit/s with framing)
[1;36m[Device: id=0] RX[0m: 1.49 Mpps, 762 Mbit/s (1000 Mbit/s with framing)
[0;34m[Device: id=0] TX[0m: 1.49 Mpps, 762 Mbit/s (1000 Mbit/s with framing)
[1;36m[Device: id=0] RX[0m: 1.49 Mpps, 762 Mbit/s (1000 Mbit/s with framing)
[0;34m[Device: id=0] TX[0m: 1.49 Mpps, 762 Mbit/s (1000 Mbit/s with framing)
[1;36m[Device: id=0] RX[0m: 1.49 Mpps, 762 Mbit/s (1000 Mbit/s with framing)
[0;34m[Device: id=0] TX[0m: 1.49 Mpps, 762 Mbit/s (1000 Mbit/s with framing)
[1;36m[Device: id=0] RX[0m: 1.49 Mpps, 762 Mbit/s (1000 Mbit/s with framing)
[0;34m[Device: id=0] TX[0m: 1.49 Mpps, 762 Mbit/s (1000 Mbit/s with framing)
[1;36m[Device: id=0] RX[0m: 1.49 Mpps, 762 Mbit/s (1000 Mbit/s with framing)
[0;34m[Device: id=0] TX[0m: 1.49 Mpps, 762 Mbit/s (1000 Mbit/s with framing)
[1;36m[Device: id=0] RX[0m: 1.49 Mpps, 762 Mbit/s (1000 Mbit/s with framing)
[0;34m[Device: id=0] TX[0m: 1.49 Mpps, 762 Mbit/s (1000 Mbit/s with framing)
[1;36m[Device: id=0] RX[0m: 1.49 Mpps, 762 Mbit/s (1000 Mbit/s with framing)
[0;34m[Device: id=0] TX[0m: 1.49 Mpps, 762 Mbit/s (1000 Mbit/s with framing)
[1;36m[Device: id=0] RX[0m: 1.49 Mpps, 762 Mbit/s (1000 Mbit/s with framing)
[0;34m[Device: id=0] TX[0m: 1.49 Mpps, 762 Mbit/s (1000 Mbit/s with framing)
[1;36m[Device: id=0] RX[0m: 1.49 Mpps, 762 Mbit/s (1000 Mbit/s with framing)
[0;34m[Device: id=0] TX[0m: 1.49 Mpps, 762 Mbit/s (1000 Mbit/s with framing)
[1;36m[Device: id=0] RX[0m: 1.49 Mpps, 762 Mbit/s (1000 Mbit/s with framing)
[0;34m[Device: id=0] TX[0m: 1.49 Mpps, 762 Mbit/s (1000 Mbit/s with framing)
[1;36m[Device: id=0] RX[0m: 1.49 Mpps, 762 Mbit/s (1000 Mbit/s with framing)
[0;34m[Device: id=0] TX[0m: 1.49 Mpps, 762 Mbit/s (1000 Mbit/s with framing)
[1;36m[Device: id=0] RX[0m: 1.49 Mpps, 762 Mbit/s (1000 Mbit/s with framing)
[0;34m[Device: id=0] TX[0m: 1.49 Mpps, 762 Mbit/s (1000 Mbit/s with framing)
[1;36m[Device: id=0] RX[0m: 1.49 Mpps, 762 Mbit/s (1000 Mbit/s with framing)
[0;34m[Device: id=0] TX[0m: 1.49 Mpps, 762 Mbit/s (1000 Mbit/s with framing)
[1;36m[Device: id=0] RX[0m: 1.49 Mpps, 762 Mbit/s (1000 Mbit/s with framing)
[0;34m[Device: id=0] TX[0m: 1.49 Mpps, 762 Mbit/s (1000 Mbit/s with framing)
[1;36m[Device: id=0] RX[0m: 1.49 Mpps, 762 Mbit/s (1000 Mbit/s with framing)
[0;34m[Device: id=0] TX[0m: 1.49 Mpps, 762 Mbit/s (1000 Mbit/s with framing)
[1;36m[Device: id=0] RX[0m: 1.49 Mpps, 762 Mbit/s (1000 Mbit/s with framing)
[0;34m[Device: id=0] TX[0m: 1.49 Mpps, 762 Mbit/s (1000 Mbit/s with framing)
[1;36m[Device: id=0] RX[0m: 1.49 Mpps, 762 Mbit/s (1000 Mbit/s with framing)
[0;34m[Device: id=0] TX[0m: 1.49 Mpps, 762 Mbit/s (1000 Mbit/s with framing)
[1;36m[Device: id=0] RX[0m: 1.49 Mpps, 762 Mbit/s (1000 Mbit/s with framing)
[0;34m[Device: id=0] TX[0m: 1.49 Mpps, 762 Mbit/s (1000 Mbit/s with framing)
[1;36m[Device: id=0] RX[0m: 1.49 Mpps, 762 Mbit/s (1000 Mbit/s with framing)
[0;34m[Device: id=0] TX[0m: 1.49 Mpps, 762 Mbit/s (1000 Mbit/s with framing)
[1;36m[Device: id=0] RX[0m: 1.49 Mpps, 762 Mbit/s (1000 Mbit/s with framing)
[0;34m[Device: id=0] TX[0m: 1.49 Mpps, 762 Mbit/s (1000 Mbit/s with framing)
[1;36m[Device: id=0] RX[0m: 1.49 Mpps, 762 Mbit/s (1000 Mbit/s with framing)
[0;34m[Device: id=0] TX[0m: 1.49 Mpps, 762 Mbit/s (1000 Mbit/s with framing)
[1;36m[Device: id=0] RX[0m: 1.49 Mpps, 762 Mbit/s (1000 Mbit/s with framing)
[0;34m[Device: id=0] TX[0m: 1.49 Mpps, 762 Mbit/s (1000 Mbit/s with framing)
[1;36m[Device: id=0] RX[0m: 1.49 Mpps, 762 Mbit/s (1000 Mbit/s with framing)
[0;34m[Device: id=0] TX[0m: 1.49 Mpps, 762 Mbit/s (1000 Mbit/s with framing)
[1;36m[Device: id=0] RX[0m: 1.49 Mpps, 762 Mbit/s (1000 Mbit/s with framing)
[0;34m[Device: id=0] TX[0m: 1.49 Mpps, 762 Mbit/s (1000 Mbit/s with framing)
[1;36m[Device: id=0] RX[0m: 1.49 Mpps, 762 Mbit/s (1000 Mbit/s with framing)
[0;34m[Device: id=0] TX[0m: 1.49 Mpps, 762 Mbit/s (1000 Mbit/s with framing)
[1;36m[Device: id=0] RX[0m: 1.49 Mpps, 762 Mbit/s (1000 Mbit/s with framing)
[0;34m[Device: id=0] TX[0m: 1.49 Mpps, 762 Mbit/s (1000 Mbit/s with framing)
[1;36m[Device: id=0] RX[0m: 1.49 Mpps, 762 Mbit/s (1000 Mbit/s with framing)
[0;34m[Device: id=0] TX[0m: 1.49 Mpps, 762 Mbit/s (1000 Mbit/s with framing)
[1;36m[Device: id=0] RX[0m: 1.49 Mpps, 762 Mbit/s (1000 Mbit/s with framing)
[0;34m[Device: id=0] TX[0m: 1.49 Mpps, 762 Mbit/s (1000 Mbit/s with framing)
[1;36m[Device: id=0] RX[0m: 1.49 Mpps, 762 Mbit/s (1000 Mbit/s with framing)
[0;34m[Device: id=0] TX[0m: 1.49 Mpps, 762 Mbit/s (1000 Mbit/s with framing)
[1;36m[Device: id=0] RX[0m: 1.49 Mpps, 762 Mbit/s (1000 Mbit/s with framing)
[0;34m[Device: id=0] TX[0m: 1.49 Mpps, 762 Mbit/s (1000 Mbit/s with framing)
[1;36m[Device: id=0] RX[0m: 1.49 Mpps, 762 Mbit/s (1000 Mbit/s with framing)
[0;34m[Device: id=0] TX[0m: 1.49 Mpps, 762 Mbit/s (1000 Mbit/s with framing)
[1;36m[Device: id=0] RX[0m: 1.49 Mpps, 762 Mbit/s (1000 Mbit/s with framing)
[0;34m[Device: id=0] TX[0m: 1.49 Mpps, 762 Mbit/s (1000 Mbit/s with framing)
[1;36m[Device: id=0] RX[0m: 1.49 Mpps, 762 Mbit/s (1000 Mbit/s with framing)
[0;34m[Device: id=0] TX[0m: 1.49 Mpps, 762 Mbit/s (1000 Mbit/s with framing)
[1;36m[Device: id=0] RX[0m: 1.49 Mpps, 762 Mbit/s (1000 Mbit/s with framing)
[0;34m[Device: id=0] TX[0m: 1.49 Mpps, 762 Mbit/s (1000 Mbit/s with framing)
[1;36m[Device: id=0] RX[0m: 1.49 Mpps, 762 Mbit/s (1000 Mbit/s with framing)
[0;34m[Device: id=0] TX[0m: 1.49 Mpps, 762 Mbit/s (1000 Mbit/s with framing)
[1;36m[Device: id=0] RX[0m: 1.49 Mpps, 762 Mbit/s (1000 Mbit/s with framing)
[0;34m[Device: id=0] TX[0m: 1.49 Mpps, 762 Mbit/s (1000 Mbit/s with framing)
[1;36m[Device: id=0] RX[0m: 1.49 Mpps, 762 Mbit/s (1000 Mbit/s with framing)
[0;34m[Device: id=0] TX[0m: 1.49 Mpps, 762 Mbit/s (1000 Mbit/s with framing)
[1;36m[Device: id=0] RX[0m: 1.49 Mpps, 762 Mbit/s (1000 Mbit/s with framing)
[0;34m[Device: id=0] TX[0m: 1.49 Mpps, 762 Mbit/s (1000 Mbit/s with framing)
[1;36m[Device: id=0] RX[0m: 1.49 Mpps, 762 Mbit/s (1000 Mbit/s with framing)
[0;34m[Device: id=0] TX[0m: 1.49 Mpps, 762 Mbit/s (1000 Mbit/s with framing)
[1;36m[Device: id=0] RX[0m: 1.49 Mpps, 762 Mbit/s (1000 Mbit/s with framing)
[0;34m[Device: id=0] TX[0m: 1.49 Mpps, 762 Mbit/s (1000 Mbit/s with framing)
[1;36m[Device: id=0] RX[0m: 1.49 Mpps, 762 Mbit/s (1000 Mbit/s with framing)
[0;34m[Device: id=0] TX[0m: 1.49 Mpps, 762 Mbit/s (1000 Mbit/s with framing)
[1;36m[Device: id=0] RX[0m: 1.49 Mpps, 762 Mbit/s (1000 Mbit/s with framing)
[0;34m[Device: id=0] TX[0m: 1.49 Mpps, 762 Mbit/s (1000 Mbit/s with framing)
[1;36m[Device: id=0] RX[0m: 1.49 Mpps, 762 Mbit/s (1000 Mbit/s with framing)
[0;34m[Device: id=0] TX[0m: 1.49 Mpps, 762 Mbit/s (1000 Mbit/s with framing)
[1;36m[Device: id=0] RX[0m: 1.49 Mpps, 762 Mbit/s (1000 Mbit/s with framing)
[0;34m[Device: id=0] TX[0m: 1.49 Mpps, 762 Mbit/s (1000 Mbit/s with framing)
[1;36m[Device: id=0] RX[0m: 1.49 Mpps, 762 Mbit/s (1000 Mbit/s with framing)
[0;34m[Device: id=0] TX[0m: 1.49 Mpps, 762 Mbit/s (1000 Mbit/s with framing)
[1;36m[Device: id=0] RX[0m: 1.49 Mpps, 762 Mbit/s (1000 Mbit/s with framing)
[0;34m[Device: id=0] TX[0m: 1.49 Mpps, 762 Mbit/s (1000 Mbit/s with framing)
[1;36m[Device: id=0] RX[0m: 1.49 Mpps, 762 Mbit/s (1000 Mbit/s with framing)
[0;34m[Device: id=0] TX[0m: 1.49 Mpps, 762 Mbit/s (1000 Mbit/s with framing)
[1;36m[Device: id=0] RX[0m: 1.49 Mpps, 762 Mbit/s (1000 Mbit/s with framing)
[0;34m[Device: id=0] TX[0m: 1.49 Mpps, 762 Mbit/s (1000 Mbit/s with framing)
[1;36m[Device: id=0] RX[0m: 1.49 Mpps, 762 Mbit/s (1000 Mbit/s with framing)
[0;34m[Device: id=0] TX[0m: 1.49 Mpps, 762 Mbit/s (1000 Mbit/s with framing)
[1;36m[Device: id=0] RX[0m: 1.49 Mpps, 762 Mbit/s (1000 Mbit/s with framing)
[0;34m[Device: id=0] TX[0m: 1.49 Mpps, 762 Mbit/s (1000 Mbit/s with framing)
[1;36m[Device: id=0] RX[0m: 1.49 Mpps, 762 Mbit/s (1000 Mbit/s with framing)
[0;34m[Device: id=0] TX[0m: 1.49 Mpps, 762 Mbit/s (1000 Mbit/s with framing)
[1;36m[Device: id=0] RX[0m: 1.49 Mpps, 762 Mbit/s (1000 Mbit/s with framing)
[0;34m[Device: id=0] TX[0m: 1.49 Mpps, 762 Mbit/s (1000 Mbit/s with framing)
[1;36m[Device: id=0] RX[0m: 1.49 Mpps, 762 Mbit/s (1000 Mbit/s with framing)
[0;34m[Device: id=0] TX[0m: 1.49 Mpps, 762 Mbit/s (1000 Mbit/s with framing)
[1;36m[Device: id=0] RX[0m: 1.49 Mpps, 762 Mbit/s (1000 Mbit/s with framing)
[0;34m[Device: id=0] TX[0m: 1.49 Mpps, 762 Mbit/s (1000 Mbit/s with framing)
[1;36m[Device: id=0] RX[0m: 1.49 Mpps, 762 Mbit/s (1000 Mbit/s with framing)
[0;34m[Device: id=0] TX[0m: 1.49 Mpps, 762 Mbit/s (1000 Mbit/s with framing)
[1;36m[Device: id=0] RX[0m: 1.49 Mpps, 762 Mbit/s (1000 Mbit/s with framing)
[0;34m[Device: id=0] TX[0m: 1.49 Mpps, 762 Mbit/s (1000 Mbit/s with framing)
[1;36m[Device: id=0] RX[0m: 1.49 Mpps, 762 Mbit/s (1000 Mbit/s with framing)
[0;34m[Device: id=0] TX[0m: 1.49 Mpps, 762 Mbit/s (1000 Mbit/s with framing)
[1;36m[Device: id=0] RX[0m: 1.49 Mpps, 762 Mbit/s (1000 Mbit/s with framing)
[0;34m[Device: id=0] TX[0m: 1.49 Mpps, 762 Mbit/s (1000 Mbit/s with framing)
[1;36m[Device: id=0] RX[0m: 1.49 Mpps, 762 Mbit/s (1000 Mbit/s with framing)
[0;34m[Device: id=0] TX[0m: 1.49 Mpps, 762 Mbit/s (1000 Mbit/s with framing)
[1;36m[Device: id=0] RX[0m: 1.49 Mpps, 762 Mbit/s (1000 Mbit/s with framing)
[0;34m[Device: id=0] TX[0m: 1.49 Mpps, 762 Mbit/s (1000 Mbit/s with framing)
[1;36m[Device: id=0] RX[0m: 1.49 Mpps, 762 Mbit/s (1000 Mbit/s with framing)
[0;34m[Device: id=0] TX[0m: 1.49 Mpps, 762 Mbit/s (1000 Mbit/s with framing)
[1;36m[Device: id=0] RX[0m: 1.49 Mpps, 762 Mbit/s (1000 Mbit/s with framing)
[0;34m[Device: id=0] TX[0m: 1.49 Mpps, 762 Mbit/s (1000 Mbit/s with framing)
[1;36m[Device: id=0] RX[0m: 1.49 Mpps, 762 Mbit/s (1000 Mbit/s with framing)
[0;34m[Device: id=0] TX[0m: 1.49 Mpps, 762 Mbit/s (1000 Mbit/s with framing)
[1;36m[Device: id=0] RX[0m: 1.49 Mpps, 762 Mbit/s (1000 Mbit/s with framing)
[0;34m[Device: id=0] TX[0m: 1.49 Mpps, 762 Mbit/s (1000 Mbit/s with framing)
[1;36m[Device: id=0] RX[0m: 1.49 Mpps, 762 Mbit/s (1000 Mbit/s with framing)
[0;34m[Device: id=0] TX[0m: 1.49 Mpps, 762 Mbit/s (1000 Mbit/s with framing)
[1;36m[Device: id=0] RX[0m: 1.49 Mpps, 762 Mbit/s (1000 Mbit/s with framing)
[0;34m[Device: id=0] TX[0m: 1.49 Mpps, 762 Mbit/s (1000 Mbit/s with framing)
[1;36m[Device: id=0] RX[0m: 1.49 Mpps, 762 Mbit/s (1000 Mbit/s with framing)
[0;34m[Device: id=0] TX[0m: 1.49 Mpps, 762 Mbit/s (1000 Mbit/s with framing)
[1;36m[Device: id=0] RX[0m: 1.49 Mpps, 762 Mbit/s (1000 Mbit/s with framing)
[0;34m[Device: id=0] TX[0m: 1.49 Mpps, 762 Mbit/s (1000 Mbit/s with framing)
[1;36m[Device: id=0] RX[0m: 1.49 Mpps, 762 Mbit/s (1000 Mbit/s with framing)
[0;34m[Device: id=0] TX[0m: 1.49 Mpps, 762 Mbit/s (1000 Mbit/s with framing)
[1;36m[Device: id=0] RX[0m: 1.49 Mpps, 762 Mbit/s (1000 Mbit/s with framing)
[0;34m[Device: id=0] TX[0m: 1.49 Mpps, 762 Mbit/s (1000 Mbit/s with framing)
[1;36m[Device: id=0] RX[0m: 1.49 Mpps, 762 Mbit/s (1000 Mbit/s with framing)
[0;34m[Device: id=0] TX[0m: 1.49 Mpps, 762 Mbit/s (1000 Mbit/s with framing)
[1;36m[Device: id=0] RX[0m: 1.49 Mpps, 762 Mbit/s (1000 Mbit/s with framing)
[0;34m[Device: id=0] TX[0m: 1.49 Mpps, 762 Mbit/s (1000 Mbit/s with framing)
[1;36m[Device: id=0] RX[0m: 1.49 Mpps, 762 Mbit/s (1000 Mbit/s with framing)
[0;34m[Device: id=0] TX[0m: 1.49 Mpps, 762 Mbit/s (1000 Mbit/s with framing)
[1;36m[Device: id=0] RX[0m: 1.49 Mpps, 762 Mbit/s (1000 Mbit/s with framing)
[0;34m[Device: id=0] TX[0m: 1.49 Mpps, 762 Mbit/s (1000 Mbit/s with framing)
[1;36m[Device: id=0] RX[0m: 1.49 Mpps, 762 Mbit/s (1000 Mbit/s with framing)
[0;34m[Device: id=0] TX[0m: 1.49 Mpps, 762 Mbit/s (1000 Mbit/s with framing)
[1;36m[Device: id=0] RX[0m: 1.49 Mpps, 762 Mbit/s (1000 Mbit/s with framing)
[0;34m[Device: id=0] TX[0m: 1.49 Mpps, 762 Mbit/s (1000 Mbit/s with framing)
[1;36m[Device: id=0] RX[0m: 1.49 Mpps, 762 Mbit/s (1000 Mbit/s with framing)
[0;34m[Device: id=0] TX[0m: 1.49 Mpps, 762 Mbit/s (1000 Mbit/s with framing)
[1;36m[Device: id=0] RX[0m: 1.49 Mpps, 762 Mbit/s (1000 Mbit/s with framing)
[0;34m[Device: id=0] TX[0m: 1.49 Mpps, 762 Mbit/s (1000 Mbit/s with framing)
[1;36m[Device: id=0] RX[0m: 1.49 Mpps, 762 Mbit/s (1000 Mbit/s with framing)
[0;34m[Device: id=0] TX[0m: 1.49 Mpps, 762 Mbit/s (1000 Mbit/s with framing)
[1;36m[Device: id=0] RX[0m: 1.49 Mpps, 762 Mbit/s (1000 Mbit/s with framing)
[0;34m[Device: id=0] TX[0m: 1.49 Mpps, 762 Mbit/s (1000 Mbit/s with framing)
[1;36m[Device: id=0] RX[0m: 1.49 Mpps, 762 Mbit/s (1000 Mbit/s with framing)
[0;34m[Device: id=0] TX[0m: 1.49 Mpps, 762 Mbit/s (1000 Mbit/s with framing)
[1;36m[Device: id=0] RX[0m: 1.49 Mpps, 762 Mbit/s (1000 Mbit/s with framing)
[0;34m[Device: id=0] TX[0m: 1.49 Mpps, 762 Mbit/s (1000 Mbit/s with framing)
[1;36m[Device: id=0] RX[0m: 1.49 Mpps, 762 Mbit/s (1000 Mbit/s with framing)
[0;34m[Device: id=0] TX[0m: 1.49 Mpps, 762 Mbit/s (1000 Mbit/s with framing)
[1;36m[Device: id=0] RX[0m: 1.49 Mpps, 762 Mbit/s (1000 Mbit/s with framing)
[0;34m[Device: id=0] TX[0m: 1.49 Mpps, 762 Mbit/s (1000 Mbit/s with framing)
[1;36m[Device: id=0] RX[0m: 1.49 Mpps, 762 Mbit/s (1000 Mbit/s with framing)
[0;34m[Device: id=0] TX[0m: 1.49 Mpps, 762 Mbit/s (1000 Mbit/s with framing)
[1;36m[Device: id=0] RX[0m: 1.49 Mpps, 762 Mbit/s (1000 Mbit/s with framing)
[0;34m[Device: id=0] TX[0m: 1.49 Mpps, 762 Mbit/s (1000 Mbit/s with framing)
[1;36m[Device: id=0] RX[0m: 1.49 Mpps, 762 Mbit/s (1000 Mbit/s with framing)
[0;34m[Device: id=0] TX[0m: 1.49 Mpps, 762 Mbit/s (1000 Mbit/s with framing)
[1;36m[Device: id=0] RX[0m: 1.49 Mpps, 762 Mbit/s (1000 Mbit/s with framing)
[0;34m[Device: id=0] TX[0m: 1.49 Mpps, 762 Mbit/s (1000 Mbit/s with framing)
[1;36m[Device: id=0] RX[0m: 1.49 Mpps, 762 Mbit/s (1000 Mbit/s with framing)
[0;34m[Device: id=0] TX[0m: 1.49 Mpps, 762 Mbit/s (1000 Mbit/s with framing)
[1;36m[Device: id=0] RX[0m: 1.49 Mpps, 762 Mbit/s (1000 Mbit/s with framing)
[0;34m[Device: id=0] TX[0m: 1.49 Mpps, 762 Mbit/s (1000 Mbit/s with framing)
[1;36m[Device: id=0] RX[0m: 1.49 Mpps, 762 Mbit/s (1000 Mbit/s with framing)
[0;34m[Device: id=0] TX[0m: 1.49 Mpps, 762 Mbit/s (1000 Mbit/s with framing)
[1;36m[Device: id=0] RX[0m: 1.49 Mpps, 762 Mbit/s (1000 Mbit/s with framing)
[0;34m[Device: id=0] TX[0m: 1.49 Mpps, 762 Mbit/s (1000 Mbit/s with framing)
[1;36m[Device: id=0] RX[0m: 1.49 Mpps, 762 Mbit/s (1000 Mbit/s with framing)
[0;34m[Device: id=0] TX[0m: 1.49 Mpps, 762 Mbit/s (1000 Mbit/s with framing)
[1;36m[Device: id=0] RX[0m: 1.49 Mpps, 762 Mbit/s (1000 Mbit/s with framing)
[0;34m[Device: id=0] TX[0m: 1.49 Mpps, 762 Mbit/s (1000 Mbit/s with framing)
[1;36m[Device: id=0] RX[0m: 1.49 Mpps, 762 Mbit/s (1000 Mbit/s with framing)
[0;34m[Device: id=0] TX[0m: 1.49 Mpps, 762 Mbit/s (1000 Mbit/s with framing)
[1;36m[Device: id=0] RX[0m: 1.49 Mpps, 762 Mbit/s (1000 Mbit/s with framing)
[0;34m[Device: id=0] TX[0m: 1.49 Mpps, 762 Mbit/s (1000 Mbit/s with framing)
[1;36m[Device: id=0] RX[0m: 1.49 Mpps, 762 Mbit/s (1000 Mbit/s with framing)
[0;34m[Device: id=0] TX[0m: 1.49 Mpps, 762 Mbit/s (1000 Mbit/s with framing)
[1;36m[Device: id=0] RX[0m: 1.49 Mpps, 762 Mbit/s (1000 Mbit/s with framing)
[0;34m[Device: id=0] TX[0m: 1.49 Mpps, 762 Mbit/s (1000 Mbit/s with framing)
[1;36m[Device: id=0] RX[0m: 1.49 Mpps, 762 Mbit/s (1000 Mbit/s with framing)
[0;34m[Device: id=0] TX[0m: 1.49 Mpps, 762 Mbit/s (1000 Mbit/s with framing)
[1;36m[Device: id=0] RX[0m: 1.49 Mpps, 762 Mbit/s (1000 Mbit/s with framing)
[0;34m[Device: id=0] TX[0m: 1.49 Mpps, 762 Mbit/s (1000 Mbit/s with framing)
[1;36m[Device: id=0] RX[0m: 1.49 Mpps, 762 Mbit/s (1000 Mbit/s with framing)
[0;34m[Device: id=0] TX[0m: 1.49 Mpps, 762 Mbit/s (1000 Mbit/s with framing)
[1;36m[Device: id=0] RX[0m: 1.49 Mpps, 762 Mbit/s (1000 Mbit/s with framing)
[0;34m[Device: id=0] TX[0m: 1.49 Mpps, 762 Mbit/s (1000 Mbit/s with framing)
[1;36m[Device: id=0] RX[0m: 1.49 Mpps, 762 Mbit/s (1000 Mbit/s with framing)
[0;34m[Device: id=0] TX[0m: 1.49 Mpps, 762 Mbit/s (1000 Mbit/s with framing)
[1;36m[Device: id=0] RX[0m: 1.49 Mpps, 762 Mbit/s (1000 Mbit/s with framing)
[0;34m[Device: id=0] TX[0m: 1.49 Mpps, 762 Mbit/s (1000 Mbit/s with framing)
[1;36m[Device: id=0] RX[0m: 1.49 Mpps, 762 Mbit/s (1000 Mbit/s with framing)
[0;34m[Device: id=0] TX[0m: 1.49 Mpps, 762 Mbit/s (1000 Mbit/s with framing)
[1;36m[Device: id=0] RX[0m: 1.49 Mpps, 762 Mbit/s (1000 Mbit/s with framing)
[0;34m[Device: id=0] TX[0m: 1.49 Mpps, 762 Mbit/s (1000 Mbit/s with framing)
[1;36m[Device: id=0] RX[0m: 1.49 Mpps, 762 Mbit/s (1000 Mbit/s with framing)
[0;34m[Device: id=0] TX[0m: 1.49 Mpps, 762 Mbit/s (1000 Mbit/s with framing)
[1;36m[Device: id=0] RX[0m: 1.49 Mpps, 762 Mbit/s (1000 Mbit/s with framing)
[0;34m[Device: id=0] TX[0m: 1.49 Mpps, 762 Mbit/s (1000 Mbit/s with framing)
[1;36m[Device: id=0] RX[0m: 1.49 Mpps, 762 Mbit/s (1000 Mbit/s with framing)
[0;34m[Device: id=0] TX[0m: 1.49 Mpps, 762 Mbit/s (1000 Mbit/s with framing)
[1;36m[Device: id=0] RX[0m: 1.49 Mpps, 762 Mbit/s (1000 Mbit/s with framing)
[0;34m[Device: id=0] TX[0m: 1.49 Mpps, 762 Mbit/s (1000 Mbit/s with framing)
[1;36m[Device: id=0] RX[0m: 1.49 Mpps, 762 Mbit/s (1000 Mbit/s with framing)
[0;34m[Device: id=0] TX[0m: 1.49 Mpps, 762 Mbit/s (1000 Mbit/s with framing)
[1;36m[Device: id=0] RX[0m: 1.49 Mpps, 762 Mbit/s (1000 Mbit/s with framing)
[0;34m[Device: id=0] TX[0m: 1.49 Mpps, 762 Mbit/s (1000 Mbit/s with framing)
[1;36m[Device: id=0] RX[0m: 1.49 Mpps, 762 Mbit/s (1000 Mbit/s with framing)
[0;34m[Device: id=0] TX[0m: 1.49 Mpps, 762 Mbit/s (1000 Mbit/s with framing)
[1;36m[Device: id=0] RX[0m: 1.49 Mpps, 762 Mbit/s (1000 Mbit/s with framing)
[0;34m[Device: id=0] TX[0m: 1.49 Mpps, 762 Mbit/s (1000 Mbit/s with framing)
[1;36m[Device: id=0] RX[0m: 1.49 Mpps, 762 Mbit/s (1000 Mbit/s with framing)
[0;34m[Device: id=0] TX[0m: 1.49 Mpps, 762 Mbit/s (1000 Mbit/s with framing)
[1;36m[Device: id=0] RX[0m: 1.49 Mpps, 762 Mbit/s (1000 Mbit/s with framing)
[0;34m[Device: id=0] TX[0m: 1.49 Mpps, 762 Mbit/s (1000 Mbit/s with framing)
[1;36m[Device: id=0] RX[0m: 1.49 Mpps, 762 Mbit/s (1000 Mbit/s with framing)
[0;34m[Device: id=0] TX[0m: 1.49 Mpps, 762 Mbit/s (1000 Mbit/s with framing)
[1;36m[Device: id=0] RX[0m: 1.49 Mpps, 762 Mbit/s (1000 Mbit/s with framing)
[0;34m[Device: id=0] TX[0m: 1.49 Mpps, 762 Mbit/s (1000 Mbit/s with framing)
[1;36m[Device: id=0] RX[0m: 1.49 Mpps, 762 Mbit/s (1000 Mbit/s with framing)
[0;34m[Device: id=0] TX[0m: 1.49 Mpps, 762 Mbit/s (1000 Mbit/s with framing)
[1;36m[Device: id=0] RX[0m: 1.49 Mpps, 762 Mbit/s (1000 Mbit/s with framing)
[0;34m[Device: id=0] TX[0m: 1.49 Mpps, 762 Mbit/s (1000 Mbit/s with framing)
[1;36m[Device: id=0] RX[0m: 1.49 Mpps, 762 Mbit/s (1000 Mbit/s with framing)
[0;34m[Device: id=0] TX[0m: 1.49 Mpps, 762 Mbit/s (1000 Mbit/s with framing)
[1;36m[Device: id=0] RX[0m: 1.49 Mpps, 762 Mbit/s (1000 Mbit/s with framing)
[0;34m[Device: id=0] TX[0m: 1.49 Mpps, 762 Mbit/s (1000 Mbit/s with framing)
[1;36m[Device: id=0] RX[0m: 1.49 Mpps, 762 Mbit/s (1000 Mbit/s with framing)
[0;34m[Device: id=0] TX[0m: 1.49 Mpps, 762 Mbit/s (1000 Mbit/s with framing)
[1;36m[Device: id=0] RX[0m: 1.49 Mpps, 762 Mbit/s (1000 Mbit/s with framing)
[0;34m[Device: id=0] TX[0m: 1.49 Mpps, 762 Mbit/s (1000 Mbit/s with framing)
[1;36m[Device: id=0] RX[0m: 1.49 Mpps, 762 Mbit/s (1000 Mbit/s with framing)
[0;34m[Device: id=0] TX[0m: 1.49 Mpps, 762 Mbit/s (1000 Mbit/s with framing)
[1;36m[Device: id=0] RX[0m: 1.49 Mpps, 762 Mbit/s (1000 Mbit/s with framing)
[0;34m[Device: id=0] TX[0m: 1.49 Mpps, 762 Mbit/s (1000 Mbit/s with framing)
[1;36m[Device: id=0] RX[0m: 1.49 Mpps, 762 Mbit/s (1000 Mbit/s with framing)
[0;34m[Device: id=0] TX[0m: 1.49 Mpps, 762 Mbit/s (1000 Mbit/s with framing)
[1;36m[Device: id=0] RX[0m: 1.49 Mpps, 762 Mbit/s (1000 Mbit/s with framing)
[0;34m[Device: id=0] TX[0m: 1.49 Mpps, 762 Mbit/s (1000 Mbit/s with framing)
[1;36m[Device: id=0] RX[0m: 1.49 Mpps, 762 Mbit/s (1000 Mbit/s with framing)
[0;34m[Device: id=0] TX[0m: 1.49 Mpps, 762 Mbit/s (1000 Mbit/s with framing)
[1;36m[Device: id=0] RX[0m: 1.49 Mpps, 762 Mbit/s (1000 Mbit/s with framing)
[0;34m[Device: id=0] TX[0m: 1.49 Mpps, 762 Mbit/s (1000 Mbit/s with framing)
[1;36m[Device: id=0] RX[0m: 1.49 Mpps, 762 Mbit/s (1000 Mbit/s with framing)
[0;34m[Device: id=0] TX[0m: 1.49 Mpps, 762 Mbit/s (1000 Mbit/s with framing)
[1;36m[Device: id=0] RX[0m: 1.49 Mpps, 762 Mbit/s (1000 Mbit/s with framing)
[0;34m[Device: id=0] TX[0m: 1.49 Mpps, 762 Mbit/s (1000 Mbit/s with framing)
[1;36m[Device: id=0] RX[0m: 1.49 Mpps, 762 Mbit/s (1000 Mbit/s with framing)
[0;34m[Device: id=0] TX[0m: 1.49 Mpps, 762 Mbit/s (1000 Mbit/s with framing)
[1;36m[Device: id=0] RX[0m: 1.49 Mpps, 762 Mbit/s (1000 Mbit/s with framing)
[0;34m[Device: id=0] TX[0m: 1.49 Mpps, 762 Mbit/s (1000 Mbit/s with framing)
[1;36m[Device: id=0] RX[0m: 1.49 Mpps, 762 Mbit/s (1000 Mbit/s with framing)
[0;34m[Device: id=0] TX[0m: 1.49 Mpps, 762 Mbit/s (1000 Mbit/s with framing)
[1;36m[Device: id=0] RX[0m: 1.49 Mpps, 762 Mbit/s (1000 Mbit/s with framing)
[0;34m[Device: id=0] TX[0m: 1.49 Mpps, 762 Mbit/s (1000 Mbit/s with framing)
[1;36m[Device: id=0] RX[0m: 1.49 Mpps, 762 Mbit/s (1000 Mbit/s with framing)
[0;34m[Device: id=0] TX[0m: 1.49 Mpps, 762 Mbit/s (1000 Mbit/s with framing)
[1;36m[Device: id=0] RX[0m: 1.49 Mpps, 762 Mbit/s (1000 Mbit/s with framing)
[0;34m[Device: id=0] TX[0m: 1.49 Mpps, 762 Mbit/s (1000 Mbit/s with framing)
[1;36m[Device: id=0] RX[0m: 1.49 Mpps, 762 Mbit/s (1000 Mbit/s with framing)
[0;34m[Device: id=0] TX[0m: 1.49 Mpps, 762 Mbit/s (1000 Mbit/s with framing)
[1;36m[Device: id=0] RX[0m: 1.49 Mpps, 762 Mbit/s (1000 Mbit/s with framing)
[0;34m[Device: id=0] TX[0m: 1.49 Mpps, 762 Mbit/s (1000 Mbit/s with framing)
[1;36m[Device: id=0] RX[0m: 1.49 Mpps, 762 Mbit/s (1000 Mbit/s with framing)
[0;34m[Device: id=0] TX[0m: 1.49 Mpps, 762 Mbit/s (1000 Mbit/s with framing)
[1;36m[Device: id=0] RX[0m: 1.49 Mpps, 762 Mbit/s (1000 Mbit/s with framing)
[0;34m[Device: id=0] TX[0m: 1.49 Mpps, 762 Mbit/s (1000 Mbit/s with framing)
[1;36m[Device: id=0] RX[0m: 1.49 Mpps, 762 Mbit/s (1000 Mbit/s with framing)
[0;34m[Device: id=0] TX[0m: 1.49 Mpps, 762 Mbit/s (1000 Mbit/s with framing)
[1;36m[Device: id=0] RX[0m: 1.49 Mpps, 762 Mbit/s (1000 Mbit/s with framing)
[0;34m[Device: id=0] TX[0m: 1.49 Mpps, 762 Mbit/s (1000 Mbit/s with framing)
[1;36m[Device: id=0] RX[0m: 1.49 Mpps, 762 Mbit/s (1000 Mbit/s with framing)
[0;34m[Device: id=0] TX[0m: 1.49 Mpps, 762 Mbit/s (1000 Mbit/s with framing)
[1;36m[Device: id=0] RX[0m: 1.49 Mpps, 762 Mbit/s (1000 Mbit/s with framing)
[0;34m[Device: id=0] TX[0m: 1.49 Mpps, 762 Mbit/s (1000 Mbit/s with framing)
[1;36m[Device: id=0] RX[0m: 1.49 Mpps, 762 Mbit/s (1000 Mbit/s with framing)
[0;34m[Device: id=0] TX[0m: 1.49 Mpps, 762 Mbit/s (1000 Mbit/s with framing)
[1;36m[Device: id=0] RX[0m: 1.49 Mpps, 762 Mbit/s (1000 Mbit/s with framing)
[0;34m[Device: id=0] TX[0m: 1.49 Mpps, 762 Mbit/s (1000 Mbit/s with framing)
[1;36m[Device: id=0] RX[0m: 1.49 Mpps, 762 Mbit/s (1000 Mbit/s with framing)
[0;34m[Device: id=0] TX[0m: 1.49 Mpps, 762 Mbit/s (1000 Mbit/s with framing)
[1;36m[Device: id=0] RX[0m: 1.49 Mpps, 762 Mbit/s (1000 Mbit/s with framing)
[0;34m[Device: id=0] TX[0m: 1.49 Mpps, 762 Mbit/s (1000 Mbit/s with framing)
[1;36m[Device: id=0] RX[0m: 1.49 Mpps, 762 Mbit/s (1000 Mbit/s with framing)
[0;34m[Device: id=0] TX[0m: 1.49 Mpps, 762 Mbit/s (1000 Mbit/s with framing)
[1;36m[Device: id=0] RX[0m: 1.49 Mpps, 762 Mbit/s (1000 Mbit/s with framing)
[0;34m[Device: id=0] TX[0m: 1.49 Mpps, 762 Mbit/s (1000 Mbit/s with framing)
[1;36m[Device: id=0] RX[0m: 1.49 Mpps, 762 Mbit/s (1000 Mbit/s with framing)
[0;34m[Device: id=0] TX[0m: 1.49 Mpps, 762 Mbit/s (1000 Mbit/s with framing)
[1;36m[Device: id=0] RX[0m: 1.49 Mpps, 762 Mbit/s (1000 Mbit/s with framing)
[0;34m[Device: id=0] TX[0m: 1.49 Mpps, 762 Mbit/s (1000 Mbit/s with framing)
[1;36m[Device: id=0] RX[0m: 1.49 Mpps, 762 Mbit/s (1000 Mbit/s with framing)
[0;34m[Device: id=0] TX[0m: 1.49 Mpps, 762 Mbit/s (1000 Mbit/s with framing)
[1;36m[Device: id=0] RX[0m: 1.49 Mpps, 762 Mbit/s (1000 Mbit/s with framing)
[0;34m[Device: id=0] TX[0m: 1.49 Mpps, 762 Mbit/s (1000 Mbit/s with framing)
[1;36m[Device: id=0] RX[0m: 1.49 Mpps, 762 Mbit/s (1000 Mbit/s with framing)
[0;34m[Device: id=0] TX[0m: 1.49 Mpps, 762 Mbit/s (1000 Mbit/s with framing)
[1;36m[Device: id=0] RX[0m: 1.49 Mpps, 762 Mbit/s (1000 Mbit/s with framing)
[0;34m[Device: id=0] TX[0m: 1.49 Mpps, 762 Mbit/s (1000 Mbit/s with framing)
[1;36m[Device: id=0] RX[0m: 1.49 Mpps, 762 Mbit/s (1000 Mbit/s with framing)
[0;34m[Device: id=0] TX[0m: 1.49 Mpps, 762 Mbit/s (1000 Mbit/s with framing)
[1;36m[Device: id=0] RX[0m: 1.49 Mpps, 762 Mbit/s (1000 Mbit/s with framing)
[0;34m[Device: id=0] TX[0m: 1.49 Mpps, 762 Mbit/s (1000 Mbit/s with framing)
[1;36m[Device: id=0] RX[0m: 1.49 Mpps, 762 Mbit/s (1000 Mbit/s with framing)
[0;34m[Device: id=0] TX[0m: 1.49 Mpps, 762 Mbit/s (1000 Mbit/s with framing)
[1;36m[Device: id=0] RX[0m: 1.49 Mpps, 762 Mbit/s (1000 Mbit/s with framing)
[0;34m[Device: id=0] TX[0m: 1.49 Mpps, 762 Mbit/s (1000 Mbit/s with framing)
[1;36m[Device: id=0] RX[0m: 1.49 Mpps, 762 Mbit/s (1000 Mbit/s with framing)
[0;34m[Device: id=0] TX[0m: 1.49 Mpps, 762 Mbit/s (1000 Mbit/s with framing)
[1;36m[Device: id=0] RX[0m: 1.49 Mpps, 762 Mbit/s (1000 Mbit/s with framing)
[0;34m[Device: id=0] TX[0m: 1.49 Mpps, 762 Mbit/s (1000 Mbit/s with framing)
[1;36m[Device: id=0] RX[0m: 1.49 Mpps, 762 Mbit/s (1000 Mbit/s with framing)
[0;34m[Device: id=0] TX[0m: 1.49 Mpps, 762 Mbit/s (1000 Mbit/s with framing)
[1;36m[Device: id=0] RX[0m: 1.49 Mpps, 762 Mbit/s (1000 Mbit/s with framing)
[0;34m[Device: id=0] TX[0m: 1.49 Mpps, 762 Mbit/s (1000 Mbit/s with framing)
[1;36m[Device: id=0] RX[0m: 1.49 Mpps, 762 Mbit/s (1000 Mbit/s with framing)
[0;34m[Device: id=0] TX[0m: 1.49 Mpps, 762 Mbit/s (1000 Mbit/s with framing)
[1;36m[Device: id=0] RX[0m: 1.49 Mpps, 762 Mbit/s (1000 Mbit/s with framing)
[0;34m[Device: id=0] TX[0m: 1.49 Mpps, 762 Mbit/s (1000 Mbit/s with framing)
[1;36m[Device: id=0] RX[0m: 1.49 Mpps, 762 Mbit/s (1000 Mbit/s with framing)
[0;34m[Device: id=0] TX[0m: 1.49 Mpps, 762 Mbit/s (1000 Mbit/s with framing)
[1;36m[Device: id=0] RX[0m: 1.49 Mpps, 762 Mbit/s (1000 Mbit/s with framing)
[0;34m[Device: id=0] TX[0m: 1.49 Mpps, 762 Mbit/s (1000 Mbit/s with framing)
[1;36m[Device: id=0] RX[0m: 1.49 Mpps, 762 Mbit/s (1000 Mbit/s with framing)
[0;34m[Device: id=0] TX[0m: 1.49 Mpps, 762 Mbit/s (1000 Mbit/s with framing)
[1;36m[Device: id=0] RX[0m: 1.49 Mpps, 762 Mbit/s (1000 Mbit/s with framing)
[0;34m[Device: id=0] TX[0m: 1.49 Mpps, 762 Mbit/s (1000 Mbit/s with framing)
[1;36m[Device: id=0] RX[0m: 1.49 Mpps, 762 Mbit/s (1000 Mbit/s with framing)
[0;34m[Device: id=0] TX[0m: 1.49 Mpps, 762 Mbit/s (1000 Mbit/s with framing)
[1;36m[Device: id=0] RX[0m: 1.49 Mpps, 762 Mbit/s (1000 Mbit/s with framing)
[0;34m[Device: id=0] TX[0m: 1.49 Mpps, 762 Mbit/s (1000 Mbit/s with framing)
[1;36m[Device: id=0] RX[0m: 1.49 Mpps, 762 Mbit/s (1000 Mbit/s with framing)
[0;34m[Device: id=0] TX[0m: 1.49 Mpps, 762 Mbit/s (1000 Mbit/s with framing)
[1;36m[Device: id=0] RX[0m: 1.49 Mpps, 762 Mbit/s (1000 Mbit/s with framing)
[0;34m[Device: id=0] TX[0m: 1.49 Mpps, 762 Mbit/s (1000 Mbit/s with framing)
[1;36m[Device: id=0] RX[0m: 1.49 Mpps, 762 Mbit/s (1000 Mbit/s with framing)
[0;34m[Device: id=0] TX[0m: 1.49 Mpps, 762 Mbit/s (1000 Mbit/s with framing)
[1;36m[Device: id=0] RX[0m: 1.49 Mpps, 762 Mbit/s (1000 Mbit/s with framing)
[0;34m[Device: id=0] TX[0m: 1.49 Mpps, 762 Mbit/s (1000 Mbit/s with framing)
[1;36m[Device: id=0] RX[0m: 1.49 Mpps, 762 Mbit/s (1000 Mbit/s with framing)
[0;34m[Device: id=0] TX[0m: 1.49 Mpps, 762 Mbit/s (1000 Mbit/s with framing)
[1;36m[Device: id=0] RX[0m: 1.49 Mpps, 762 Mbit/s (1000 Mbit/s with framing)
[0;34m[Device: id=0] TX[0m: 1.49 Mpps, 762 Mbit/s (1000 Mbit/s with framing)
[1;36m[Device: id=0] RX[0m: 1.49 Mpps, 762 Mbit/s (1000 Mbit/s with framing)
[0;34m[Device: id=0] TX[0m: 1.49 Mpps, 762 Mbit/s (1000 Mbit/s with framing)
[1;36m[Device: id=0] RX[0m: 1.49 Mpps, 762 Mbit/s (1000 Mbit/s with framing)
[0;34m[Device: id=0] TX[0m: 1.49 Mpps, 762 Mbit/s (1000 Mbit/s with framing)
[1;36m[Device: id=0] RX[0m: 1.49 Mpps, 762 Mbit/s (1000 Mbit/s with framing)
[0;34m[Device: id=0] TX[0m: 1.49 Mpps, 762 Mbit/s (1000 Mbit/s with framing)
[1;36m[Device: id=0] RX[0m: 1.49 Mpps, 762 Mbit/s (1000 Mbit/s with framing)
[0;34m[Device: id=0] TX[0m: 1.49 Mpps, 762 Mbit/s (1000 Mbit/s with framing)
[1;36m[Device: id=0] RX[0m: 1.49 Mpps, 762 Mbit/s (1000 Mbit/s with framing)
[0;34m[Device: id=0] TX[0m: 1.49 Mpps, 762 Mbit/s (1000 Mbit/s with framing)
[1;36m[Device: id=0] RX[0m: 1.49 Mpps, 762 Mbit/s (1000 Mbit/s with framing)
[0;34m[Device: id=0] TX[0m: 1.49 Mpps, 762 Mbit/s (1000 Mbit/s with framing)
[1;36m[Device: id=0] RX[0m: 1.49 Mpps, 762 Mbit/s (1000 Mbit/s with framing)
[0;34m[Device: id=0] TX[0m: 1.49 Mpps, 762 Mbit/s (1000 Mbit/s with framing)
[1;36m[Device: id=0] RX[0m: 1.49 Mpps, 762 Mbit/s (1000 Mbit/s with framing)
[0;34m[Device: id=0] TX[0m: 1.49 Mpps, 762 Mbit/s (1000 Mbit/s with framing)
[1;36m[Device: id=0] RX[0m: 1.49 Mpps, 762 Mbit/s (1000 Mbit/s with framing)
[0;34m[Device: id=0] TX[0m: 1.49 Mpps, 762 Mbit/s (1000 Mbit/s with framing)
[1;36m[Device: id=0] RX[0m: 1.49 Mpps, 762 Mbit/s (1000 Mbit/s with framing)
[0;34m[Device: id=0] TX[0m: 1.49 Mpps, 762 Mbit/s (1000 Mbit/s with framing)
[1;36m[Device: id=0] RX[0m: 1.49 Mpps, 762 Mbit/s (1000 Mbit/s with framing)
[0;34m[Device: id=0] TX[0m: 1.49 Mpps, 762 Mbit/s (1000 Mbit/s with framing)
[1;36m[Device: id=0] RX[0m: 1.49 Mpps, 762 Mbit/s (1000 Mbit/s with framing)
[0;34m[Device: id=0] TX[0m: 1.49 Mpps, 762 Mbit/s (1000 Mbit/s with framing)
[1;36m[Device: id=0] RX[0m: 1.49 Mpps, 762 Mbit/s (1000 Mbit/s with framing)
[0;34m[Device: id=0] TX[0m: 1.49 Mpps, 762 Mbit/s (1000 Mbit/s with framing)
[1;36m[Device: id=0] RX[0m: 1.49 Mpps, 762 Mbit/s (1000 Mbit/s with framing)
[0;34m[Device: id=0] TX[0m: 1.49 Mpps, 762 Mbit/s (1000 Mbit/s with framing)
[1;36m[Device: id=0] RX[0m: 1.49 Mpps, 762 Mbit/s (1000 Mbit/s with framing)
[0;34m[Device: id=0] TX[0m: 1.49 Mpps, 762 Mbit/s (1000 Mbit/s with framing)
[1;36m[Device: id=0] RX[0m: 1.49 Mpps, 762 Mbit/s (1000 Mbit/s with framing)
[0;34m[Device: id=0] TX[0m: 1.49 Mpps, 762 Mbit/s (1000 Mbit/s with framing)
[1;36m[Device: id=0] RX[0m: 1.49 Mpps, 762 Mbit/s (1000 Mbit/s with framing)
[0;34m[Device: id=0] TX[0m: 1.49 Mpps, 762 Mbit/s (1000 Mbit/s with framing)
[1;36m[Device: id=0] RX[0m: 1.49 Mpps, 762 Mbit/s (1000 Mbit/s with framing)
[0;34m[Device: id=0] TX[0m: 1.49 Mpps, 762 Mbit/s (1000 Mbit/s with framing)
[1;36m[Device: id=0] RX[0m: 1.49 Mpps, 762 Mbit/s (1000 Mbit/s with framing)
[0;34m[Device: id=0] TX[0m: 1.49 Mpps, 762 Mbit/s (1000 Mbit/s with framing)
[1;36m[Device: id=0] RX[0m: 1.49 Mpps, 762 Mbit/s (1000 Mbit/s with framing)
[0;34m[Device: id=0] TX[0m: 1.49 Mpps, 762 Mbit/s (1000 Mbit/s with framing)
[1;36m[Device: id=0] RX[0m: 1.49 Mpps, 762 Mbit/s (1000 Mbit/s with framing)
[0;34m[Device: id=0] TX[0m: 1.49 Mpps, 762 Mbit/s (1000 Mbit/s with framing)
[1;36m[Device: id=0] RX[0m: 1.49 Mpps, 762 Mbit/s (1000 Mbit/s with framing)
[0;34m[Device: id=0] TX[0m: 1.49 Mpps, 762 Mbit/s (1000 Mbit/s with framing)
[1;36m[Device: id=0] RX[0m: 1.49 Mpps, 762 Mbit/s (1000 Mbit/s with framing)
[0;34m[Device: id=0] TX[0m: 1.49 Mpps, 762 Mbit/s (1000 Mbit/s with framing)
[1;36m[Device: id=0] RX[0m: 1.49 Mpps, 762 Mbit/s (1000 Mbit/s with framing)
[0;34m[Device: id=0] TX[0m: 1.49 Mpps, 762 Mbit/s (1000 Mbit/s with framing)
[1;36m[Device: id=0] RX[0m: 1.49 Mpps, 762 Mbit/s (1000 Mbit/s with framing)
[0;34m[Device: id=0] TX[0m: 1.49 Mpps, 762 Mbit/s (1000 Mbit/s with framing)
[1;36m[Device: id=0] RX[0m: 1.49 Mpps, 762 Mbit/s (1000 Mbit/s with framing)
[0;34m[Device: id=0] TX[0m: 1.49 Mpps, 762 Mbit/s (1000 Mbit/s with framing)
[1;36m[Device: id=0] RX[0m: 1.49 Mpps, 762 Mbit/s (1000 Mbit/s with framing)
[0;34m[Device: id=0] TX[0m: 1.49 Mpps, 762 Mbit/s (1000 Mbit/s with framing)
[1;36m[Device: id=0] RX[0m: 1.49 Mpps, 762 Mbit/s (1000 Mbit/s with framing)
[0;34m[Device: id=0] TX[0m: 1.49 Mpps, 762 Mbit/s (1000 Mbit/s with framing)
[1;36m[Device: id=0] RX[0m: 1.49 Mpps, 762 Mbit/s (1000 Mbit/s with framing)
[0;34m[Device: id=0] TX[0m: 1.49 Mpps, 762 Mbit/s (1000 Mbit/s with framing)
[1;36m[Device: id=0] RX[0m: 1.49 Mpps, 762 Mbit/s (1000 Mbit/s with framing)
[0;34m[Device: id=0] TX[0m: 1.49 Mpps, 762 Mbit/s (1000 Mbit/s with framing)
[1;36m[Device: id=0] RX[0m: 1.49 Mpps, 762 Mbit/s (1000 Mbit/s with framing)
[0;34m[Device: id=0] TX[0m: 1.49 Mpps, 762 Mbit/s (1000 Mbit/s with framing)
[1;36m[Device: id=0] RX[0m: 1.49 Mpps, 762 Mbit/s (1000 Mbit/s with framing)
[0;34m[Device: id=0] TX[0m: 1.49 Mpps, 762 Mbit/s (1000 Mbit/s with framing)
[1;36m[Device: id=0] RX[0m: 1.49 Mpps, 762 Mbit/s (1000 Mbit/s with framing)
[0;34m[Device: id=0] TX[0m: 1.49 Mpps, 762 Mbit/s (1000 Mbit/s with framing)
[1;36m[Device: id=0] RX[0m: 1.49 Mpps, 762 Mbit/s (1000 Mbit/s with framing)
[0;34m[Device: id=0] TX[0m: 1.49 Mpps, 762 Mbit/s (1000 Mbit/s with framing)
[1;36m[Device: id=0] RX[0m: 1.49 Mpps, 762 Mbit/s (1000 Mbit/s with framing)
[0;34m[Device: id=0] TX[0m: 1.49 Mpps, 762 Mbit/s (1000 Mbit/s with framing)
[1;36m[Device: id=0] RX[0m: 1.49 Mpps, 762 Mbit/s (1000 Mbit/s with framing)
[0;34m[Device: id=0] TX[0m: 1.49 Mpps, 762 Mbit/s (1000 Mbit/s with framing)
[1;36m[Device: id=0] RX[0m: 1.49 Mpps, 762 Mbit/s (1000 Mbit/s with framing)
[0;34m[Device: id=0] TX[0m: 1.49 Mpps, 762 Mbit/s (1000 Mbit/s with framing)
[1;36m[Device: id=0] RX[0m: 1.49 Mpps, 762 Mbit/s (1000 Mbit/s with framing)
[0;34m[Device: id=0] TX[0m: 1.49 Mpps, 762 Mbit/s (1000 Mbit/s with framing)
[1;36m[Device: id=0] RX[0m: 1.49 Mpps, 762 Mbit/s (1000 Mbit/s with framing)
[0;34m[Device: id=0] TX[0m: 1.49 Mpps, 762 Mbit/s (1000 Mbit/s with framing)
[1;36m[Device: id=0] RX[0m: 1.49 Mpps, 762 Mbit/s (1000 Mbit/s with framing)
[0;34m[Device: id=0] TX[0m: 1.49 Mpps, 762 Mbit/s (1000 Mbit/s with framing)
[1;36m[Device: id=0] RX[0m: 1.49 Mpps, 762 Mbit/s (1000 Mbit/s with framing)
[0;34m[Device: id=0] TX[0m: 1.49 Mpps, 762 Mbit/s (1000 Mbit/s with framing)
[1;36m[Device: id=0] RX[0m: 1.49 Mpps, 762 Mbit/s (1000 Mbit/s with framing)
[0;34m[Device: id=0] TX[0m: 1.49 Mpps, 762 Mbit/s (1000 Mbit/s with framing)
[1;36m[Device: id=0] RX[0m: 1.49 Mpps, 762 Mbit/s (1000 Mbit/s with framing)
[0;34m[Device: id=0] TX[0m: 1.49 Mpps, 762 Mbit/s (1000 Mbit/s with framing)
[1;36m[Device: id=0] RX[0m: 1.49 Mpps, 762 Mbit/s (1000 Mbit/s with framing)
[0;34m[Device: id=0] TX[0m: 1.49 Mpps, 762 Mbit/s (1000 Mbit/s with framing)
[1;36m[Device: id=0] RX[0m: 1.49 Mpps, 762 Mbit/s (1000 Mbit/s with framing)
[0;34m[Device: id=0] TX[0m: 1.49 Mpps, 762 Mbit/s (1000 Mbit/s with framing)
[1;36m[Device: id=0] RX[0m: 1.49 Mpps, 762 Mbit/s (1000 Mbit/s with framing)
[0;34m[Device: id=0] TX[0m: 1.49 Mpps, 762 Mbit/s (1000 Mbit/s with framing)
[1;36m[Device: id=0] RX[0m: 1.49 Mpps, 762 Mbit/s (1000 Mbit/s with framing)
[0;34m[Device: id=0] TX[0m: 1.49 Mpps, 762 Mbit/s (1000 Mbit/s with framing)
[1;36m[Device: id=0] RX[0m: 1.49 Mpps, 762 Mbit/s (1000 Mbit/s with framing)
[0;34m[Device: id=0] TX[0m: 1.49 Mpps, 762 Mbit/s (1000 Mbit/s with framing)
[1;36m[Device: id=0] RX[0m: 1.49 Mpps, 762 Mbit/s (1000 Mbit/s with framing)
[0;34m[Device: id=0] TX[0m: 1.49 Mpps, 762 Mbit/s (1000 Mbit/s with framing)
[1;36m[Device: id=0] RX[0m: 1.49 Mpps, 762 Mbit/s (1000 Mbit/s with framing)
[0;34m[Device: id=0] TX[0m: 1.49 Mpps, 762 Mbit/s (1000 Mbit/s with framing)
[1;36m[Device: id=0] RX[0m: 1.49 Mpps, 762 Mbit/s (1000 Mbit/s with framing)
[0;34m[Device: id=0] TX[0m: 1.49 Mpps, 762 Mbit/s (1000 Mbit/s with framing)
[1;36m[Device: id=0] RX[0m: 1.49 Mpps, 762 Mbit/s (1000 Mbit/s with framing)
[0;34m[Device: id=0] TX[0m: 1.49 Mpps, 762 Mbit/s (1000 Mbit/s with framing)
[1;36m[Device: id=0] RX[0m: 1.49 Mpps, 762 Mbit/s (1000 Mbit/s with framing)
[0;34m[Device: id=0] TX[0m: 1.49 Mpps, 762 Mbit/s (1000 Mbit/s with framing)
[1;36m[Device: id=0] RX[0m: 1.49 Mpps, 762 Mbit/s (1000 Mbit/s with framing)
[0;34m[Device: id=0] TX[0m: 1.49 Mpps, 762 Mbit/s (1000 Mbit/s with framing)
[1;36m[Device: id=0] RX[0m: 1.49 Mpps, 762 Mbit/s (1000 Mbit/s with framing)
[0;34m[Device: id=0] TX[0m: 1.49 Mpps, 762 Mbit/s (1000 Mbit/s with framing)
[1;36m[Device: id=0] RX[0m: 1.49 Mpps, 762 Mbit/s (1000 Mbit/s with framing)
[0;34m[Device: id=0] TX[0m: 1.49 Mpps, 762 Mbit/s (1000 Mbit/s with framing)
[1;36m[Device: id=0] RX[0m: 1.49 Mpps, 762 Mbit/s (1000 Mbit/s with framing)
[0;34m[Device: id=0] TX[0m: 1.49 Mpps, 762 Mbit/s (1000 Mbit/s with framing)
[1;36m[Device: id=0] RX[0m: 1.49 Mpps, 762 Mbit/s (1000 Mbit/s with framing)
[0;34m[Device: id=0] TX[0m: 1.49 Mpps, 762 Mbit/s (1000 Mbit/s with framing)
[1;36m[Device: id=0] RX[0m: 1.49 Mpps, 762 Mbit/s (1000 Mbit/s with framing)
[0;34m[Device: id=0] TX[0m: 1.49 Mpps, 762 Mbit/s (1000 Mbit/s with framing)
[1;36m[Device: id=0] RX[0m: 1.49 Mpps, 762 Mbit/s (1000 Mbit/s with framing)
[0;34m[Device: id=0] TX[0m: 1.49 Mpps, 762 Mbit/s (1000 Mbit/s with framing)
[1;36m[Device: id=0] RX[0m: 1.49 Mpps, 762 Mbit/s (1000 Mbit/s with framing)
[0;34m[Device: id=0] TX[0m: 1.49 Mpps, 762 Mbit/s (1000 Mbit/s with framing)
[1;36m[Device: id=0] RX[0m: 1.49 Mpps, 762 Mbit/s (1000 Mbit/s with framing)
[0;34m[Device: id=0] TX[0m: 1.49 Mpps, 762 Mbit/s (1000 Mbit/s with framing)
[1;36m[Device: id=0] RX[0m: 1.49 Mpps, 762 Mbit/s (1000 Mbit/s with framing)
[0;34m[Device: id=0] TX[0m: 1.49 Mpps, 762 Mbit/s (1000 Mbit/s with framing)
[1;36m[Device: id=0] RX[0m: 1.49 Mpps, 762 Mbit/s (1000 Mbit/s with framing)
[0;34m[Device: id=0] TX[0m: 1.49 Mpps, 762 Mbit/s (1000 Mbit/s with framing)
[1;36m[Device: id=0] RX[0m: 1.49 Mpps, 762 Mbit/s (1000 Mbit/s with framing)
[0;34m[Device: id=0] TX[0m: 1.49 Mpps, 762 Mbit/s (1000 Mbit/s with framing)
[1;36m[Device: id=0] RX[0m: 1.49 Mpps, 762 Mbit/s (1000 Mbit/s with framing)
[0;34m[Device: id=0] TX[0m: 1.49 Mpps, 762 Mbit/s (1000 Mbit/s with framing)
[1;36m[Device: id=0] RX[0m: 1.49 Mpps, 762 Mbit/s (1000 Mbit/s with framing)
[0;34m[Device: id=0] TX[0m: 1.49 Mpps, 762 Mbit/s (1000 Mbit/s with framing)
[1;36m[Device: id=0] RX[0m: 1.49 Mpps, 762 Mbit/s (1000 Mbit/s with framing)
[0;34m[Device: id=0] TX[0m: 1.49 Mpps, 762 Mbit/s (1000 Mbit/s with framing)
[1;36m[Device: id=0] RX[0m: 1.49 Mpps, 762 Mbit/s (1000 Mbit/s with framing)
[0;34m[Device: id=0] TX[0m: 1.49 Mpps, 762 Mbit/s (1000 Mbit/s with framing)
[1;36m[Device: id=0] RX[0m: 1.49 Mpps, 762 Mbit/s (1000 Mbit/s with framing)
[0;34m[Device: id=0] TX[0m: 1.49 Mpps, 762 Mbit/s (1000 Mbit/s with framing)
[1;36m[Device: id=0] RX[0m: 1.49 Mpps, 762 Mbit/s (1000 Mbit/s with framing)
[0;34m[Device: id=0] TX[0m: 1.49 Mpps, 762 Mbit/s (1000 Mbit/s with framing)
[1;36m[Device: id=0] RX[0m: 1.49 Mpps, 762 Mbit/s (1000 Mbit/s with framing)
[0;34m[Device: id=0] TX[0m: 1.49 Mpps, 762 Mbit/s (1000 Mbit/s with framing)
[1;36m[Device: id=0] RX[0m: 1.49 Mpps, 762 Mbit/s (1000 Mbit/s with framing)
[0;34m[Device: id=0] TX[0m: 1.49 Mpps, 762 Mbit/s (1000 Mbit/s with framing)
[1;36m[Device: id=0] RX[0m: 1.49 Mpps, 762 Mbit/s (1000 Mbit/s with framing)
[0;34m[Device: id=0] TX[0m: 1.49 Mpps, 762 Mbit/s (1000 Mbit/s with framing)
[1;36m[Device: id=0] RX[0m: 1.49 Mpps, 762 Mbit/s (1000 Mbit/s with framing)
[0;34m[Device: id=0] TX[0m: 1.49 Mpps, 762 Mbit/s (1000 Mbit/s with framing)
[1;36m[Device: id=0] RX[0m: 1.49 Mpps, 762 Mbit/s (1000 Mbit/s with framing)
[0;34m[Device: id=0] TX[0m: 1.49 Mpps, 762 Mbit/s (1000 Mbit/s with framing)
[1;36m[Device: id=0] RX[0m: 1.49 Mpps, 762 Mbit/s (1000 Mbit/s with framing)
[0;34m[Device: id=0] TX[0m: 1.49 Mpps, 762 Mbit/s (1000 Mbit/s with framing)
[1;36m[Device: id=0] RX[0m: 1.49 Mpps, 762 Mbit/s (1000 Mbit/s with framing)
[0;34m[Device: id=0] TX[0m: 1.49 Mpps, 762 Mbit/s (1000 Mbit/s with framing)
[1;36m[Device: id=0] RX[0m: 1.49 Mpps, 762 Mbit/s (1000 Mbit/s with framing)
[0;34m[Device: id=0] TX[0m: 1.49 Mpps, 762 Mbit/s (1000 Mbit/s with framing)
[1;36m[Device: id=0] RX[0m: 1.49 Mpps, 762 Mbit/s (1000 Mbit/s with framing)
[0;34m[Device: id=0] TX[0m: 1.49 Mpps, 762 Mbit/s (1000 Mbit/s with framing)
[1;36m[Device: id=0] RX[0m: 1.49 Mpps, 762 Mbit/s (1000 Mbit/s with framing)
[0;34m[Device: id=0] TX[0m: 1.49 Mpps, 762 Mbit/s (1000 Mbit/s with framing)
[1;36m[Device: id=0] RX[0m: 1.49 Mpps, 762 Mbit/s (1000 Mbit/s with framing)
[0;34m[Device: id=0] TX[0m: 1.49 Mpps, 762 Mbit/s (1000 Mbit/s with framing)
[1;36m[Device: id=0] RX[0m: 1.49 Mpps, 762 Mbit/s (1000 Mbit/s with framing)
[0;34m[Device: id=0] TX[0m: 1.49 Mpps, 762 Mbit/s (1000 Mbit/s with framing)
[1;36m[Device: id=0] RX[0m: 1.49 Mpps, 762 Mbit/s (1000 Mbit/s with framing)
[0;34m[Device: id=0] TX[0m: 1.49 Mpps, 762 Mbit/s (1000 Mbit/s with framing)
[1;36m[Device: id=0] RX[0m: 1.49 Mpps, 762 Mbit/s (1000 Mbit/s with framing)
[0;34m[Device: id=0] TX[0m: 1.49 Mpps, 762 Mbit/s (1000 Mbit/s with framing)
[1;36m[Device: id=0] RX[0m: 1.49 Mpps, 762 Mbit/s (1000 Mbit/s with framing)
[0;34m[Device: id=0] TX[0m: 1.49 Mpps, 762 Mbit/s (1000 Mbit/s with framing)
[1;36m[Device: id=0] RX[0m: 1.49 Mpps, 762 Mbit/s (1000 Mbit/s with framing)
[0;34m[Device: id=0] TX[0m: 1.49 Mpps, 762 Mbit/s (1000 Mbit/s with framing)
[1;36m[Device: id=0] RX[0m: 1.49 Mpps, 762 Mbit/s (1000 Mbit/s with framing)
[0;34m[Device: id=0] TX[0m: 1.49 Mpps, 762 Mbit/s (1000 Mbit/s with framing)
[1;36m[Device: id=0] RX[0m: 1.49 Mpps, 762 Mbit/s (1000 Mbit/s with framing)
[0;34m[Device: id=0] TX[0m: 1.49 Mpps, 762 Mbit/s (1000 Mbit/s with framing)
[1;36m[Device: id=0] RX[0m: 1.49 Mpps, 762 Mbit/s (1000 Mbit/s with framing)
[0;34m[Device: id=0] TX[0m: 1.49 Mpps, 762 Mbit/s (1000 Mbit/s with framing)
[1;36m[Device: id=0] RX[0m: 1.49 Mpps, 762 Mbit/s (1000 Mbit/s with framing)
[0;34m[Device: id=0] TX[0m: 1.49 Mpps, 762 Mbit/s (1000 Mbit/s with framing)
[1;36m[Device: id=0] RX[0m: 1.49 Mpps, 762 Mbit/s (1000 Mbit/s with framing)
[0;34m[Device: id=0] TX[0m: 1.49 Mpps, 762 Mbit/s (1000 Mbit/s with framing)
[1;36m[Device: id=0] RX[0m: 1.49 Mpps, 762 Mbit/s (1000 Mbit/s with framing)
[0;34m[Device: id=0] TX[0m: 1.49 Mpps, 762 Mbit/s (1000 Mbit/s with framing)
[1;36m[Device: id=0] RX[0m: 1.49 Mpps, 762 Mbit/s (1000 Mbit/s with framing)
[0;34m[Device: id=0] TX[0m: 1.49 Mpps, 762 Mbit/s (1000 Mbit/s with framing)
[1;36m[Device: id=0] RX[0m: 1.49 Mpps, 762 Mbit/s (1000 Mbit/s with framing)
[0;34m[Device: id=0] TX[0m: 1.49 Mpps, 762 Mbit/s (1000 Mbit/s with framing)
[1;36m[Device: id=0] RX[0m: 1.49 Mpps, 762 Mbit/s (1000 Mbit/s with framing)
[0;34m[Device: id=0] TX[0m: 1.49 Mpps, 762 Mbit/s (1000 Mbit/s with framing)
[1;36m[Device: id=0] RX[0m: 1.49 Mpps, 762 Mbit/s (1000 Mbit/s with framing)
[0;34m[Device: id=0] TX[0m: 1.49 Mpps, 762 Mbit/s (1000 Mbit/s with framing)
[1;36m[Device: id=0] RX[0m: 1.49 Mpps, 762 Mbit/s (1000 Mbit/s with framing)
[0;34m[Device: id=0] TX[0m: 1.49 Mpps, 762 Mbit/s (1000 Mbit/s with framing)
[1;36m[Device: id=0] RX[0m: 1.49 Mpps, 762 Mbit/s (1000 Mbit/s with framing)
[0;34m[Device: id=0] TX[0m: 1.49 Mpps, 762 Mbit/s (1000 Mbit/s with framing)
[1;36m[Device: id=0] RX[0m: 1.49 Mpps, 762 Mbit/s (1000 Mbit/s with framing)
[0;34m[Device: id=0] TX[0m: 1.49 Mpps, 762 Mbit/s (1000 Mbit/s with framing)
[1;36m[Device: id=0] RX[0m: 1.49 Mpps, 762 Mbit/s (1000 Mbit/s with framing)
[0;34m[Device: id=0] TX[0m: 1.49 Mpps, 762 Mbit/s (1000 Mbit/s with framing)
[1;36m[Device: id=0] RX[0m: 1.49 Mpps, 762 Mbit/s (1000 Mbit/s with framing)
[0;34m[Device: id=0] TX[0m: 1.49 Mpps, 762 Mbit/s (1000 Mbit/s with framing)
[1;36m[Device: id=0] RX[0m: 1.49 Mpps, 762 Mbit/s (1000 Mbit/s with framing)
[0;34m[Device: id=0] TX[0m: 1.49 Mpps, 762 Mbit/s (1000 Mbit/s with framing)
[1;36m[Device: id=0] RX[0m: 1.49 Mpps, 762 Mbit/s (1000 Mbit/s with framing)
[0;34m[Device: id=0] TX[0m: 1.49 Mpps, 762 Mbit/s (1000 Mbit/s with framing)
[1;36m[Device: id=0] RX[0m: 1.49 Mpps, 762 Mbit/s (1000 Mbit/s with framing)
[0;34m[Device: id=0] TX[0m: 1.49 Mpps, 762 Mbit/s (1000 Mbit/s with framing)
[1;36m[Device: id=0] RX[0m: 1.49 Mpps, 762 Mbit/s (1000 Mbit/s with framing)
[0;34m[Device: id=0] TX[0m: 1.49 Mpps, 762 Mbit/s (1000 Mbit/s with framing)
[1;36m[Device: id=0] RX[0m: 1.49 Mpps, 762 Mbit/s (1000 Mbit/s with framing)
[0;34m[Device: id=0] TX[0m: 1.49 Mpps, 762 Mbit/s (1000 Mbit/s with framing)
[1;36m[Device: id=0] RX[0m: 1.49 Mpps, 762 Mbit/s (1000 Mbit/s with framing)
[0;34m[Device: id=0] TX[0m: 1.49 Mpps, 762 Mbit/s (1000 Mbit/s with framing)
[1;36m[Device: id=0] RX[0m: 1.49 Mpps, 762 Mbit/s (1000 Mbit/s with framing)
[0;34m[Device: id=0] TX[0m: 1.49 Mpps, 762 Mbit/s (1000 Mbit/s with framing)
[1;36m[Device: id=0] RX[0m: 1.49 Mpps, 762 Mbit/s (1000 Mbit/s with framing)
[0;34m[Device: id=0] TX[0m: 1.49 Mpps, 762 Mbit/s (1000 Mbit/s with framing)
[1;36m[Device: id=0] RX[0m: 1.49 Mpps, 762 Mbit/s (1000 Mbit/s with framing)
[0;34m[Device: id=0] TX[0m: 1.49 Mpps, 762 Mbit/s (1000 Mbit/s with framing)
[1;36m[Device: id=0] RX[0m: 1.49 Mpps, 762 Mbit/s (1000 Mbit/s with framing)
[0;34m[Device: id=0] TX[0m: 1.49 Mpps, 762 Mbit/s (1000 Mbit/s with framing)
[1;36m[Device: id=0] RX[0m: 1.49 Mpps, 762 Mbit/s (1000 Mbit/s with framing)
[0;34m[Device: id=0] TX[0m: 1.49 Mpps, 762 Mbit/s (1000 Mbit/s with framing)
[1;36m[Device: id=0] RX[0m: 1.49 Mpps, 762 Mbit/s (1000 Mbit/s with framing)
[0;34m[Device: id=0] TX[0m: 1.49 Mpps, 762 Mbit/s (1000 Mbit/s with framing)
[1;36m[Device: id=0] RX[0m: 1.49 Mpps, 762 Mbit/s (1000 Mbit/s with framing)
[0;34m[Device: id=0] TX[0m: 1.49 Mpps, 762 Mbit/s (1000 Mbit/s with framing)
[1;36m[Device: id=0] RX[0m: 1.49 Mpps, 762 Mbit/s (1000 Mbit/s with framing)
[0;34m[Device: id=0] TX[0m: 1.49 Mpps, 762 Mbit/s (1000 Mbit/s with framing)
[1;36m[Device: id=0] RX[0m: 1.49 Mpps, 762 Mbit/s (1000 Mbit/s with framing)
[0;34m[Device: id=0] TX[0m: 1.49 Mpps, 762 Mbit/s (1000 Mbit/s with framing)
[1;36m[Device: id=0] RX[0m: 1.49 Mpps, 762 Mbit/s (1000 Mbit/s with framing)
[0;34m[Device: id=0] TX[0m: 1.49 Mpps, 762 Mbit/s (1000 Mbit/s with framing)
[1;36m[Device: id=0] RX[0m: 1.49 Mpps, 762 Mbit/s (1000 Mbit/s with framing)
[0;34m[Device: id=0] TX[0m: 1.49 Mpps, 762 Mbit/s (1000 Mbit/s with framing)
[1;36m[Device: id=0] RX[0m: 1.49 Mpps, 762 Mbit/s (1000 Mbit/s with framing)
[0;34m[Device: id=0] TX[0m: 1.49 Mpps, 762 Mbit/s (1000 Mbit/s with framing)
[1;36m[Device: id=0] RX[0m: 1.49 Mpps, 762 Mbit/s (1000 Mbit/s with framing)
[0;34m[Device: id=0] TX[0m: 1.49 Mpps, 762 Mbit/s (1000 Mbit/s with framing)
[1;36m[Device: id=0] RX[0m: 1.49 Mpps, 762 Mbit/s (1000 Mbit/s with framing)
[0;34m[Device: id=0] TX[0m: 1.49 Mpps, 762 Mbit/s (1000 Mbit/s with framing)
[1;36m[Device: id=0] RX[0m: 1.49 Mpps, 762 Mbit/s (1000 Mbit/s with framing)
[0;34m[Device: id=0] TX[0m: 1.49 Mpps, 762 Mbit/s (1000 Mbit/s with framing)
[1;36m[Device: id=0] RX[0m: 1.49 Mpps, 762 Mbit/s (1000 Mbit/s with framing)
[0;34m[Device: id=0] TX[0m: 1.49 Mpps, 762 Mbit/s (1000 Mbit/s with framing)
[1;36m[Device: id=0] RX[0m: 1.49 Mpps, 762 Mbit/s (1000 Mbit/s with framing)
[0;34m[Device: id=0] TX[0m: 1.49 Mpps, 762 Mbit/s (1000 Mbit/s with framing)
[1;36m[Device: id=0] RX[0m: 1.49 Mpps, 762 Mbit/s (1000 Mbit/s with framing)
[0;34m[Device: id=0] TX[0m: 1.49 Mpps, 762 Mbit/s (1000 Mbit/s with framing)
[1;36m[Device: id=0] RX[0m: 1.49 Mpps, 762 Mbit/s (1000 Mbit/s with framing)
[0;34m[Device: id=0] TX[0m: 1.49 Mpps, 762 Mbit/s (1000 Mbit/s with framing)
[1;36m[Device: id=0] RX[0m: 1.49 Mpps, 762 Mbit/s (1000 Mbit/s with framing)
[0;34m[Device: id=0] TX[0m: 1.49 Mpps, 762 Mbit/s (1000 Mbit/s with framing)
[1;36m[Device: id=0] RX[0m: 1.49 Mpps, 762 Mbit/s (1000 Mbit/s with framing)
[0;34m[Device: id=0] TX[0m: 1.49 Mpps, 762 Mbit/s (1000 Mbit/s with framing)
[1;36m[Device: id=0] RX[0m: 1.49 Mpps, 762 Mbit/s (1000 Mbit/s with framing)
[0;34m[Device: id=0] TX[0m: 1.49 Mpps, 762 Mbit/s (1000 Mbit/s with framing)
[1;36m[Device: id=0] RX[0m: 1.49 Mpps, 762 Mbit/s (1000 Mbit/s with framing)
[0;34m[Device: id=0] TX[0m: 1.49 Mpps, 762 Mbit/s (1000 Mbit/s with framing)
[1;36m[Device: id=0] RX[0m: 1.49 Mpps, 762 Mbit/s (1000 Mbit/s with framing)
[0;34m[Device: id=0] TX[0m: 1.49 Mpps, 762 Mbit/s (1000 Mbit/s with framing)
[1;36m[Device: id=0] RX[0m: 1.49 Mpps, 762 Mbit/s (1000 Mbit/s with framing)
[0;34m[Device: id=0] TX[0m: 1.49 Mpps, 762 Mbit/s (1000 Mbit/s with framing)
[1;36m[Device: id=0] RX[0m: 1.49 Mpps, 762 Mbit/s (1000 Mbit/s with framing)
[0;34m[Device: id=0] TX[0m: 1.49 Mpps, 762 Mbit/s (1000 Mbit/s with framing)
[1;36m[Device: id=0] RX[0m: 1.49 Mpps, 762 Mbit/s (1000 Mbit/s with framing)
[0;34m[Device: id=0] TX[0m: 1.49 Mpps, 762 Mbit/s (1000 Mbit/s with framing)
[1;36m[Device: id=0] RX[0m: 1.49 Mpps, 762 Mbit/s (1000 Mbit/s with framing)
[0;34m[Device: id=0] TX[0m: 1.49 Mpps, 762 Mbit/s (1000 Mbit/s with framing)
[1;36m[Device: id=0] RX[0m: 1.49 Mpps, 762 Mbit/s (1000 Mbit/s with framing)
[0;34m[Device: id=0] TX[0m: 1.49 Mpps, 762 Mbit/s (1000 Mbit/s with framing)
[1;36m[Device: id=0] RX[0m: 1.49 Mpps, 762 Mbit/s (1000 Mbit/s with framing)
[0;34m[Device: id=0] TX[0m: 1.49 Mpps, 762 Mbit/s (1000 Mbit/s with framing)
[1;36m[Device: id=0] RX[0m: 1.49 Mpps, 762 Mbit/s (1000 Mbit/s with framing)
[0;34m[Device: id=0] TX[0m: 1.49 Mpps, 762 Mbit/s (1000 Mbit/s with framing)
[1;36m[Device: id=0] RX[0m: 1.49 Mpps, 762 Mbit/s (1000 Mbit/s with framing)
[0;34m[Device: id=0] TX[0m: 1.49 Mpps, 762 Mbit/s (1000 Mbit/s with framing)
[1;36m[Device: id=0] RX[0m: 1.49 Mpps, 762 Mbit/s (1000 Mbit/s with framing)
[0;34m[Device: id=0] TX[0m: 1.49 Mpps, 762 Mbit/s (1000 Mbit/s with framing)
[1;36m[Device: id=0] RX[0m: 1.49 Mpps, 762 Mbit/s (1000 Mbit/s with framing)
[0;34m[Device: id=0] TX[0m: 1.49 Mpps, 762 Mbit/s (1000 Mbit/s with framing)
[1;33m[WARN]  Failed to timestamp packet on transmission[0m
Samples: 1356179, Average: 40640.2 ns, StdDev: 71380.9 ns, Quartiles: 11008.0/12800.0/16048.0 ns
[1;37m[INFO]  Saving histogram to '/tmp/histogram-l2-load-latency.tar.gz.csv'[0m
[1;36m[Device: id=0] RX[0m: 1.49 (StdDev 0.00) Mpps, 762 (StdDev 0) Mbit/s (1000 Mbit/s with framing), total 884993360 packets with 56639575040 bytes (incl. CRC)
[0;34m[Device: id=0] TX[0m: 1.49 (StdDev 0.00) Mpps, 762 (StdDev 0) Mbit/s (1000 Mbit/s with framing), total 886007913 packets with 56704506432 bytes (incl. CRC)
