[1;37m[INFO]  Initializing DPDK. This will take a few seconds...[0m
EAL: Probing VFIO support...
EAL: PCI device 0000:02:00.0 on NUMA socket -1
EAL:   Invalid NUMA socket, default to 0
EAL:   probe driver: 8086:1521 net_e1000_igb
EAL: PCI device 0000:02:00.1 on NUMA socket -1
EAL:   Invalid NUMA socket, default to 0
EAL:   probe driver: 8086:1521 net_e1000_igb
EAL: PCI device 0000:02:00.2 on NUMA socket -1
EAL:   Invalid NUMA socket, default to 0
EAL:   probe driver: 8086:1521 net_e1000_igb
EAL: PCI device 0000:02:00.3 on NUMA socket -1
EAL:   Invalid NUMA socket, default to 0
EAL:   probe driver: 8086:1521 net_e1000_igb
EAL: PCI device 0000:05:00.0 on NUMA socket -1
EAL:   Invalid NUMA socket, default to 0
EAL:   probe driver: 8086:10d3 net_e1000_em
[1;37m[INFO]  Found 4 usable devices:[0m
   Device 0: A0:36:9F:54:C1:70 ([0;32mIntel Corporation I350 Gigabit Network Connection[0m)
   Device 1: A0:36:9F:54:C1:71 ([0;32mIntel Corporation I350 Gigabit Network Connection[0m)
   Device 2: A0:36:9F:54:C1:72 ([0;32mIntel Corporation I350 Gigabit Network Connection[0m)
   Device 3: A0:36:9F:54:C1:73 ([0;32mIntel Corporation I350 Gigabit Network Connection[0m)
[1;33m[WARN]  Device 0 already configured, skipping initilization[0m
[1;37m[INFO]  Waiting for devices to come up...[0m
[1;37m[INFO]  Device 0 (A0:36:9F:54:C1:70) is up: 1000 MBit/s[0m
[1;37m[INFO]  [0;32m1 device is up.[0m[0m
[1;36m[Device: id=0] RX[0m: 1.49 Mpps, 762 Mbit/s (1000 Mbit/s with framing)
[0;34m[Device: id=0] TX[0m: 1.45 Mpps, 744 Mbit/s (977 Mbit/s with framing)
[1;36m[Device: id=0] RX[0m: 1.49 Mpps, 762 Mbit/s (1000 Mbit/s with framing)
[0;34m[Device: id=0] TX[0m: 1.49 Mpps, 762 Mbit/s (1000 Mbit/s with framing)
[1;36m[Device: id=0] RX[0m: 1.49 Mpps, 762 Mbit/s (1000 Mbit/s with framing)
[0;34m[Device: id=0] TX[0m: 1.49 Mpps, 762 Mbit/s (1000 Mbit/s with framing)
[1;36m[Device: id=0] RX[0m: 1.49 Mpps, 762 Mbit/s (1000 Mbit/s with framing)
[0;34m[Device: id=0] TX[0m: 1.49 Mpps, 762 Mbit/s (1000 Mbit/s with framing)
[1;36m[Device: id=0] RX[0m: 1.49 Mpps, 762 Mbit/s (1000 Mbit/s with framing)
[0;34m[Device: id=0] TX[0m: 1.49 Mpps, 762 Mbit/s (1000 Mbit/s with framing)
[1;36m[Device: id=0] RX[0m: 1.49 Mpps, 762 Mbit/s (1000 Mbit/s with framing)
[0;34m[Device: id=0] TX[0m: 1.49 Mpps, 762 Mbit/s (1000 Mbit/s with framing)
[1;36m[Device: id=0] RX[0m: 1.49 Mpps, 762 Mbit/s (1000 Mbit/s with framing)
[0;34m[Device: id=0] TX[0m: 1.49 Mpps, 762 Mbit/s (1000 Mbit/s with framing)
[1;36m[Device: id=0] RX[0m: 1.49 Mpps, 762 Mbit/s (1000 Mbit/s with framing)
[0;34m[Device: id=0] TX[0m: 1.49 Mpps, 762 Mbit/s (1000 Mbit/s with framing)
[1;36m[Device: id=0] RX[0m: 1.49 Mpps, 762 Mbit/s (1000 Mbit/s with framing)
[0;34m[Device: id=0] TX[0m: 1.49 Mpps, 762 Mbit/s (1000 Mbit/s with framing)
[1;36m[Device: id=0] RX[0m: 1.49 Mpps, 762 Mbit/s (1000 Mbit/s with framing)
[0;34m[Device: id=0] TX[0m: 1.49 Mpps, 762 Mbit/s (1000 Mbit/s with framing)
[1;36m[Device: id=0] RX[0m: 1.49 Mpps, 762 Mbit/s (1000 Mbit/s with framing)
[0;34m[Device: id=0] TX[0m: 1.49 Mpps, 762 Mbit/s (1000 Mbit/s with framing)
[1;36m[Device: id=0] RX[0m: 1.49 Mpps, 762 Mbit/s (1000 Mbit/s with framing)
[0;34m[Device: id=0] TX[0m: 1.49 Mpps, 762 Mbit/s (1000 Mbit/s with framing)
[1;36m[Device: id=0] RX[0m: 1.49 Mpps, 762 Mbit/s (1000 Mbit/s with framing)
[0;34m[Device: id=0] TX[0m: 1.49 Mpps, 762 Mbit/s (1000 Mbit/s with framing)
[1;36m[Device: id=0] RX[0m: 1.49 Mpps, 762 Mbit/s (1000 Mbit/s with framing)
[0;34m[Device: id=0] TX[0m: 1.49 Mpps, 762 Mbit/s (1000 Mbit/s with framing)
[1;36m[Device: id=0] RX[0m: 1.49 Mpps, 762 Mbit/s (1000 Mbit/s with framing)
[0;34m[Device: id=0] TX[0m: 1.49 Mpps, 762 Mbit/s (1000 Mbit/s with framing)
[1;36m[Device: id=0] RX[0m: 1.49 Mpps, 762 Mbit/s (1000 Mbit/s with framing)
[0;34m[Device: id=0] TX[0m: 1.49 Mpps, 762 Mbit/s (1000 Mbit/s with framing)
[1;36m[Device: id=0] RX[0m: 1.49 Mpps, 762 Mbit/s (1000 Mbit/s with framing)
[0;34m[Device: id=0] TX[0m: 1.49 Mpps, 762 Mbit/s (1000 Mbit/s with framing)
[1;36m[Device: id=0] RX[0m: 1.49 Mpps, 762 Mbit/s (1000 Mbit/s with framing)
[0;34m[Device: id=0] TX[0m: 1.49 Mpps, 762 Mbit/s (1000 Mbit/s with framing)
[1;36m[Device: id=0] RX[0m: 1.49 Mpps, 762 Mbit/s (1000 Mbit/s with framing)
[0;34m[Device: id=0] TX[0m: 1.49 Mpps, 762 Mbit/s (1000 Mbit/s with framing)
[1;36m[Device: id=0] RX[0m: 1.49 Mpps, 762 Mbit/s (1000 Mbit/s with framing)
[0;34m[Device: id=0] TX[0m: 1.49 Mpps, 762 Mbit/s (1000 Mbit/s with framing)
[1;36m[Device: id=0] RX[0m: 1.49 Mpps, 762 Mbit/s (1000 Mbit/s with framing)
[0;34m[Device: id=0] TX[0m: 1.49 Mpps, 762 Mbit/s (1000 Mbit/s with framing)
[1;36m[Device: id=0] RX[0m: 1.49 Mpps, 762 Mbit/s (1000 Mbit/s with framing)
[0;34m[Device: id=0] TX[0m: 1.49 Mpps, 762 Mbit/s (1000 Mbit/s with framing)
[1;36m[Device: id=0] RX[0m: 1.49 Mpps, 762 Mbit/s (1000 Mbit/s with framing)
[0;34m[Device: id=0] TX[0m: 1.49 Mpps, 762 Mbit/s (1000 Mbit/s with framing)
[1;36m[Device: id=0] RX[0m: 1.49 Mpps, 762 Mbit/s (1000 Mbit/s with framing)
[0;34m[Device: id=0] TX[0m: 1.49 Mpps, 762 Mbit/s (1000 Mbit/s with framing)
[1;36m[Device: id=0] RX[0m: 1.49 Mpps, 762 Mbit/s (1000 Mbit/s with framing)
[0;34m[Device: id=0] TX[0m: 1.49 Mpps, 762 Mbit/s (1000 Mbit/s with framing)
[1;36m[Device: id=0] RX[0m: 1.49 Mpps, 762 Mbit/s (1000 Mbit/s with framing)
[0;34m[Device: id=0] TX[0m: 1.49 Mpps, 762 Mbit/s (1000 Mbit/s with framing)
[1;36m[Device: id=0] RX[0m: 1.49 Mpps, 762 Mbit/s (1000 Mbit/s with framing)
[0;34m[Device: id=0] TX[0m: 1.49 Mpps, 762 Mbit/s (1000 Mbit/s with framing)
[1;36m[Device: id=0] RX[0m: 1.49 Mpps, 762 Mbit/s (1000 Mbit/s with framing)
[0;34m[Device: id=0] TX[0m: 1.49 Mpps, 762 Mbit/s (1000 Mbit/s with framing)
[1;36m[Device: id=0] RX[0m: 1.49 Mpps, 762 Mbit/s (1000 Mbit/s with framing)
[0;34m[Device: id=0] TX[0m: 1.49 Mpps, 762 Mbit/s (1000 Mbit/s with framing)
[1;36m[Device: id=0] RX[0m: 1.49 Mpps, 762 Mbit/s (1000 Mbit/s with framing)
[0;34m[Device: id=0] TX[0m: 1.49 Mpps, 762 Mbit/s (1000 Mbit/s with framing)
[1;36m[Device: id=0] RX[0m: 1.49 Mpps, 762 Mbit/s (1000 Mbit/s with framing)
[0;34m[Device: id=0] TX[0m: 1.49 Mpps, 762 Mbit/s (1000 Mbit/s with framing)
[1;36m[Device: id=0] RX[0m: 1.49 Mpps, 762 Mbit/s (1000 Mbit/s with framing)
[0;34m[Device: id=0] TX[0m: 1.49 Mpps, 762 Mbit/s (1000 Mbit/s with framing)
[1;36m[Device: id=0] RX[0m: 1.49 Mpps, 762 Mbit/s (1000 Mbit/s with framing)
[0;34m[Device: id=0] TX[0m: 1.49 Mpps, 762 Mbit/s (1000 Mbit/s with framing)
[1;36m[Device: id=0] RX[0m: 1.49 Mpps, 762 Mbit/s (1000 Mbit/s with framing)
[0;34m[Device: id=0] TX[0m: 1.49 Mpps, 762 Mbit/s (1000 Mbit/s with framing)
[1;36m[Device: id=0] RX[0m: 1.49 Mpps, 762 Mbit/s (1000 Mbit/s with framing)
[0;34m[Device: id=0] TX[0m: 1.49 Mpps, 762 Mbit/s (1000 Mbit/s with framing)
[1;36m[Device: id=0] RX[0m: 1.49 Mpps, 762 Mbit/s (1000 Mbit/s with framing)
[0;34m[Device: id=0] TX[0m: 1.49 Mpps, 762 Mbit/s (1000 Mbit/s with framing)
[1;36m[Device: id=0] RX[0m: 1.49 Mpps, 762 Mbit/s (1000 Mbit/s with framing)
[0;34m[Device: id=0] TX[0m: 1.49 Mpps, 762 Mbit/s (1000 Mbit/s with framing)
[1;36m[Device: id=0] RX[0m: 1.49 Mpps, 762 Mbit/s (1000 Mbit/s with framing)
[0;34m[Device: id=0] TX[0m: 1.49 Mpps, 762 Mbit/s (1000 Mbit/s with framing)
[1;36m[Device: id=0] RX[0m: 1.49 Mpps, 762 Mbit/s (1000 Mbit/s with framing)
[0;34m[Device: id=0] TX[0m: 1.49 Mpps, 762 Mbit/s (1000 Mbit/s with framing)
[1;36m[Device: id=0] RX[0m: 1.49 Mpps, 762 Mbit/s (1000 Mbit/s with framing)
[0;34m[Device: id=0] TX[0m: 1.49 Mpps, 762 Mbit/s (1000 Mbit/s with framing)
[1;36m[Device: id=0] RX[0m: 1.49 Mpps, 762 Mbit/s (1000 Mbit/s with framing)
[0;34m[Device: id=0] TX[0m: 1.49 Mpps, 762 Mbit/s (1000 Mbit/s with framing)
[1;36m[Device: id=0] RX[0m: 1.49 Mpps, 762 Mbit/s (1000 Mbit/s with framing)
[0;34m[Device: id=0] TX[0m: 1.49 Mpps, 762 Mbit/s (1000 Mbit/s with framing)
[1;36m[Device: id=0] RX[0m: 1.49 Mpps, 762 Mbit/s (1000 Mbit/s with framing)
[0;34m[Device: id=0] TX[0m: 1.49 Mpps, 762 Mbit/s (1000 Mbit/s with framing)
[1;36m[Device: id=0] RX[0m: 1.49 Mpps, 762 Mbit/s (1000 Mbit/s with framing)
[0;34m[Device: id=0] TX[0m: 1.49 Mpps, 762 Mbit/s (1000 Mbit/s with framing)
[1;36m[Device: id=0] RX[0m: 1.49 Mpps, 762 Mbit/s (1000 Mbit/s with framing)
[0;34m[Device: id=0] TX[0m: 1.49 Mpps, 762 Mbit/s (1000 Mbit/s with framing)
[1;36m[Device: id=0] RX[0m: 1.49 Mpps, 762 Mbit/s (1000 Mbit/s with framing)
[0;34m[Device: id=0] TX[0m: 1.49 Mpps, 762 Mbit/s (1000 Mbit/s with framing)
[1;36m[Device: id=0] RX[0m: 1.49 Mpps, 762 Mbit/s (1000 Mbit/s with framing)
[0;34m[Device: id=0] TX[0m: 1.49 Mpps, 762 Mbit/s (1000 Mbit/s with framing)
[1;36m[Device: id=0] RX[0m: 1.49 Mpps, 762 Mbit/s (1000 Mbit/s with framing)
[0;34m[Device: id=0] TX[0m: 1.49 Mpps, 762 Mbit/s (1000 Mbit/s with framing)
[1;36m[Device: id=0] RX[0m: 1.49 Mpps, 762 Mbit/s (1000 Mbit/s with framing)
[0;34m[Device: id=0] TX[0m: 1.49 Mpps, 762 Mbit/s (1000 Mbit/s with framing)
[1;36m[Device: id=0] RX[0m: 1.49 Mpps, 762 Mbit/s (1000 Mbit/s with framing)
[0;34m[Device: id=0] TX[0m: 1.49 Mpps, 762 Mbit/s (1000 Mbit/s with framing)
[1;36m[Device: id=0] RX[0m: 1.49 Mpps, 762 Mbit/s (1000 Mbit/s with framing)
[0;34m[Device: id=0] TX[0m: 1.49 Mpps, 762 Mbit/s (1000 Mbit/s with framing)
[1;36m[Device: id=0] RX[0m: 1.49 Mpps, 762 Mbit/s (1000 Mbit/s with framing)
[0;34m[Device: id=0] TX[0m: 1.49 Mpps, 762 Mbit/s (1000 Mbit/s with framing)
[1;36m[Device: id=0] RX[0m: 1.49 Mpps, 762 Mbit/s (1000 Mbit/s with framing)
[0;34m[Device: id=0] TX[0m: 1.49 Mpps, 762 Mbit/s (1000 Mbit/s with framing)
[1;36m[Device: id=0] RX[0m: 1.49 Mpps, 762 Mbit/s (1000 Mbit/s with framing)
[0;34m[Device: id=0] TX[0m: 1.49 Mpps, 762 Mbit/s (1000 Mbit/s with framing)
[1;36m[Device: id=0] RX[0m: 1.49 Mpps, 762 Mbit/s (1000 Mbit/s with framing)
[0;34m[Device: id=0] TX[0m: 1.49 Mpps, 762 Mbit/s (1000 Mbit/s with framing)
[1;36m[Device: id=0] RX[0m: 1.49 Mpps, 762 Mbit/s (1000 Mbit/s with framing)
[0;34m[Device: id=0] TX[0m: 1.49 Mpps, 762 Mbit/s (1000 Mbit/s with framing)
[1;36m[Device: id=0] RX[0m: 1.49 Mpps, 762 Mbit/s (1000 Mbit/s with framing)
[0;34m[Device: id=0] TX[0m: 1.49 Mpps, 762 Mbit/s (1000 Mbit/s with framing)
[1;36m[Device: id=0] RX[0m: 1.49 Mpps, 762 Mbit/s (1000 Mbit/s with framing)
[0;34m[Device: id=0] TX[0m: 1.49 Mpps, 762 Mbit/s (1000 Mbit/s with framing)
[1;36m[Device: id=0] RX[0m: 1.49 Mpps, 762 Mbit/s (1000 Mbit/s with framing)
[0;34m[Device: id=0] TX[0m: 1.49 Mpps, 762 Mbit/s (1000 Mbit/s with framing)
[1;36m[Device: id=0] RX[0m: 1.49 Mpps, 762 Mbit/s (1000 Mbit/s with framing)
[0;34m[Device: id=0] TX[0m: 1.49 Mpps, 762 Mbit/s (1000 Mbit/s with framing)
[1;36m[Device: id=0] RX[0m: 1.49 Mpps, 762 Mbit/s (1000 Mbit/s with framing)
[0;34m[Device: id=0] TX[0m: 1.49 Mpps, 762 Mbit/s (1000 Mbit/s with framing)
[1;36m[Device: id=0] RX[0m: 1.49 Mpps, 762 Mbit/s (1000 Mbit/s with framing)
[0;34m[Device: id=0] TX[0m: 1.49 Mpps, 762 Mbit/s (1000 Mbit/s with framing)
[1;36m[Device: id=0] RX[0m: 1.49 Mpps, 762 Mbit/s (1000 Mbit/s with framing)
[0;34m[Device: id=0] TX[0m: 1.49 Mpps, 762 Mbit/s (1000 Mbit/s with framing)
[1;36m[Device: id=0] RX[0m: 1.49 Mpps, 762 Mbit/s (1000 Mbit/s with framing)
[0;34m[Device: id=0] TX[0m: 1.49 Mpps, 762 Mbit/s (1000 Mbit/s with framing)
[1;36m[Device: id=0] RX[0m: 1.49 Mpps, 762 Mbit/s (1000 Mbit/s with framing)
[0;34m[Device: id=0] TX[0m: 1.49 Mpps, 762 Mbit/s (1000 Mbit/s with framing)
[1;36m[Device: id=0] RX[0m: 1.49 Mpps, 762 Mbit/s (1000 Mbit/s with framing)
[0;34m[Device: id=0] TX[0m: 1.49 Mpps, 762 Mbit/s (1000 Mbit/s with framing)
[1;36m[Device: id=0] RX[0m: 1.49 Mpps, 762 Mbit/s (1000 Mbit/s with framing)
[0;34m[Device: id=0] TX[0m: 1.49 Mpps, 762 Mbit/s (1000 Mbit/s with framing)
[1;36m[Device: id=0] RX[0m: 1.49 Mpps, 762 Mbit/s (1000 Mbit/s with framing)
[0;34m[Device: id=0] TX[0m: 1.49 Mpps, 762 Mbit/s (1000 Mbit/s with framing)
[1;36m[Device: id=0] RX[0m: 1.49 Mpps, 762 Mbit/s (1000 Mbit/s with framing)
[0;34m[Device: id=0] TX[0m: 1.49 Mpps, 762 Mbit/s (1000 Mbit/s with framing)
[1;36m[Device: id=0] RX[0m: 1.49 Mpps, 762 Mbit/s (1000 Mbit/s with framing)
[0;34m[Device: id=0] TX[0m: 1.49 Mpps, 762 Mbit/s (1000 Mbit/s with framing)
[1;36m[Device: id=0] RX[0m: 1.49 Mpps, 762 Mbit/s (1000 Mbit/s with framing)
[0;34m[Device: id=0] TX[0m: 1.49 Mpps, 762 Mbit/s (1000 Mbit/s with framing)
[1;36m[Device: id=0] RX[0m: 1.49 Mpps, 762 Mbit/s (1000 Mbit/s with framing)
[0;34m[Device: id=0] TX[0m: 1.49 Mpps, 762 Mbit/s (1000 Mbit/s with framing)
[1;36m[Device: id=0] RX[0m: 1.49 Mpps, 762 Mbit/s (1000 Mbit/s with framing)
[0;34m[Device: id=0] TX[0m: 1.49 Mpps, 762 Mbit/s (1000 Mbit/s with framing)
[1;36m[Device: id=0] RX[0m: 1.49 Mpps, 762 Mbit/s (1000 Mbit/s with framing)
[0;34m[Device: id=0] TX[0m: 1.49 Mpps, 762 Mbit/s (1000 Mbit/s with framing)
[1;36m[Device: id=0] RX[0m: 1.49 Mpps, 762 Mbit/s (1000 Mbit/s with framing)
[0;34m[Device: id=0] TX[0m: 1.49 Mpps, 762 Mbit/s (1000 Mbit/s with framing)
[1;36m[Device: id=0] RX[0m: 1.49 Mpps, 762 Mbit/s (1000 Mbit/s with framing)
[0;34m[Device: id=0] TX[0m: 1.49 Mpps, 762 Mbit/s (1000 Mbit/s with framing)
[1;36m[Device: id=0] RX[0m: 1.49 Mpps, 762 Mbit/s (1000 Mbit/s with framing)
[0;34m[Device: id=0] TX[0m: 1.49 Mpps, 762 Mbit/s (1000 Mbit/s with framing)
[1;36m[Device: id=0] RX[0m: 1.49 Mpps, 762 Mbit/s (1000 Mbit/s with framing)
[0;34m[Device: id=0] TX[0m: 1.49 Mpps, 762 Mbit/s (1000 Mbit/s with framing)
[1;36m[Device: id=0] RX[0m: 1.49 Mpps, 762 Mbit/s (1000 Mbit/s with framing)
[0;34m[Device: id=0] TX[0m: 1.49 Mpps, 762 Mbit/s (1000 Mbit/s with framing)
[1;36m[Device: id=0] RX[0m: 1.49 Mpps, 762 Mbit/s (1000 Mbit/s with framing)
[0;34m[Device: id=0] TX[0m: 1.49 Mpps, 762 Mbit/s (1000 Mbit/s with framing)
[1;36m[Device: id=0] RX[0m: 1.49 Mpps, 762 Mbit/s (1000 Mbit/s with framing)
[0;34m[Device: id=0] TX[0m: 1.49 Mpps, 762 Mbit/s (1000 Mbit/s with framing)
[1;36m[Device: id=0] RX[0m: 1.49 Mpps, 762 Mbit/s (1000 Mbit/s with framing)
[0;34m[Device: id=0] TX[0m: 1.49 Mpps, 762 Mbit/s (1000 Mbit/s with framing)
[1;36m[Device: id=0] RX[0m: 1.49 Mpps, 762 Mbit/s (1000 Mbit/s with framing)
[0;34m[Device: id=0] TX[0m: 1.49 Mpps, 762 Mbit/s (1000 Mbit/s with framing)
[1;36m[Device: id=0] RX[0m: 1.49 Mpps, 762 Mbit/s (1000 Mbit/s with framing)
[0;34m[Device: id=0] TX[0m: 1.49 Mpps, 762 Mbit/s (1000 Mbit/s with framing)
[1;36m[Device: id=0] RX[0m: 1.49 Mpps, 762 Mbit/s (1000 Mbit/s with framing)
[0;34m[Device: id=0] TX[0m: 1.49 Mpps, 762 Mbit/s (1000 Mbit/s with framing)
[1;36m[Device: id=0] RX[0m: 1.49 Mpps, 762 Mbit/s (1000 Mbit/s with framing)
[0;34m[Device: id=0] TX[0m: 1.49 Mpps, 762 Mbit/s (1000 Mbit/s with framing)
[1;36m[Device: id=0] RX[0m: 1.49 Mpps, 762 Mbit/s (1000 Mbit/s with framing)
[0;34m[Device: id=0] TX[0m: 1.49 Mpps, 762 Mbit/s (1000 Mbit/s with framing)
[1;36m[Device: id=0] RX[0m: 1.49 Mpps, 762 Mbit/s (1000 Mbit/s with framing)
[0;34m[Device: id=0] TX[0m: 1.49 Mpps, 762 Mbit/s (1000 Mbit/s with framing)
[1;36m[Device: id=0] RX[0m: 1.49 Mpps, 762 Mbit/s (1000 Mbit/s with framing)
[0;34m[Device: id=0] TX[0m: 1.49 Mpps, 762 Mbit/s (1000 Mbit/s with framing)
[1;36m[Device: id=0] RX[0m: 1.49 Mpps, 762 Mbit/s (1000 Mbit/s with framing)
[0;34m[Device: id=0] TX[0m: 1.49 Mpps, 762 Mbit/s (1000 Mbit/s with framing)
[1;36m[Device: id=0] RX[0m: 1.49 Mpps, 762 Mbit/s (1000 Mbit/s with framing)
[0;34m[Device: id=0] TX[0m: 1.49 Mpps, 762 Mbit/s (1000 Mbit/s with framing)
[1;36m[Device: id=0] RX[0m: 1.49 Mpps, 762 Mbit/s (1000 Mbit/s with framing)
[0;34m[Device: id=0] TX[0m: 1.49 Mpps, 762 Mbit/s (1000 Mbit/s with framing)
[1;36m[Device: id=0] RX[0m: 1.49 Mpps, 762 Mbit/s (1000 Mbit/s with framing)
[0;34m[Device: id=0] TX[0m: 1.49 Mpps, 762 Mbit/s (1000 Mbit/s with framing)
[1;36m[Device: id=0] RX[0m: 1.49 Mpps, 762 Mbit/s (1000 Mbit/s with framing)
[0;34m[Device: id=0] TX[0m: 1.49 Mpps, 762 Mbit/s (1000 Mbit/s with framing)
[1;36m[Device: id=0] RX[0m: 1.49 Mpps, 762 Mbit/s (1000 Mbit/s with framing)
[0;34m[Device: id=0] TX[0m: 1.49 Mpps, 762 Mbit/s (1000 Mbit/s with framing)
[1;36m[Device: id=0] RX[0m: 1.49 Mpps, 762 Mbit/s (1000 Mbit/s with framing)
[0;34m[Device: id=0] TX[0m: 1.49 Mpps, 762 Mbit/s (1000 Mbit/s with framing)
[1;36m[Device: id=0] RX[0m: 1.49 Mpps, 762 Mbit/s (1000 Mbit/s with framing)
[0;34m[Device: id=0] TX[0m: 1.49 Mpps, 762 Mbit/s (1000 Mbit/s with framing)
[1;36m[Device: id=0] RX[0m: 1.49 Mpps, 762 Mbit/s (1000 Mbit/s with framing)
[0;34m[Device: id=0] TX[0m: 1.49 Mpps, 762 Mbit/s (1000 Mbit/s with framing)
[1;36m[Device: id=0] RX[0m: 1.49 Mpps, 762 Mbit/s (1000 Mbit/s with framing)
[0;34m[Device: id=0] TX[0m: 1.49 Mpps, 762 Mbit/s (1000 Mbit/s with framing)
[1;36m[Device: id=0] RX[0m: 1.49 Mpps, 762 Mbit/s (1000 Mbit/s with framing)
[0;34m[Device: id=0] TX[0m: 1.49 Mpps, 762 Mbit/s (1000 Mbit/s with framing)
[1;36m[Device: id=0] RX[0m: 1.49 Mpps, 762 Mbit/s (1000 Mbit/s with framing)
[0;34m[Device: id=0] TX[0m: 1.49 Mpps, 762 Mbit/s (1000 Mbit/s with framing)
[1;36m[Device: id=0] RX[0m: 1.49 Mpps, 762 Mbit/s (1000 Mbit/s with framing)
[0;34m[Device: id=0] TX[0m: 1.49 Mpps, 762 Mbit/s (1000 Mbit/s with framing)
[1;36m[Device: id=0] RX[0m: 1.49 Mpps, 762 Mbit/s (1000 Mbit/s with framing)
[0;34m[Device: id=0] TX[0m: 1.49 Mpps, 762 Mbit/s (1000 Mbit/s with framing)
[1;36m[Device: id=0] RX[0m: 1.49 Mpps, 762 Mbit/s (1000 Mbit/s with framing)
[0;34m[Device: id=0] TX[0m: 1.49 Mpps, 762 Mbit/s (1000 Mbit/s with framing)
[1;36m[Device: id=0] RX[0m: 1.49 Mpps, 762 Mbit/s (1000 Mbit/s with framing)
[0;34m[Device: id=0] TX[0m: 1.49 Mpps, 762 Mbit/s (1000 Mbit/s with framing)
[1;36m[Device: id=0] RX[0m: 1.49 Mpps, 762 Mbit/s (1000 Mbit/s with framing)
[0;34m[Device: id=0] TX[0m: 1.49 Mpps, 762 Mbit/s (1000 Mbit/s with framing)
[1;36m[Device: id=0] RX[0m: 1.49 Mpps, 762 Mbit/s (1000 Mbit/s with framing)
[0;34m[Device: id=0] TX[0m: 1.49 Mpps, 762 Mbit/s (1000 Mbit/s with framing)
[1;36m[Device: id=0] RX[0m: 1.49 Mpps, 762 Mbit/s (1000 Mbit/s with framing)
[0;34m[Device: id=0] TX[0m: 1.49 Mpps, 762 Mbit/s (1000 Mbit/s with framing)
[1;36m[Device: id=0] RX[0m: 1.49 Mpps, 762 Mbit/s (1000 Mbit/s with framing)
[0;34m[Device: id=0] TX[0m: 1.49 Mpps, 762 Mbit/s (1000 Mbit/s with framing)
[1;36m[Device: id=0] RX[0m: 1.49 Mpps, 762 Mbit/s (1000 Mbit/s with framing)
[0;34m[Device: id=0] TX[0m: 1.49 Mpps, 762 Mbit/s (1000 Mbit/s with framing)
[1;36m[Device: id=0] RX[0m: 1.49 Mpps, 762 Mbit/s (1000 Mbit/s with framing)
[0;34m[Device: id=0] TX[0m: 1.49 Mpps, 762 Mbit/s (1000 Mbit/s with framing)
[1;36m[Device: id=0] RX[0m: 1.49 Mpps, 762 Mbit/s (1000 Mbit/s with framing)
[0;34m[Device: id=0] TX[0m: 1.49 Mpps, 762 Mbit/s (1000 Mbit/s with framing)
[1;36m[Device: id=0] RX[0m: 1.49 Mpps, 762 Mbit/s (1000 Mbit/s with framing)
[0;34m[Device: id=0] TX[0m: 1.49 Mpps, 762 Mbit/s (1000 Mbit/s with framing)
[1;36m[Device: id=0] RX[0m: 1.49 Mpps, 762 Mbit/s (1000 Mbit/s with framing)
[0;34m[Device: id=0] TX[0m: 1.49 Mpps, 762 Mbit/s (1000 Mbit/s with framing)
[1;36m[Device: id=0] RX[0m: 1.49 Mpps, 762 Mbit/s (1000 Mbit/s with framing)
[0;34m[Device: id=0] TX[0m: 1.49 Mpps, 762 Mbit/s (1000 Mbit/s with framing)
[1;36m[Device: id=0] RX[0m: 1.49 Mpps, 762 Mbit/s (1000 Mbit/s with framing)
[0;34m[Device: id=0] TX[0m: 1.49 Mpps, 762 Mbit/s (1000 Mbit/s with framing)
[1;36m[Device: id=0] RX[0m: 1.49 Mpps, 762 Mbit/s (1000 Mbit/s with framing)
[0;34m[Device: id=0] TX[0m: 1.49 Mpps, 762 Mbit/s (1000 Mbit/s with framing)
[1;36m[Device: id=0] RX[0m: 1.49 Mpps, 762 Mbit/s (1000 Mbit/s with framing)
[0;34m[Device: id=0] TX[0m: 1.49 Mpps, 762 Mbit/s (1000 Mbit/s with framing)
[1;36m[Device: id=0] RX[0m: 1.49 Mpps, 762 Mbit/s (1000 Mbit/s with framing)
[0;34m[Device: id=0] TX[0m: 1.49 Mpps, 762 Mbit/s (1000 Mbit/s with framing)
[1;36m[Device: id=0] RX[0m: 1.49 Mpps, 762 Mbit/s (1000 Mbit/s with framing)
[0;34m[Device: id=0] TX[0m: 1.49 Mpps, 762 Mbit/s (1000 Mbit/s with framing)
[1;36m[Device: id=0] RX[0m: 1.49 Mpps, 762 Mbit/s (1000 Mbit/s with framing)
[0;34m[Device: id=0] TX[0m: 1.49 Mpps, 762 Mbit/s (1000 Mbit/s with framing)
[1;36m[Device: id=0] RX[0m: 1.49 Mpps, 762 Mbit/s (1000 Mbit/s with framing)
[0;34m[Device: id=0] TX[0m: 1.49 Mpps, 762 Mbit/s (1000 Mbit/s with framing)
[1;36m[Device: id=0] RX[0m: 1.49 Mpps, 762 Mbit/s (1000 Mbit/s with framing)
[0;34m[Device: id=0] TX[0m: 1.49 Mpps, 762 Mbit/s (1000 Mbit/s with framing)
[1;36m[Device: id=0] RX[0m: 1.49 Mpps, 762 Mbit/s (1000 Mbit/s with framing)
[0;34m[Device: id=0] TX[0m: 1.49 Mpps, 762 Mbit/s (1000 Mbit/s with framing)
[1;36m[Device: id=0] RX[0m: 1.49 Mpps, 762 Mbit/s (1000 Mbit/s with framing)
[0;34m[Device: id=0] TX[0m: 1.49 Mpps, 762 Mbit/s (1000 Mbit/s with framing)
[1;36m[Device: id=0] RX[0m: 1.49 Mpps, 762 Mbit/s (1000 Mbit/s with framing)
[0;34m[Device: id=0] TX[0m: 1.49 Mpps, 762 Mbit/s (1000 Mbit/s with framing)
[1;36m[Device: id=0] RX[0m: 1.49 Mpps, 762 Mbit/s (1000 Mbit/s with framing)
[0;34m[Device: id=0] TX[0m: 1.49 Mpps, 762 Mbit/s (1000 Mbit/s with framing)
[1;36m[Device: id=0] RX[0m: 1.49 Mpps, 762 Mbit/s (1000 Mbit/s with framing)
[0;34m[Device: id=0] TX[0m: 1.49 Mpps, 762 Mbit/s (1000 Mbit/s with framing)
[1;36m[Device: id=0] RX[0m: 1.49 Mpps, 762 Mbit/s (1000 Mbit/s with framing)
[0;34m[Device: id=0] TX[0m: 1.49 Mpps, 762 Mbit/s (1000 Mbit/s with framing)
[1;36m[Device: id=0] RX[0m: 1.49 Mpps, 762 Mbit/s (1000 Mbit/s with framing)
[0;34m[Device: id=0] TX[0m: 1.49 Mpps, 762 Mbit/s (1000 Mbit/s with framing)
[1;36m[Device: id=0] RX[0m: 1.49 Mpps, 762 Mbit/s (1000 Mbit/s with framing)
[0;34m[Device: id=0] TX[0m: 1.49 Mpps, 762 Mbit/s (1000 Mbit/s with framing)
[1;36m[Device: id=0] RX[0m: 1.49 Mpps, 762 Mbit/s (1000 Mbit/s with framing)
[0;34m[Device: id=0] TX[0m: 1.49 Mpps, 762 Mbit/s (1000 Mbit/s with framing)
[1;36m[Device: id=0] RX[0m: 1.49 Mpps, 762 Mbit/s (1000 Mbit/s with framing)
[0;34m[Device: id=0] TX[0m: 1.49 Mpps, 762 Mbit/s (1000 Mbit/s with framing)
[1;36m[Device: id=0] RX[0m: 1.49 Mpps, 762 Mbit/s (1000 Mbit/s with framing)
[0;34m[Device: id=0] TX[0m: 1.49 Mpps, 762 Mbit/s (1000 Mbit/s with framing)
[1;36m[Device: id=0] RX[0m: 1.49 Mpps, 762 Mbit/s (1000 Mbit/s with framing)
[0;34m[Device: id=0] TX[0m: 1.49 Mpps, 762 Mbit/s (1000 Mbit/s with framing)
[1;36m[Device: id=0] RX[0m: 1.49 Mpps, 762 Mbit/s (1000 Mbit/s with framing)
[0;34m[Device: id=0] TX[0m: 1.49 Mpps, 762 Mbit/s (1000 Mbit/s with framing)
[1;36m[Device: id=0] RX[0m: 1.49 Mpps, 762 Mbit/s (1000 Mbit/s with framing)
[0;34m[Device: id=0] TX[0m: 1.49 Mpps, 762 Mbit/s (1000 Mbit/s with framing)
[1;36m[Device: id=0] RX[0m: 1.49 Mpps, 762 Mbit/s (1000 Mbit/s with framing)
[0;34m[Device: id=0] TX[0m: 1.49 Mpps, 762 Mbit/s (1000 Mbit/s with framing)
[1;36m[Device: id=0] RX[0m: 1.49 Mpps, 762 Mbit/s (1000 Mbit/s with framing)
[0;34m[Device: id=0] TX[0m: 1.49 Mpps, 762 Mbit/s (1000 Mbit/s with framing)
[1;36m[Device: id=0] RX[0m: 1.49 Mpps, 762 Mbit/s (1000 Mbit/s with framing)
[0;34m[Device: id=0] TX[0m: 1.49 Mpps, 762 Mbit/s (1000 Mbit/s with framing)
[1;36m[Device: id=0] RX[0m: 1.49 Mpps, 762 Mbit/s (1000 Mbit/s with framing)
[0;34m[Device: id=0] TX[0m: 1.49 Mpps, 762 Mbit/s (1000 Mbit/s with framing)
[1;36m[Device: id=0] RX[0m: 1.49 Mpps, 762 Mbit/s (1000 Mbit/s with framing)
[0;34m[Device: id=0] TX[0m: 1.49 Mpps, 762 Mbit/s (1000 Mbit/s with framing)
[1;36m[Device: id=0] RX[0m: 1.49 Mpps, 762 Mbit/s (1000 Mbit/s with framing)
[0;34m[Device: id=0] TX[0m: 1.49 Mpps, 762 Mbit/s (1000 Mbit/s with framing)
[1;36m[Device: id=0] RX[0m: 1.49 Mpps, 762 Mbit/s (1000 Mbit/s with framing)
[0;34m[Device: id=0] TX[0m: 1.49 Mpps, 762 Mbit/s (1000 Mbit/s with framing)
[1;36m[Device: id=0] RX[0m: 1.49 Mpps, 762 Mbit/s (1000 Mbit/s with framing)
[0;34m[Device: id=0] TX[0m: 1.49 Mpps, 762 Mbit/s (1000 Mbit/s with framing)
[1;36m[Device: id=0] RX[0m: 1.49 Mpps, 762 Mbit/s (1000 Mbit/s with framing)
[0;34m[Device: id=0] TX[0m: 1.49 Mpps, 762 Mbit/s (1000 Mbit/s with framing)
[1;36m[Device: id=0] RX[0m: 1.49 Mpps, 762 Mbit/s (1000 Mbit/s with framing)
[0;34m[Device: id=0] TX[0m: 1.49 Mpps, 762 Mbit/s (1000 Mbit/s with framing)
[1;36m[Device: id=0] RX[0m: 1.49 Mpps, 762 Mbit/s (1000 Mbit/s with framing)
[0;34m[Device: id=0] TX[0m: 1.49 Mpps, 762 Mbit/s (1000 Mbit/s with framing)
[1;36m[Device: id=0] RX[0m: 1.49 Mpps, 762 Mbit/s (1000 Mbit/s with framing)
[0;34m[Device: id=0] TX[0m: 1.49 Mpps, 762 Mbit/s (1000 Mbit/s with framing)
[1;36m[Device: id=0] RX[0m: 1.49 Mpps, 762 Mbit/s (1000 Mbit/s with framing)
[0;34m[Device: id=0] TX[0m: 1.49 Mpps, 762 Mbit/s (1000 Mbit/s with framing)
[1;36m[Device: id=0] RX[0m: 1.49 Mpps, 762 Mbit/s (1000 Mbit/s with framing)
[0;34m[Device: id=0] TX[0m: 1.49 Mpps, 762 Mbit/s (1000 Mbit/s with framing)
[1;36m[Device: id=0] RX[0m: 1.49 Mpps, 762 Mbit/s (1000 Mbit/s with framing)
[0;34m[Device: id=0] TX[0m: 1.49 Mpps, 762 Mbit/s (1000 Mbit/s with framing)
[1;36m[Device: id=0] RX[0m: 1.49 Mpps, 762 Mbit/s (1000 Mbit/s with framing)
[0;34m[Device: id=0] TX[0m: 1.49 Mpps, 762 Mbit/s (1000 Mbit/s with framing)
[1;36m[Device: id=0] RX[0m: 1.49 Mpps, 762 Mbit/s (1000 Mbit/s with framing)
[0;34m[Device: id=0] TX[0m: 1.49 Mpps, 762 Mbit/s (1000 Mbit/s with framing)
[1;36m[Device: id=0] RX[0m: 1.49 Mpps, 762 Mbit/s (1000 Mbit/s with framing)
[0;34m[Device: id=0] TX[0m: 1.49 Mpps, 762 Mbit/s (1000 Mbit/s with framing)
[1;36m[Device: id=0] RX[0m: 1.49 Mpps, 762 Mbit/s (1000 Mbit/s with framing)
[0;34m[Device: id=0] TX[0m: 1.49 Mpps, 762 Mbit/s (1000 Mbit/s with framing)
[1;36m[Device: id=0] RX[0m: 1.49 Mpps, 762 Mbit/s (1000 Mbit/s with framing)
[0;34m[Device: id=0] TX[0m: 1.49 Mpps, 762 Mbit/s (1000 Mbit/s with framing)
[1;36m[Device: id=0] RX[0m: 1.49 Mpps, 762 Mbit/s (1000 Mbit/s with framing)
[0;34m[Device: id=0] TX[0m: 1.49 Mpps, 762 Mbit/s (1000 Mbit/s with framing)
[1;36m[Device: id=0] RX[0m: 1.49 Mpps, 762 Mbit/s (1000 Mbit/s with framing)
[0;34m[Device: id=0] TX[0m: 1.49 Mpps, 762 Mbit/s (1000 Mbit/s with framing)
[1;36m[Device: id=0] RX[0m: 1.49 Mpps, 762 Mbit/s (1000 Mbit/s with framing)
[0;34m[Device: id=0] TX[0m: 1.49 Mpps, 762 Mbit/s (1000 Mbit/s with framing)
[1;36m[Device: id=0] RX[0m: 1.49 Mpps, 762 Mbit/s (1000 Mbit/s with framing)
[0;34m[Device: id=0] TX[0m: 1.49 Mpps, 762 Mbit/s (1000 Mbit/s with framing)
[1;36m[Device: id=0] RX[0m: 1.49 Mpps, 762 Mbit/s (1000 Mbit/s with framing)
[0;34m[Device: id=0] TX[0m: 1.49 Mpps, 762 Mbit/s (1000 Mbit/s with framing)
[1;36m[Device: id=0] RX[0m: 1.49 Mpps, 762 Mbit/s (1000 Mbit/s with framing)
[0;34m[Device: id=0] TX[0m: 1.49 Mpps, 762 Mbit/s (1000 Mbit/s with framing)
[1;36m[Device: id=0] RX[0m: 1.49 Mpps, 762 Mbit/s (1000 Mbit/s with framing)
[0;34m[Device: id=0] TX[0m: 1.49 Mpps, 762 Mbit/s (1000 Mbit/s with framing)
[1;36m[Device: id=0] RX[0m: 1.49 Mpps, 762 Mbit/s (1000 Mbit/s with framing)
[0;34m[Device: id=0] TX[0m: 1.49 Mpps, 762 Mbit/s (1000 Mbit/s with framing)
[1;36m[Device: id=0] RX[0m: 1.49 Mpps, 762 Mbit/s (1000 Mbit/s with framing)
[0;34m[Device: id=0] TX[0m: 1.49 Mpps, 762 Mbit/s (1000 Mbit/s with framing)
[1;36m[Device: id=0] RX[0m: 1.49 Mpps, 762 Mbit/s (1000 Mbit/s with framing)
[0;34m[Device: id=0] TX[0m: 1.49 Mpps, 762 Mbit/s (1000 Mbit/s with framing)
[1;36m[Device: id=0] RX[0m: 1.49 Mpps, 762 Mbit/s (1000 Mbit/s with framing)
[0;34m[Device: id=0] TX[0m: 1.49 Mpps, 762 Mbit/s (1000 Mbit/s with framing)
[1;36m[Device: id=0] RX[0m: 1.49 Mpps, 762 Mbit/s (1000 Mbit/s with framing)
[0;34m[Device: id=0] TX[0m: 1.49 Mpps, 762 Mbit/s (1000 Mbit/s with framing)
[1;36m[Device: id=0] RX[0m: 1.49 Mpps, 762 Mbit/s (1000 Mbit/s with framing)
[0;34m[Device: id=0] TX[0m: 1.49 Mpps, 762 Mbit/s (1000 Mbit/s with framing)
[1;36m[Device: id=0] RX[0m: 1.49 Mpps, 762 Mbit/s (1000 Mbit/s with framing)
[0;34m[Device: id=0] TX[0m: 1.49 Mpps, 762 Mbit/s (1000 Mbit/s with framing)
[1;36m[Device: id=0] RX[0m: 1.49 Mpps, 762 Mbit/s (1000 Mbit/s with framing)
[0;34m[Device: id=0] TX[0m: 1.49 Mpps, 762 Mbit/s (1000 Mbit/s with framing)
[1;36m[Device: id=0] RX[0m: 1.49 Mpps, 762 Mbit/s (1000 Mbit/s with framing)
[0;34m[Device: id=0] TX[0m: 1.49 Mpps, 762 Mbit/s (1000 Mbit/s with framing)
[1;36m[Device: id=0] RX[0m: 1.49 Mpps, 762 Mbit/s (1000 Mbit/s with framing)
[0;34m[Device: id=0] TX[0m: 1.49 Mpps, 762 Mbit/s (1000 Mbit/s with framing)
[1;36m[Device: id=0] RX[0m: 1.49 Mpps, 762 Mbit/s (1000 Mbit/s with framing)
[0;34m[Device: id=0] TX[0m: 1.49 Mpps, 762 Mbit/s (1000 Mbit/s with framing)
[1;36m[Device: id=0] RX[0m: 1.49 Mpps, 762 Mbit/s (1000 Mbit/s with framing)
[0;34m[Device: id=0] TX[0m: 1.49 Mpps, 762 Mbit/s (1000 Mbit/s with framing)
[1;36m[Device: id=0] RX[0m: 1.49 Mpps, 762 Mbit/s (1000 Mbit/s with framing)
[0;34m[Device: id=0] TX[0m: 1.49 Mpps, 762 Mbit/s (1000 Mbit/s with framing)
[1;36m[Device: id=0] RX[0m: 1.49 Mpps, 762 Mbit/s (1000 Mbit/s with framing)
[0;34m[Device: id=0] TX[0m: 1.49 Mpps, 762 Mbit/s (1000 Mbit/s with framing)
[1;36m[Device: id=0] RX[0m: 1.49 Mpps, 762 Mbit/s (1000 Mbit/s with framing)
[0;34m[Device: id=0] TX[0m: 1.49 Mpps, 762 Mbit/s (1000 Mbit/s with framing)
[1;36m[Device: id=0] RX[0m: 1.49 Mpps, 762 Mbit/s (1000 Mbit/s with framing)
[0;34m[Device: id=0] TX[0m: 1.49 Mpps, 762 Mbit/s (1000 Mbit/s with framing)
[1;36m[Device: id=0] RX[0m: 1.49 Mpps, 762 Mbit/s (1000 Mbit/s with framing)
[0;34m[Device: id=0] TX[0m: 1.49 Mpps, 762 Mbit/s (1000 Mbit/s with framing)
[1;36m[Device: id=0] RX[0m: 1.49 Mpps, 762 Mbit/s (1000 Mbit/s with framing)
[0;34m[Device: id=0] TX[0m: 1.49 Mpps, 762 Mbit/s (1000 Mbit/s with framing)
[1;36m[Device: id=0] RX[0m: 1.49 Mpps, 762 Mbit/s (1000 Mbit/s with framing)
[0;34m[Device: id=0] TX[0m: 1.49 Mpps, 762 Mbit/s (1000 Mbit/s with framing)
[1;36m[Device: id=0] RX[0m: 1.49 Mpps, 762 Mbit/s (1000 Mbit/s with framing)
[0;34m[Device: id=0] TX[0m: 1.49 Mpps, 762 Mbit/s (1000 Mbit/s with framing)
[1;36m[Device: id=0] RX[0m: 1.49 Mpps, 762 Mbit/s (1000 Mbit/s with framing)
[0;34m[Device: id=0] TX[0m: 1.49 Mpps, 762 Mbit/s (1000 Mbit/s with framing)
[1;36m[Device: id=0] RX[0m: 1.49 Mpps, 762 Mbit/s (1000 Mbit/s with framing)
[0;34m[Device: id=0] TX[0m: 1.49 Mpps, 762 Mbit/s (1000 Mbit/s with framing)
[1;36m[Device: id=0] RX[0m: 1.49 Mpps, 762 Mbit/s (1000 Mbit/s with framing)
[0;34m[Device: id=0] TX[0m: 1.49 Mpps, 762 Mbit/s (1000 Mbit/s with framing)
[1;36m[Device: id=0] RX[0m: 1.49 Mpps, 762 Mbit/s (1000 Mbit/s with framing)
[0;34m[Device: id=0] TX[0m: 1.49 Mpps, 762 Mbit/s (1000 Mbit/s with framing)
[1;36m[Device: id=0] RX[0m: 1.49 Mpps, 762 Mbit/s (1000 Mbit/s with framing)
[0;34m[Device: id=0] TX[0m: 1.49 Mpps, 762 Mbit/s (1000 Mbit/s with framing)
[1;36m[Device: id=0] RX[0m: 1.49 Mpps, 762 Mbit/s (1000 Mbit/s with framing)
[0;34m[Device: id=0] TX[0m: 1.49 Mpps, 762 Mbit/s (1000 Mbit/s with framing)
[1;36m[Device: id=0] RX[0m: 1.49 Mpps, 762 Mbit/s (1000 Mbit/s with framing)
[0;34m[Device: id=0] TX[0m: 1.49 Mpps, 762 Mbit/s (1000 Mbit/s with framing)
[1;36m[Device: id=0] RX[0m: 1.49 Mpps, 762 Mbit/s (1000 Mbit/s with framing)
[0;34m[Device: id=0] TX[0m: 1.49 Mpps, 762 Mbit/s (1000 Mbit/s with framing)
[1;36m[Device: id=0] RX[0m: 1.49 Mpps, 762 Mbit/s (1000 Mbit/s with framing)
[0;34m[Device: id=0] TX[0m: 1.49 Mpps, 762 Mbit/s (1000 Mbit/s with framing)
[1;36m[Device: id=0] RX[0m: 1.49 Mpps, 762 Mbit/s (1000 Mbit/s with framing)
[0;34m[Device: id=0] TX[0m: 1.49 Mpps, 762 Mbit/s (1000 Mbit/s with framing)
[1;36m[Device: id=0] RX[0m: 1.49 Mpps, 762 Mbit/s (1000 Mbit/s with framing)
[0;34m[Device: id=0] TX[0m: 1.49 Mpps, 762 Mbit/s (1000 Mbit/s with framing)
[1;36m[Device: id=0] RX[0m: 1.49 Mpps, 762 Mbit/s (1000 Mbit/s with framing)
[0;34m[Device: id=0] TX[0m: 1.49 Mpps, 762 Mbit/s (1000 Mbit/s with framing)
[1;36m[Device: id=0] RX[0m: 1.49 Mpps, 762 Mbit/s (1000 Mbit/s with framing)
[0;34m[Device: id=0] TX[0m: 1.49 Mpps, 762 Mbit/s (1000 Mbit/s with framing)
[1;36m[Device: id=0] RX[0m: 1.49 Mpps, 762 Mbit/s (1000 Mbit/s with framing)
[0;34m[Device: id=0] TX[0m: 1.49 Mpps, 762 Mbit/s (1000 Mbit/s with framing)
[1;36m[Device: id=0] RX[0m: 1.49 Mpps, 762 Mbit/s (1000 Mbit/s with framing)
[0;34m[Device: id=0] TX[0m: 1.49 Mpps, 762 Mbit/s (1000 Mbit/s with framing)
[1;36m[Device: id=0] RX[0m: 1.49 Mpps, 762 Mbit/s (1000 Mbit/s with framing)
[0;34m[Device: id=0] TX[0m: 1.49 Mpps, 762 Mbit/s (1000 Mbit/s with framing)
[1;36m[Device: id=0] RX[0m: 1.49 Mpps, 762 Mbit/s (1000 Mbit/s with framing)
[0;34m[Device: id=0] TX[0m: 1.49 Mpps, 762 Mbit/s (1000 Mbit/s with framing)
[1;36m[Device: id=0] RX[0m: 1.49 Mpps, 762 Mbit/s (1000 Mbit/s with framing)
[0;34m[Device: id=0] TX[0m: 1.49 Mpps, 762 Mbit/s (1000 Mbit/s with framing)
[1;36m[Device: id=0] RX[0m: 1.49 Mpps, 762 Mbit/s (1000 Mbit/s with framing)
[0;34m[Device: id=0] TX[0m: 1.49 Mpps, 762 Mbit/s (1000 Mbit/s with framing)
[1;36m[Device: id=0] RX[0m: 1.49 Mpps, 762 Mbit/s (1000 Mbit/s with framing)
[0;34m[Device: id=0] TX[0m: 1.49 Mpps, 762 Mbit/s (1000 Mbit/s with framing)
[1;36m[Device: id=0] RX[0m: 1.49 Mpps, 762 Mbit/s (1000 Mbit/s with framing)
[0;34m[Device: id=0] TX[0m: 1.49 Mpps, 762 Mbit/s (1000 Mbit/s with framing)
[1;36m[Device: id=0] RX[0m: 1.49 Mpps, 762 Mbit/s (1000 Mbit/s with framing)
[0;34m[Device: id=0] TX[0m: 1.49 Mpps, 762 Mbit/s (1000 Mbit/s with framing)
[1;36m[Device: id=0] RX[0m: 1.49 Mpps, 762 Mbit/s (1000 Mbit/s with framing)
[0;34m[Device: id=0] TX[0m: 1.49 Mpps, 762 Mbit/s (1000 Mbit/s with framing)
[1;36m[Device: id=0] RX[0m: 1.49 Mpps, 762 Mbit/s (1000 Mbit/s with framing)
[0;34m[Device: id=0] TX[0m: 1.49 Mpps, 762 Mbit/s (1000 Mbit/s with framing)
[1;36m[Device: id=0] RX[0m: 1.49 Mpps, 762 Mbit/s (1000 Mbit/s with framing)
[0;34m[Device: id=0] TX[0m: 1.49 Mpps, 762 Mbit/s (1000 Mbit/s with framing)
[1;36m[Device: id=0] RX[0m: 1.49 Mpps, 762 Mbit/s (1000 Mbit/s with framing)
[0;34m[Device: id=0] TX[0m: 1.49 Mpps, 762 Mbit/s (1000 Mbit/s with framing)
[1;36m[Device: id=0] RX[0m: 1.49 Mpps, 762 Mbit/s (1000 Mbit/s with framing)
[0;34m[Device: id=0] TX[0m: 1.49 Mpps, 762 Mbit/s (1000 Mbit/s with framing)
[1;36m[Device: id=0] RX[0m: 1.49 Mpps, 762 Mbit/s (1000 Mbit/s with framing)
[0;34m[Device: id=0] TX[0m: 1.49 Mpps, 762 Mbit/s (1000 Mbit/s with framing)
[1;36m[Device: id=0] RX[0m: 1.49 Mpps, 762 Mbit/s (1000 Mbit/s with framing)
[0;34m[Device: id=0] TX[0m: 1.49 Mpps, 762 Mbit/s (1000 Mbit/s with framing)
[1;36m[Device: id=0] RX[0m: 1.49 Mpps, 762 Mbit/s (1000 Mbit/s with framing)
[0;34m[Device: id=0] TX[0m: 1.49 Mpps, 762 Mbit/s (1000 Mbit/s with framing)
[1;36m[Device: id=0] RX[0m: 1.49 Mpps, 762 Mbit/s (1000 Mbit/s with framing)
[0;34m[Device: id=0] TX[0m: 1.49 Mpps, 762 Mbit/s (1000 Mbit/s with framing)
[1;36m[Device: id=0] RX[0m: 1.49 Mpps, 762 Mbit/s (1000 Mbit/s with framing)
[0;34m[Device: id=0] TX[0m: 1.49 Mpps, 762 Mbit/s (1000 Mbit/s with framing)
[1;36m[Device: id=0] RX[0m: 1.49 Mpps, 762 Mbit/s (1000 Mbit/s with framing)
[0;34m[Device: id=0] TX[0m: 1.49 Mpps, 762 Mbit/s (1000 Mbit/s with framing)
[1;36m[Device: id=0] RX[0m: 1.49 Mpps, 762 Mbit/s (1000 Mbit/s with framing)
[0;34m[Device: id=0] TX[0m: 1.49 Mpps, 762 Mbit/s (1000 Mbit/s with framing)
[1;36m[Device: id=0] RX[0m: 1.49 Mpps, 762 Mbit/s (1000 Mbit/s with framing)
[0;34m[Device: id=0] TX[0m: 1.49 Mpps, 762 Mbit/s (1000 Mbit/s with framing)
[1;36m[Device: id=0] RX[0m: 1.49 Mpps, 762 Mbit/s (1000 Mbit/s with framing)
[0;34m[Device: id=0] TX[0m: 1.49 Mpps, 762 Mbit/s (1000 Mbit/s with framing)
[1;36m[Device: id=0] RX[0m: 1.49 Mpps, 762 Mbit/s (1000 Mbit/s with framing)
[0;34m[Device: id=0] TX[0m: 1.49 Mpps, 762 Mbit/s (1000 Mbit/s with framing)
[1;36m[Device: id=0] RX[0m: 1.49 Mpps, 762 Mbit/s (1000 Mbit/s with framing)
[0;34m[Device: id=0] TX[0m: 1.49 Mpps, 762 Mbit/s (1000 Mbit/s with framing)
[1;36m[Device: id=0] RX[0m: 1.49 Mpps, 762 Mbit/s (1000 Mbit/s with framing)
[0;34m[Device: id=0] TX[0m: 1.49 Mpps, 762 Mbit/s (1000 Mbit/s with framing)
[1;36m[Device: id=0] RX[0m: 1.49 Mpps, 762 Mbit/s (1000 Mbit/s with framing)
[0;34m[Device: id=0] TX[0m: 1.49 Mpps, 762 Mbit/s (1000 Mbit/s with framing)
[1;36m[Device: id=0] RX[0m: 1.49 Mpps, 762 Mbit/s (1000 Mbit/s with framing)
[0;34m[Device: id=0] TX[0m: 1.49 Mpps, 762 Mbit/s (1000 Mbit/s with framing)
[1;36m[Device: id=0] RX[0m: 1.49 Mpps, 762 Mbit/s (1000 Mbit/s with framing)
[0;34m[Device: id=0] TX[0m: 1.49 Mpps, 762 Mbit/s (1000 Mbit/s with framing)
[1;36m[Device: id=0] RX[0m: 1.49 Mpps, 762 Mbit/s (1000 Mbit/s with framing)
[0;34m[Device: id=0] TX[0m: 1.49 Mpps, 762 Mbit/s (1000 Mbit/s with framing)
[1;36m[Device: id=0] RX[0m: 1.49 Mpps, 762 Mbit/s (1000 Mbit/s with framing)
[0;34m[Device: id=0] TX[0m: 1.49 Mpps, 762 Mbit/s (1000 Mbit/s with framing)
[1;36m[Device: id=0] RX[0m: 1.49 Mpps, 762 Mbit/s (1000 Mbit/s with framing)
[0;34m[Device: id=0] TX[0m: 1.49 Mpps, 762 Mbit/s (1000 Mbit/s with framing)
[1;36m[Device: id=0] RX[0m: 1.49 Mpps, 762 Mbit/s (1000 Mbit/s with framing)
[0;34m[Device: id=0] TX[0m: 1.49 Mpps, 762 Mbit/s (1000 Mbit/s with framing)
[1;36m[Device: id=0] RX[0m: 1.49 Mpps, 762 Mbit/s (1000 Mbit/s with framing)
[0;34m[Device: id=0] TX[0m: 1.49 Mpps, 762 Mbit/s (1000 Mbit/s with framing)
[1;36m[Device: id=0] RX[0m: 1.49 Mpps, 762 Mbit/s (1000 Mbit/s with framing)
[0;34m[Device: id=0] TX[0m: 1.49 Mpps, 762 Mbit/s (1000 Mbit/s with framing)
[1;36m[Device: id=0] RX[0m: 1.49 Mpps, 762 Mbit/s (1000 Mbit/s with framing)
[0;34m[Device: id=0] TX[0m: 1.49 Mpps, 762 Mbit/s (1000 Mbit/s with framing)
[1;36m[Device: id=0] RX[0m: 1.49 Mpps, 762 Mbit/s (1000 Mbit/s with framing)
[0;34m[Device: id=0] TX[0m: 1.49 Mpps, 762 Mbit/s (1000 Mbit/s with framing)
[1;36m[Device: id=0] RX[0m: 1.49 Mpps, 762 Mbit/s (1000 Mbit/s with framing)
[0;34m[Device: id=0] TX[0m: 1.49 Mpps, 762 Mbit/s (1000 Mbit/s with framing)
[1;36m[Device: id=0] RX[0m: 1.49 Mpps, 762 Mbit/s (1000 Mbit/s with framing)
[0;34m[Device: id=0] TX[0m: 1.49 Mpps, 762 Mbit/s (1000 Mbit/s with framing)
[1;36m[Device: id=0] RX[0m: 1.49 Mpps, 762 Mbit/s (1000 Mbit/s with framing)
[0;34m[Device: id=0] TX[0m: 1.49 Mpps, 762 Mbit/s (1000 Mbit/s with framing)
[1;36m[Device: id=0] RX[0m: 1.49 Mpps, 762 Mbit/s (1000 Mbit/s with framing)
[0;34m[Device: id=0] TX[0m: 1.49 Mpps, 762 Mbit/s (1000 Mbit/s with framing)
[1;36m[Device: id=0] RX[0m: 1.49 Mpps, 762 Mbit/s (1000 Mbit/s with framing)
[0;34m[Device: id=0] TX[0m: 1.49 Mpps, 762 Mbit/s (1000 Mbit/s with framing)
[1;36m[Device: id=0] RX[0m: 1.49 Mpps, 762 Mbit/s (1000 Mbit/s with framing)
[0;34m[Device: id=0] TX[0m: 1.49 Mpps, 762 Mbit/s (1000 Mbit/s with framing)
[1;36m[Device: id=0] RX[0m: 1.49 Mpps, 762 Mbit/s (1000 Mbit/s with framing)
[0;34m[Device: id=0] TX[0m: 1.49 Mpps, 762 Mbit/s (1000 Mbit/s with framing)
[1;36m[Device: id=0] RX[0m: 1.49 Mpps, 762 Mbit/s (1000 Mbit/s with framing)
[0;34m[Device: id=0] TX[0m: 1.49 Mpps, 762 Mbit/s (1000 Mbit/s with framing)
[1;36m[Device: id=0] RX[0m: 1.49 Mpps, 762 Mbit/s (1000 Mbit/s with framing)
[0;34m[Device: id=0] TX[0m: 1.49 Mpps, 762 Mbit/s (1000 Mbit/s with framing)
[1;36m[Device: id=0] RX[0m: 1.49 Mpps, 762 Mbit/s (1000 Mbit/s with framing)
[0;34m[Device: id=0] TX[0m: 1.49 Mpps, 762 Mbit/s (1000 Mbit/s with framing)
[1;36m[Device: id=0] RX[0m: 1.49 Mpps, 762 Mbit/s (1000 Mbit/s with framing)
[0;34m[Device: id=0] TX[0m: 1.49 Mpps, 762 Mbit/s (1000 Mbit/s with framing)
[1;36m[Device: id=0] RX[0m: 1.49 Mpps, 762 Mbit/s (1000 Mbit/s with framing)
[0;34m[Device: id=0] TX[0m: 1.49 Mpps, 762 Mbit/s (1000 Mbit/s with framing)
[1;36m[Device: id=0] RX[0m: 1.49 Mpps, 762 Mbit/s (1000 Mbit/s with framing)
[0;34m[Device: id=0] TX[0m: 1.49 Mpps, 762 Mbit/s (1000 Mbit/s with framing)
[1;36m[Device: id=0] RX[0m: 1.49 Mpps, 762 Mbit/s (1000 Mbit/s with framing)
[0;34m[Device: id=0] TX[0m: 1.49 Mpps, 762 Mbit/s (1000 Mbit/s with framing)
[1;36m[Device: id=0] RX[0m: 1.49 Mpps, 762 Mbit/s (1000 Mbit/s with framing)
[0;34m[Device: id=0] TX[0m: 1.49 Mpps, 762 Mbit/s (1000 Mbit/s with framing)
[1;36m[Device: id=0] RX[0m: 1.49 Mpps, 762 Mbit/s (1000 Mbit/s with framing)
[0;34m[Device: id=0] TX[0m: 1.49 Mpps, 762 Mbit/s (1000 Mbit/s with framing)
[1;36m[Device: id=0] RX[0m: 1.49 Mpps, 762 Mbit/s (1000 Mbit/s with framing)
[0;34m[Device: id=0] TX[0m: 1.49 Mpps, 762 Mbit/s (1000 Mbit/s with framing)
[1;36m[Device: id=0] RX[0m: 1.49 Mpps, 762 Mbit/s (1000 Mbit/s with framing)
[0;34m[Device: id=0] TX[0m: 1.49 Mpps, 762 Mbit/s (1000 Mbit/s with framing)
[1;36m[Device: id=0] RX[0m: 1.49 Mpps, 762 Mbit/s (1000 Mbit/s with framing)
[0;34m[Device: id=0] TX[0m: 1.49 Mpps, 762 Mbit/s (1000 Mbit/s with framing)
[1;36m[Device: id=0] RX[0m: 1.49 Mpps, 762 Mbit/s (1000 Mbit/s with framing)
[0;34m[Device: id=0] TX[0m: 1.49 Mpps, 762 Mbit/s (1000 Mbit/s with framing)
[1;36m[Device: id=0] RX[0m: 1.49 Mpps, 762 Mbit/s (1000 Mbit/s with framing)
[0;34m[Device: id=0] TX[0m: 1.49 Mpps, 762 Mbit/s (1000 Mbit/s with framing)
[1;36m[Device: id=0] RX[0m: 1.49 Mpps, 762 Mbit/s (1000 Mbit/s with framing)
[0;34m[Device: id=0] TX[0m: 1.49 Mpps, 762 Mbit/s (1000 Mbit/s with framing)
[1;36m[Device: id=0] RX[0m: 1.49 Mpps, 762 Mbit/s (1000 Mbit/s with framing)
[0;34m[Device: id=0] TX[0m: 1.49 Mpps, 762 Mbit/s (1000 Mbit/s with framing)
[1;36m[Device: id=0] RX[0m: 1.49 Mpps, 762 Mbit/s (1000 Mbit/s with framing)
[0;34m[Device: id=0] TX[0m: 1.49 Mpps, 762 Mbit/s (1000 Mbit/s with framing)
[1;36m[Device: id=0] RX[0m: 1.49 Mpps, 762 Mbit/s (1000 Mbit/s with framing)
[0;34m[Device: id=0] TX[0m: 1.49 Mpps, 762 Mbit/s (1000 Mbit/s with framing)
[1;36m[Device: id=0] RX[0m: 1.49 Mpps, 762 Mbit/s (1000 Mbit/s with framing)
[0;34m[Device: id=0] TX[0m: 1.49 Mpps, 762 Mbit/s (1000 Mbit/s with framing)
[1;36m[Device: id=0] RX[0m: 1.49 Mpps, 762 Mbit/s (1000 Mbit/s with framing)
[0;34m[Device: id=0] TX[0m: 1.49 Mpps, 762 Mbit/s (1000 Mbit/s with framing)
[1;36m[Device: id=0] RX[0m: 1.49 Mpps, 762 Mbit/s (1000 Mbit/s with framing)
[0;34m[Device: id=0] TX[0m: 1.49 Mpps, 762 Mbit/s (1000 Mbit/s with framing)
[1;36m[Device: id=0] RX[0m: 1.49 Mpps, 762 Mbit/s (1000 Mbit/s with framing)
[0;34m[Device: id=0] TX[0m: 1.49 Mpps, 762 Mbit/s (1000 Mbit/s with framing)
[1;36m[Device: id=0] RX[0m: 1.49 Mpps, 762 Mbit/s (1000 Mbit/s with framing)
[0;34m[Device: id=0] TX[0m: 1.49 Mpps, 762 Mbit/s (1000 Mbit/s with framing)
[1;36m[Device: id=0] RX[0m: 1.49 Mpps, 762 Mbit/s (1000 Mbit/s with framing)
[0;34m[Device: id=0] TX[0m: 1.49 Mpps, 762 Mbit/s (1000 Mbit/s with framing)
[1;36m[Device: id=0] RX[0m: 1.49 Mpps, 762 Mbit/s (1000 Mbit/s with framing)
[0;34m[Device: id=0] TX[0m: 1.49 Mpps, 762 Mbit/s (1000 Mbit/s with framing)
[1;36m[Device: id=0] RX[0m: 1.49 Mpps, 762 Mbit/s (1000 Mbit/s with framing)
[0;34m[Device: id=0] TX[0m: 1.49 Mpps, 762 Mbit/s (1000 Mbit/s with framing)
[1;36m[Device: id=0] RX[0m: 1.49 Mpps, 762 Mbit/s (1000 Mbit/s with framing)
[0;34m[Device: id=0] TX[0m: 1.49 Mpps, 762 Mbit/s (1000 Mbit/s with framing)
[1;36m[Device: id=0] RX[0m: 1.49 Mpps, 762 Mbit/s (1000 Mbit/s with framing)
[0;34m[Device: id=0] TX[0m: 1.49 Mpps, 762 Mbit/s (1000 Mbit/s with framing)
[1;36m[Device: id=0] RX[0m: 1.49 Mpps, 762 Mbit/s (1000 Mbit/s with framing)
[0;34m[Device: id=0] TX[0m: 1.49 Mpps, 762 Mbit/s (1000 Mbit/s with framing)
[1;36m[Device: id=0] RX[0m: 1.49 Mpps, 762 Mbit/s (1000 Mbit/s with framing)
[0;34m[Device: id=0] TX[0m: 1.49 Mpps, 762 Mbit/s (1000 Mbit/s with framing)
[1;36m[Device: id=0] RX[0m: 1.49 Mpps, 762 Mbit/s (1000 Mbit/s with framing)
[0;34m[Device: id=0] TX[0m: 1.49 Mpps, 762 Mbit/s (1000 Mbit/s with framing)
[1;36m[Device: id=0] RX[0m: 1.49 Mpps, 762 Mbit/s (1000 Mbit/s with framing)
[0;34m[Device: id=0] TX[0m: 1.49 Mpps, 762 Mbit/s (1000 Mbit/s with framing)
[1;36m[Device: id=0] RX[0m: 1.49 Mpps, 762 Mbit/s (1000 Mbit/s with framing)
[0;34m[Device: id=0] TX[0m: 1.49 Mpps, 762 Mbit/s (1000 Mbit/s with framing)
[1;36m[Device: id=0] RX[0m: 1.49 Mpps, 762 Mbit/s (1000 Mbit/s with framing)
[0;34m[Device: id=0] TX[0m: 1.49 Mpps, 762 Mbit/s (1000 Mbit/s with framing)
[1;36m[Device: id=0] RX[0m: 1.49 Mpps, 762 Mbit/s (1000 Mbit/s with framing)
[0;34m[Device: id=0] TX[0m: 1.49 Mpps, 762 Mbit/s (1000 Mbit/s with framing)
[1;36m[Device: id=0] RX[0m: 1.49 Mpps, 762 Mbit/s (1000 Mbit/s with framing)
[0;34m[Device: id=0] TX[0m: 1.49 Mpps, 762 Mbit/s (1000 Mbit/s with framing)
[1;36m[Device: id=0] RX[0m: 1.49 Mpps, 762 Mbit/s (1000 Mbit/s with framing)
[0;34m[Device: id=0] TX[0m: 1.49 Mpps, 762 Mbit/s (1000 Mbit/s with framing)
[1;36m[Device: id=0] RX[0m: 1.49 Mpps, 762 Mbit/s (1000 Mbit/s with framing)
[0;34m[Device: id=0] TX[0m: 1.49 Mpps, 762 Mbit/s (1000 Mbit/s with framing)
[1;36m[Device: id=0] RX[0m: 1.49 Mpps, 762 Mbit/s (1000 Mbit/s with framing)
[0;34m[Device: id=0] TX[0m: 1.49 Mpps, 762 Mbit/s (1000 Mbit/s with framing)
[1;36m[Device: id=0] RX[0m: 1.49 Mpps, 762 Mbit/s (1000 Mbit/s with framing)
[0;34m[Device: id=0] TX[0m: 1.49 Mpps, 762 Mbit/s (1000 Mbit/s with framing)
[1;36m[Device: id=0] RX[0m: 1.49 Mpps, 762 Mbit/s (1000 Mbit/s with framing)
[0;34m[Device: id=0] TX[0m: 1.49 Mpps, 762 Mbit/s (1000 Mbit/s with framing)
[1;36m[Device: id=0] RX[0m: 1.49 Mpps, 762 Mbit/s (1000 Mbit/s with framing)
[0;34m[Device: id=0] TX[0m: 1.49 Mpps, 762 Mbit/s (1000 Mbit/s with framing)
[1;36m[Device: id=0] RX[0m: 1.49 Mpps, 762 Mbit/s (1000 Mbit/s with framing)
[0;34m[Device: id=0] TX[0m: 1.49 Mpps, 762 Mbit/s (1000 Mbit/s with framing)
[1;36m[Device: id=0] RX[0m: 1.49 Mpps, 762 Mbit/s (1000 Mbit/s with framing)
[0;34m[Device: id=0] TX[0m: 1.49 Mpps, 762 Mbit/s (1000 Mbit/s with framing)
[1;36m[Device: id=0] RX[0m: 1.49 Mpps, 762 Mbit/s (1000 Mbit/s with framing)
[0;34m[Device: id=0] TX[0m: 1.49 Mpps, 762 Mbit/s (1000 Mbit/s with framing)
[1;36m[Device: id=0] RX[0m: 1.49 Mpps, 762 Mbit/s (1000 Mbit/s with framing)
[0;34m[Device: id=0] TX[0m: 1.49 Mpps, 762 Mbit/s (1000 Mbit/s with framing)
[1;36m[Device: id=0] RX[0m: 1.49 Mpps, 762 Mbit/s (1000 Mbit/s with framing)
[0;34m[Device: id=0] TX[0m: 1.49 Mpps, 762 Mbit/s (1000 Mbit/s with framing)
[1;36m[Device: id=0] RX[0m: 1.49 Mpps, 762 Mbit/s (1000 Mbit/s with framing)
[0;34m[Device: id=0] TX[0m: 1.49 Mpps, 762 Mbit/s (1000 Mbit/s with framing)
[1;36m[Device: id=0] RX[0m: 1.49 Mpps, 762 Mbit/s (1000 Mbit/s with framing)
[0;34m[Device: id=0] TX[0m: 1.49 Mpps, 762 Mbit/s (1000 Mbit/s with framing)
[1;36m[Device: id=0] RX[0m: 1.49 Mpps, 762 Mbit/s (1000 Mbit/s with framing)
[0;34m[Device: id=0] TX[0m: 1.49 Mpps, 762 Mbit/s (1000 Mbit/s with framing)
[1;36m[Device: id=0] RX[0m: 1.49 Mpps, 762 Mbit/s (1000 Mbit/s with framing)
[0;34m[Device: id=0] TX[0m: 1.49 Mpps, 762 Mbit/s (1000 Mbit/s with framing)
[1;36m[Device: id=0] RX[0m: 1.49 Mpps, 762 Mbit/s (1000 Mbit/s with framing)
[0;34m[Device: id=0] TX[0m: 1.49 Mpps, 762 Mbit/s (1000 Mbit/s with framing)
[1;36m[Device: id=0] RX[0m: 1.49 Mpps, 762 Mbit/s (1000 Mbit/s with framing)
[0;34m[Device: id=0] TX[0m: 1.49 Mpps, 762 Mbit/s (1000 Mbit/s with framing)
[1;36m[Device: id=0] RX[0m: 1.49 Mpps, 762 Mbit/s (1000 Mbit/s with framing)
[0;34m[Device: id=0] TX[0m: 1.49 Mpps, 762 Mbit/s (1000 Mbit/s with framing)
[1;36m[Device: id=0] RX[0m: 1.49 Mpps, 762 Mbit/s (1000 Mbit/s with framing)
[0;34m[Device: id=0] TX[0m: 1.49 Mpps, 762 Mbit/s (1000 Mbit/s with framing)
[1;36m[Device: id=0] RX[0m: 1.49 Mpps, 762 Mbit/s (1000 Mbit/s with framing)
[0;34m[Device: id=0] TX[0m: 1.49 Mpps, 762 Mbit/s (1000 Mbit/s with framing)
[1;36m[Device: id=0] RX[0m: 1.49 Mpps, 762 Mbit/s (1000 Mbit/s with framing)
[0;34m[Device: id=0] TX[0m: 1.49 Mpps, 762 Mbit/s (1000 Mbit/s with framing)
[1;36m[Device: id=0] RX[0m: 1.49 Mpps, 762 Mbit/s (1000 Mbit/s with framing)
[0;34m[Device: id=0] TX[0m: 1.49 Mpps, 762 Mbit/s (1000 Mbit/s with framing)
[1;36m[Device: id=0] RX[0m: 1.49 Mpps, 762 Mbit/s (1000 Mbit/s with framing)
[0;34m[Device: id=0] TX[0m: 1.49 Mpps, 762 Mbit/s (1000 Mbit/s with framing)
[1;36m[Device: id=0] RX[0m: 1.49 Mpps, 762 Mbit/s (1000 Mbit/s with framing)
[0;34m[Device: id=0] TX[0m: 1.49 Mpps, 762 Mbit/s (1000 Mbit/s with framing)
[1;36m[Device: id=0] RX[0m: 1.49 Mpps, 762 Mbit/s (1000 Mbit/s with framing)
[0;34m[Device: id=0] TX[0m: 1.49 Mpps, 762 Mbit/s (1000 Mbit/s with framing)
[1;36m[Device: id=0] RX[0m: 1.49 Mpps, 762 Mbit/s (1000 Mbit/s with framing)
[0;34m[Device: id=0] TX[0m: 1.49 Mpps, 762 Mbit/s (1000 Mbit/s with framing)
[1;36m[Device: id=0] RX[0m: 1.49 Mpps, 762 Mbit/s (1000 Mbit/s with framing)
[0;34m[Device: id=0] TX[0m: 1.49 Mpps, 762 Mbit/s (1000 Mbit/s with framing)
[1;36m[Device: id=0] RX[0m: 1.49 Mpps, 762 Mbit/s (1000 Mbit/s with framing)
[0;34m[Device: id=0] TX[0m: 1.49 Mpps, 762 Mbit/s (1000 Mbit/s with framing)
[1;36m[Device: id=0] RX[0m: 1.49 Mpps, 762 Mbit/s (1000 Mbit/s with framing)
[0;34m[Device: id=0] TX[0m: 1.49 Mpps, 762 Mbit/s (1000 Mbit/s with framing)
[1;36m[Device: id=0] RX[0m: 1.49 Mpps, 762 Mbit/s (1000 Mbit/s with framing)
[0;34m[Device: id=0] TX[0m: 1.49 Mpps, 762 Mbit/s (1000 Mbit/s with framing)
[1;36m[Device: id=0] RX[0m: 1.49 Mpps, 762 Mbit/s (1000 Mbit/s with framing)
[0;34m[Device: id=0] TX[0m: 1.49 Mpps, 762 Mbit/s (1000 Mbit/s with framing)
[1;36m[Device: id=0] RX[0m: 1.49 Mpps, 762 Mbit/s (1000 Mbit/s with framing)
[0;34m[Device: id=0] TX[0m: 1.49 Mpps, 762 Mbit/s (1000 Mbit/s with framing)
[1;36m[Device: id=0] RX[0m: 1.49 Mpps, 762 Mbit/s (1000 Mbit/s with framing)
[0;34m[Device: id=0] TX[0m: 1.49 Mpps, 762 Mbit/s (1000 Mbit/s with framing)
[1;36m[Device: id=0] RX[0m: 1.49 Mpps, 762 Mbit/s (1000 Mbit/s with framing)
[0;34m[Device: id=0] TX[0m: 1.49 Mpps, 762 Mbit/s (1000 Mbit/s with framing)
[1;36m[Device: id=0] RX[0m: 1.49 Mpps, 762 Mbit/s (1000 Mbit/s with framing)
[0;34m[Device: id=0] TX[0m: 1.49 Mpps, 762 Mbit/s (1000 Mbit/s with framing)
[1;36m[Device: id=0] RX[0m: 1.49 Mpps, 762 Mbit/s (1000 Mbit/s with framing)
[0;34m[Device: id=0] TX[0m: 1.49 Mpps, 762 Mbit/s (1000 Mbit/s with framing)
[1;36m[Device: id=0] RX[0m: 1.49 Mpps, 762 Mbit/s (1000 Mbit/s with framing)
[0;34m[Device: id=0] TX[0m: 1.49 Mpps, 762 Mbit/s (1000 Mbit/s with framing)
[1;36m[Device: id=0] RX[0m: 1.49 Mpps, 762 Mbit/s (1000 Mbit/s with framing)
[0;34m[Device: id=0] TX[0m: 1.49 Mpps, 762 Mbit/s (1000 Mbit/s with framing)
[1;36m[Device: id=0] RX[0m: 1.49 Mpps, 762 Mbit/s (1000 Mbit/s with framing)
[0;34m[Device: id=0] TX[0m: 1.49 Mpps, 762 Mbit/s (1000 Mbit/s with framing)
[1;36m[Device: id=0] RX[0m: 1.49 Mpps, 762 Mbit/s (1000 Mbit/s with framing)
[0;34m[Device: id=0] TX[0m: 1.49 Mpps, 762 Mbit/s (1000 Mbit/s with framing)
[1;36m[Device: id=0] RX[0m: 1.49 Mpps, 762 Mbit/s (1000 Mbit/s with framing)
[0;34m[Device: id=0] TX[0m: 1.49 Mpps, 762 Mbit/s (1000 Mbit/s with framing)
[1;36m[Device: id=0] RX[0m: 1.49 Mpps, 762 Mbit/s (1000 Mbit/s with framing)
[0;34m[Device: id=0] TX[0m: 1.49 Mpps, 762 Mbit/s (1000 Mbit/s with framing)
[1;36m[Device: id=0] RX[0m: 1.49 Mpps, 762 Mbit/s (1000 Mbit/s with framing)
[0;34m[Device: id=0] TX[0m: 1.49 Mpps, 762 Mbit/s (1000 Mbit/s with framing)
[1;36m[Device: id=0] RX[0m: 1.49 Mpps, 762 Mbit/s (1000 Mbit/s with framing)
[0;34m[Device: id=0] TX[0m: 1.49 Mpps, 762 Mbit/s (1000 Mbit/s with framing)
[1;36m[Device: id=0] RX[0m: 1.49 Mpps, 762 Mbit/s (1000 Mbit/s with framing)
[0;34m[Device: id=0] TX[0m: 1.49 Mpps, 762 Mbit/s (1000 Mbit/s with framing)
[1;36m[Device: id=0] RX[0m: 1.49 Mpps, 762 Mbit/s (1000 Mbit/s with framing)
[0;34m[Device: id=0] TX[0m: 1.49 Mpps, 762 Mbit/s (1000 Mbit/s with framing)
[1;36m[Device: id=0] RX[0m: 1.49 Mpps, 762 Mbit/s (1000 Mbit/s with framing)
[0;34m[Device: id=0] TX[0m: 1.49 Mpps, 762 Mbit/s (1000 Mbit/s with framing)
[1;36m[Device: id=0] RX[0m: 1.49 Mpps, 762 Mbit/s (1000 Mbit/s with framing)
[0;34m[Device: id=0] TX[0m: 1.49 Mpps, 762 Mbit/s (1000 Mbit/s with framing)
[1;36m[Device: id=0] RX[0m: 1.49 Mpps, 762 Mbit/s (1000 Mbit/s with framing)
[0;34m[Device: id=0] TX[0m: 1.49 Mpps, 762 Mbit/s (1000 Mbit/s with framing)
[1;36m[Device: id=0] RX[0m: 1.49 Mpps, 762 Mbit/s (1000 Mbit/s with framing)
[0;34m[Device: id=0] TX[0m: 1.49 Mpps, 762 Mbit/s (1000 Mbit/s with framing)
[1;36m[Device: id=0] RX[0m: 1.49 Mpps, 762 Mbit/s (1000 Mbit/s with framing)
[0;34m[Device: id=0] TX[0m: 1.49 Mpps, 762 Mbit/s (1000 Mbit/s with framing)
[1;36m[Device: id=0] RX[0m: 1.49 Mpps, 762 Mbit/s (1000 Mbit/s with framing)
[0;34m[Device: id=0] TX[0m: 1.49 Mpps, 762 Mbit/s (1000 Mbit/s with framing)
[1;36m[Device: id=0] RX[0m: 1.49 Mpps, 762 Mbit/s (1000 Mbit/s with framing)
[0;34m[Device: id=0] TX[0m: 1.49 Mpps, 762 Mbit/s (1000 Mbit/s with framing)
[1;36m[Device: id=0] RX[0m: 1.49 Mpps, 762 Mbit/s (1000 Mbit/s with framing)
[0;34m[Device: id=0] TX[0m: 1.49 Mpps, 762 Mbit/s (1000 Mbit/s with framing)
[1;36m[Device: id=0] RX[0m: 1.49 Mpps, 762 Mbit/s (1000 Mbit/s with framing)
[0;34m[Device: id=0] TX[0m: 1.49 Mpps, 762 Mbit/s (1000 Mbit/s with framing)
[1;36m[Device: id=0] RX[0m: 1.49 Mpps, 762 Mbit/s (1000 Mbit/s with framing)
[0;34m[Device: id=0] TX[0m: 1.49 Mpps, 762 Mbit/s (1000 Mbit/s with framing)
[1;36m[Device: id=0] RX[0m: 1.49 Mpps, 762 Mbit/s (1000 Mbit/s with framing)
[0;34m[Device: id=0] TX[0m: 1.49 Mpps, 762 Mbit/s (1000 Mbit/s with framing)
[1;36m[Device: id=0] RX[0m: 1.49 Mpps, 762 Mbit/s (1000 Mbit/s with framing)
[0;34m[Device: id=0] TX[0m: 1.49 Mpps, 762 Mbit/s (1000 Mbit/s with framing)
[1;36m[Device: id=0] RX[0m: 1.49 Mpps, 762 Mbit/s (1000 Mbit/s with framing)
[0;34m[Device: id=0] TX[0m: 1.49 Mpps, 762 Mbit/s (1000 Mbit/s with framing)
[1;36m[Device: id=0] RX[0m: 1.49 Mpps, 762 Mbit/s (1000 Mbit/s with framing)
[0;34m[Device: id=0] TX[0m: 1.49 Mpps, 762 Mbit/s (1000 Mbit/s with framing)
[1;36m[Device: id=0] RX[0m: 1.49 Mpps, 762 Mbit/s (1000 Mbit/s with framing)
[0;34m[Device: id=0] TX[0m: 1.49 Mpps, 762 Mbit/s (1000 Mbit/s with framing)
[1;36m[Device: id=0] RX[0m: 1.49 Mpps, 762 Mbit/s (1000 Mbit/s with framing)
[0;34m[Device: id=0] TX[0m: 1.49 Mpps, 762 Mbit/s (1000 Mbit/s with framing)
[1;36m[Device: id=0] RX[0m: 1.49 Mpps, 762 Mbit/s (1000 Mbit/s with framing)
[0;34m[Device: id=0] TX[0m: 1.49 Mpps, 762 Mbit/s (1000 Mbit/s with framing)
[1;36m[Device: id=0] RX[0m: 1.49 Mpps, 762 Mbit/s (1000 Mbit/s with framing)
[0;34m[Device: id=0] TX[0m: 1.49 Mpps, 762 Mbit/s (1000 Mbit/s with framing)
[1;36m[Device: id=0] RX[0m: 1.49 Mpps, 762 Mbit/s (1000 Mbit/s with framing)
[0;34m[Device: id=0] TX[0m: 1.49 Mpps, 762 Mbit/s (1000 Mbit/s with framing)
[1;36m[Device: id=0] RX[0m: 1.49 Mpps, 762 Mbit/s (1000 Mbit/s with framing)
[0;34m[Device: id=0] TX[0m: 1.49 Mpps, 762 Mbit/s (1000 Mbit/s with framing)
[1;36m[Device: id=0] RX[0m: 1.49 Mpps, 762 Mbit/s (1000 Mbit/s with framing)
[0;34m[Device: id=0] TX[0m: 1.49 Mpps, 762 Mbit/s (1000 Mbit/s with framing)
[1;36m[Device: id=0] RX[0m: 1.49 Mpps, 762 Mbit/s (1000 Mbit/s with framing)
[0;34m[Device: id=0] TX[0m: 1.49 Mpps, 762 Mbit/s (1000 Mbit/s with framing)
[1;36m[Device: id=0] RX[0m: 1.49 Mpps, 762 Mbit/s (1000 Mbit/s with framing)
[0;34m[Device: id=0] TX[0m: 1.49 Mpps, 762 Mbit/s (1000 Mbit/s with framing)
[1;36m[Device: id=0] RX[0m: 1.49 Mpps, 762 Mbit/s (1000 Mbit/s with framing)
[0;34m[Device: id=0] TX[0m: 1.49 Mpps, 762 Mbit/s (1000 Mbit/s with framing)
[1;36m[Device: id=0] RX[0m: 1.49 Mpps, 762 Mbit/s (1000 Mbit/s with framing)
[0;34m[Device: id=0] TX[0m: 1.49 Mpps, 762 Mbit/s (1000 Mbit/s with framing)
[1;36m[Device: id=0] RX[0m: 1.49 Mpps, 762 Mbit/s (1000 Mbit/s with framing)
[0;34m[Device: id=0] TX[0m: 1.49 Mpps, 762 Mbit/s (1000 Mbit/s with framing)
[1;36m[Device: id=0] RX[0m: 1.49 Mpps, 762 Mbit/s (1000 Mbit/s with framing)
[0;34m[Device: id=0] TX[0m: 1.49 Mpps, 762 Mbit/s (1000 Mbit/s with framing)
[1;36m[Device: id=0] RX[0m: 1.49 Mpps, 762 Mbit/s (1000 Mbit/s with framing)
[0;34m[Device: id=0] TX[0m: 1.49 Mpps, 762 Mbit/s (1000 Mbit/s with framing)
[1;36m[Device: id=0] RX[0m: 1.49 Mpps, 762 Mbit/s (1000 Mbit/s with framing)
[0;34m[Device: id=0] TX[0m: 1.49 Mpps, 762 Mbit/s (1000 Mbit/s with framing)
[1;36m[Device: id=0] RX[0m: 1.49 Mpps, 762 Mbit/s (1000 Mbit/s with framing)
[0;34m[Device: id=0] TX[0m: 1.49 Mpps, 762 Mbit/s (1000 Mbit/s with framing)
[1;36m[Device: id=0] RX[0m: 1.49 Mpps, 762 Mbit/s (1000 Mbit/s with framing)
[0;34m[Device: id=0] TX[0m: 1.49 Mpps, 762 Mbit/s (1000 Mbit/s with framing)
[1;36m[Device: id=0] RX[0m: 1.49 Mpps, 762 Mbit/s (1000 Mbit/s with framing)
[0;34m[Device: id=0] TX[0m: 1.49 Mpps, 762 Mbit/s (1000 Mbit/s with framing)
[1;36m[Device: id=0] RX[0m: 1.49 Mpps, 762 Mbit/s (1000 Mbit/s with framing)
[0;34m[Device: id=0] TX[0m: 1.49 Mpps, 762 Mbit/s (1000 Mbit/s with framing)
[1;36m[Device: id=0] RX[0m: 1.49 Mpps, 762 Mbit/s (1000 Mbit/s with framing)
[0;34m[Device: id=0] TX[0m: 1.49 Mpps, 762 Mbit/s (1000 Mbit/s with framing)
[1;36m[Device: id=0] RX[0m: 1.49 Mpps, 762 Mbit/s (1000 Mbit/s with framing)
[0;34m[Device: id=0] TX[0m: 1.49 Mpps, 762 Mbit/s (1000 Mbit/s with framing)
[1;36m[Device: id=0] RX[0m: 1.49 Mpps, 762 Mbit/s (1000 Mbit/s with framing)
[0;34m[Device: id=0] TX[0m: 1.49 Mpps, 762 Mbit/s (1000 Mbit/s with framing)
[1;36m[Device: id=0] RX[0m: 1.49 Mpps, 762 Mbit/s (1000 Mbit/s with framing)
[0;34m[Device: id=0] TX[0m: 1.49 Mpps, 762 Mbit/s (1000 Mbit/s with framing)
[1;36m[Device: id=0] RX[0m: 1.49 Mpps, 762 Mbit/s (1000 Mbit/s with framing)
[0;34m[Device: id=0] TX[0m: 1.49 Mpps, 762 Mbit/s (1000 Mbit/s with framing)
[1;36m[Device: id=0] RX[0m: 1.49 Mpps, 762 Mbit/s (1000 Mbit/s with framing)
[0;34m[Device: id=0] TX[0m: 1.49 Mpps, 762 Mbit/s (1000 Mbit/s with framing)
[1;36m[Device: id=0] RX[0m: 1.49 Mpps, 762 Mbit/s (1000 Mbit/s with framing)
[0;34m[Device: id=0] TX[0m: 1.49 Mpps, 762 Mbit/s (1000 Mbit/s with framing)
[1;36m[Device: id=0] RX[0m: 1.49 Mpps, 762 Mbit/s (1000 Mbit/s with framing)
[0;34m[Device: id=0] TX[0m: 1.49 Mpps, 762 Mbit/s (1000 Mbit/s with framing)
[1;36m[Device: id=0] RX[0m: 1.49 Mpps, 762 Mbit/s (1000 Mbit/s with framing)
[0;34m[Device: id=0] TX[0m: 1.49 Mpps, 762 Mbit/s (1000 Mbit/s with framing)
[1;36m[Device: id=0] RX[0m: 1.49 Mpps, 762 Mbit/s (1000 Mbit/s with framing)
[0;34m[Device: id=0] TX[0m: 1.49 Mpps, 762 Mbit/s (1000 Mbit/s with framing)
[1;36m[Device: id=0] RX[0m: 1.49 Mpps, 762 Mbit/s (1000 Mbit/s with framing)
[0;34m[Device: id=0] TX[0m: 1.49 Mpps, 762 Mbit/s (1000 Mbit/s with framing)
[1;36m[Device: id=0] RX[0m: 1.49 Mpps, 762 Mbit/s (1000 Mbit/s with framing)
[0;34m[Device: id=0] TX[0m: 1.49 Mpps, 762 Mbit/s (1000 Mbit/s with framing)
[1;36m[Device: id=0] RX[0m: 1.49 Mpps, 762 Mbit/s (1000 Mbit/s with framing)
[0;34m[Device: id=0] TX[0m: 1.49 Mpps, 762 Mbit/s (1000 Mbit/s with framing)
[1;36m[Device: id=0] RX[0m: 1.49 Mpps, 762 Mbit/s (1000 Mbit/s with framing)
[0;34m[Device: id=0] TX[0m: 1.49 Mpps, 762 Mbit/s (1000 Mbit/s with framing)
[1;36m[Device: id=0] RX[0m: 1.49 Mpps, 762 Mbit/s (1000 Mbit/s with framing)
[0;34m[Device: id=0] TX[0m: 1.49 Mpps, 762 Mbit/s (1000 Mbit/s with framing)
[1;36m[Device: id=0] RX[0m: 1.49 Mpps, 762 Mbit/s (1000 Mbit/s with framing)
[0;34m[Device: id=0] TX[0m: 1.49 Mpps, 762 Mbit/s (1000 Mbit/s with framing)
[1;36m[Device: id=0] RX[0m: 1.49 Mpps, 762 Mbit/s (1000 Mbit/s with framing)
[0;34m[Device: id=0] TX[0m: 1.49 Mpps, 762 Mbit/s (1000 Mbit/s with framing)
[1;36m[Device: id=0] RX[0m: 1.49 Mpps, 762 Mbit/s (1000 Mbit/s with framing)
[0;34m[Device: id=0] TX[0m: 1.49 Mpps, 762 Mbit/s (1000 Mbit/s with framing)
[1;36m[Device: id=0] RX[0m: 1.49 Mpps, 762 Mbit/s (1000 Mbit/s with framing)
[0;34m[Device: id=0] TX[0m: 1.49 Mpps, 762 Mbit/s (1000 Mbit/s with framing)
[1;36m[Device: id=0] RX[0m: 1.49 Mpps, 762 Mbit/s (1000 Mbit/s with framing)
[0;34m[Device: id=0] TX[0m: 1.49 Mpps, 762 Mbit/s (1000 Mbit/s with framing)
[1;36m[Device: id=0] RX[0m: 1.49 Mpps, 762 Mbit/s (1000 Mbit/s with framing)
[0;34m[Device: id=0] TX[0m: 1.49 Mpps, 762 Mbit/s (1000 Mbit/s with framing)
[1;36m[Device: id=0] RX[0m: 1.49 Mpps, 762 Mbit/s (1000 Mbit/s with framing)
[0;34m[Device: id=0] TX[0m: 1.49 Mpps, 762 Mbit/s (1000 Mbit/s with framing)
[1;36m[Device: id=0] RX[0m: 1.49 Mpps, 762 Mbit/s (1000 Mbit/s with framing)
[0;34m[Device: id=0] TX[0m: 1.49 Mpps, 762 Mbit/s (1000 Mbit/s with framing)
[1;36m[Device: id=0] RX[0m: 1.49 Mpps, 762 Mbit/s (1000 Mbit/s with framing)
[0;34m[Device: id=0] TX[0m: 1.49 Mpps, 762 Mbit/s (1000 Mbit/s with framing)
[1;36m[Device: id=0] RX[0m: 1.49 Mpps, 762 Mbit/s (1000 Mbit/s with framing)
[0;34m[Device: id=0] TX[0m: 1.49 Mpps, 762 Mbit/s (1000 Mbit/s with framing)
[1;36m[Device: id=0] RX[0m: 1.49 Mpps, 762 Mbit/s (1000 Mbit/s with framing)
[0;34m[Device: id=0] TX[0m: 1.49 Mpps, 762 Mbit/s (1000 Mbit/s with framing)
[1;36m[Device: id=0] RX[0m: 1.49 Mpps, 762 Mbit/s (1000 Mbit/s with framing)
[0;34m[Device: id=0] TX[0m: 1.49 Mpps, 762 Mbit/s (1000 Mbit/s with framing)
[1;36m[Device: id=0] RX[0m: 1.49 Mpps, 762 Mbit/s (1000 Mbit/s with framing)
[0;34m[Device: id=0] TX[0m: 1.49 Mpps, 762 Mbit/s (1000 Mbit/s with framing)
[1;36m[Device: id=0] RX[0m: 1.49 Mpps, 762 Mbit/s (1000 Mbit/s with framing)
[0;34m[Device: id=0] TX[0m: 1.49 Mpps, 762 Mbit/s (1000 Mbit/s with framing)
[1;36m[Device: id=0] RX[0m: 1.49 Mpps, 762 Mbit/s (1000 Mbit/s with framing)
[0;34m[Device: id=0] TX[0m: 1.49 Mpps, 762 Mbit/s (1000 Mbit/s with framing)
[1;36m[Device: id=0] RX[0m: 1.49 Mpps, 762 Mbit/s (1000 Mbit/s with framing)
[0;34m[Device: id=0] TX[0m: 1.49 Mpps, 762 Mbit/s (1000 Mbit/s with framing)
[1;36m[Device: id=0] RX[0m: 1.49 Mpps, 762 Mbit/s (1000 Mbit/s with framing)
[0;34m[Device: id=0] TX[0m: 1.49 Mpps, 762 Mbit/s (1000 Mbit/s with framing)
[1;36m[Device: id=0] RX[0m: 1.49 Mpps, 762 Mbit/s (1000 Mbit/s with framing)
[0;34m[Device: id=0] TX[0m: 1.49 Mpps, 762 Mbit/s (1000 Mbit/s with framing)
[1;36m[Device: id=0] RX[0m: 1.49 Mpps, 762 Mbit/s (1000 Mbit/s with framing)
[0;34m[Device: id=0] TX[0m: 1.49 Mpps, 762 Mbit/s (1000 Mbit/s with framing)
[1;36m[Device: id=0] RX[0m: 1.49 Mpps, 762 Mbit/s (1000 Mbit/s with framing)
[0;34m[Device: id=0] TX[0m: 1.49 Mpps, 762 Mbit/s (1000 Mbit/s with framing)
[1;36m[Device: id=0] RX[0m: 1.49 Mpps, 762 Mbit/s (1000 Mbit/s with framing)
[0;34m[Device: id=0] TX[0m: 1.49 Mpps, 762 Mbit/s (1000 Mbit/s with framing)
[1;36m[Device: id=0] RX[0m: 1.49 Mpps, 762 Mbit/s (1000 Mbit/s with framing)
[0;34m[Device: id=0] TX[0m: 1.49 Mpps, 762 Mbit/s (1000 Mbit/s with framing)
[1;36m[Device: id=0] RX[0m: 1.49 Mpps, 762 Mbit/s (1000 Mbit/s with framing)
[0;34m[Device: id=0] TX[0m: 1.49 Mpps, 762 Mbit/s (1000 Mbit/s with framing)
[1;36m[Device: id=0] RX[0m: 1.49 Mpps, 762 Mbit/s (1000 Mbit/s with framing)
[0;34m[Device: id=0] TX[0m: 1.49 Mpps, 762 Mbit/s (1000 Mbit/s with framing)
[1;36m[Device: id=0] RX[0m: 1.49 Mpps, 762 Mbit/s (1000 Mbit/s with framing)
[0;34m[Device: id=0] TX[0m: 1.49 Mpps, 762 Mbit/s (1000 Mbit/s with framing)
[1;36m[Device: id=0] RX[0m: 1.49 Mpps, 762 Mbit/s (1000 Mbit/s with framing)
[0;34m[Device: id=0] TX[0m: 1.49 Mpps, 762 Mbit/s (1000 Mbit/s with framing)
[1;36m[Device: id=0] RX[0m: 1.49 Mpps, 762 Mbit/s (1000 Mbit/s with framing)
[0;34m[Device: id=0] TX[0m: 1.49 Mpps, 762 Mbit/s (1000 Mbit/s with framing)
[1;36m[Device: id=0] RX[0m: 1.49 Mpps, 762 Mbit/s (1000 Mbit/s with framing)
[0;34m[Device: id=0] TX[0m: 1.49 Mpps, 762 Mbit/s (1000 Mbit/s with framing)
[1;36m[Device: id=0] RX[0m: 1.49 Mpps, 762 Mbit/s (1000 Mbit/s with framing)
[0;34m[Device: id=0] TX[0m: 1.49 Mpps, 762 Mbit/s (1000 Mbit/s with framing)
[1;36m[Device: id=0] RX[0m: 1.49 Mpps, 762 Mbit/s (1000 Mbit/s with framing)
[0;34m[Device: id=0] TX[0m: 1.49 Mpps, 762 Mbit/s (1000 Mbit/s with framing)
[1;36m[Device: id=0] RX[0m: 1.49 Mpps, 762 Mbit/s (1000 Mbit/s with framing)
[0;34m[Device: id=0] TX[0m: 1.49 Mpps, 762 Mbit/s (1000 Mbit/s with framing)
[1;36m[Device: id=0] RX[0m: 1.49 Mpps, 762 Mbit/s (1000 Mbit/s with framing)
[0;34m[Device: id=0] TX[0m: 1.49 Mpps, 762 Mbit/s (1000 Mbit/s with framing)
[1;36m[Device: id=0] RX[0m: 1.49 Mpps, 762 Mbit/s (1000 Mbit/s with framing)
[0;34m[Device: id=0] TX[0m: 1.49 Mpps, 762 Mbit/s (1000 Mbit/s with framing)
[1;36m[Device: id=0] RX[0m: 1.49 Mpps, 762 Mbit/s (1000 Mbit/s with framing)
[0;34m[Device: id=0] TX[0m: 1.49 Mpps, 762 Mbit/s (1000 Mbit/s with framing)
[1;36m[Device: id=0] RX[0m: 1.49 Mpps, 762 Mbit/s (1000 Mbit/s with framing)
[0;34m[Device: id=0] TX[0m: 1.49 Mpps, 762 Mbit/s (1000 Mbit/s with framing)
[1;36m[Device: id=0] RX[0m: 1.49 Mpps, 762 Mbit/s (1000 Mbit/s with framing)
[0;34m[Device: id=0] TX[0m: 1.49 Mpps, 762 Mbit/s (1000 Mbit/s with framing)
[1;36m[Device: id=0] RX[0m: 1.49 Mpps, 762 Mbit/s (1000 Mbit/s with framing)
[0;34m[Device: id=0] TX[0m: 1.49 Mpps, 762 Mbit/s (1000 Mbit/s with framing)
[1;36m[Device: id=0] RX[0m: 1.49 Mpps, 762 Mbit/s (1000 Mbit/s with framing)
[0;34m[Device: id=0] TX[0m: 1.49 Mpps, 762 Mbit/s (1000 Mbit/s with framing)
[1;36m[Device: id=0] RX[0m: 1.49 Mpps, 762 Mbit/s (1000 Mbit/s with framing)
[0;34m[Device: id=0] TX[0m: 1.49 Mpps, 762 Mbit/s (1000 Mbit/s with framing)
[1;36m[Device: id=0] RX[0m: 1.49 Mpps, 762 Mbit/s (1000 Mbit/s with framing)
[0;34m[Device: id=0] TX[0m: 1.49 Mpps, 762 Mbit/s (1000 Mbit/s with framing)
[1;36m[Device: id=0] RX[0m: 1.49 Mpps, 762 Mbit/s (1000 Mbit/s with framing)
[0;34m[Device: id=0] TX[0m: 1.49 Mpps, 762 Mbit/s (1000 Mbit/s with framing)
[1;36m[Device: id=0] RX[0m: 1.49 Mpps, 762 Mbit/s (1000 Mbit/s with framing)
[0;34m[Device: id=0] TX[0m: 1.49 Mpps, 762 Mbit/s (1000 Mbit/s with framing)
[1;36m[Device: id=0] RX[0m: 1.49 Mpps, 762 Mbit/s (1000 Mbit/s with framing)
[0;34m[Device: id=0] TX[0m: 1.49 Mpps, 762 Mbit/s (1000 Mbit/s with framing)
[1;36m[Device: id=0] RX[0m: 1.49 Mpps, 762 Mbit/s (1000 Mbit/s with framing)
[0;34m[Device: id=0] TX[0m: 1.49 Mpps, 762 Mbit/s (1000 Mbit/s with framing)
[1;36m[Device: id=0] RX[0m: 1.49 Mpps, 762 Mbit/s (1000 Mbit/s with framing)
[0;34m[Device: id=0] TX[0m: 1.49 Mpps, 762 Mbit/s (1000 Mbit/s with framing)
[1;36m[Device: id=0] RX[0m: 1.49 Mpps, 762 Mbit/s (1000 Mbit/s with framing)
[0;34m[Device: id=0] TX[0m: 1.49 Mpps, 762 Mbit/s (1000 Mbit/s with framing)
[1;36m[Device: id=0] RX[0m: 1.49 Mpps, 762 Mbit/s (1000 Mbit/s with framing)
[0;34m[Device: id=0] TX[0m: 1.49 Mpps, 762 Mbit/s (1000 Mbit/s with framing)
[1;36m[Device: id=0] RX[0m: 1.49 Mpps, 762 Mbit/s (1000 Mbit/s with framing)
[0;34m[Device: id=0] TX[0m: 1.49 Mpps, 762 Mbit/s (1000 Mbit/s with framing)
[1;36m[Device: id=0] RX[0m: 1.49 Mpps, 762 Mbit/s (1000 Mbit/s with framing)
[0;34m[Device: id=0] TX[0m: 1.49 Mpps, 762 Mbit/s (1000 Mbit/s with framing)
[1;36m[Device: id=0] RX[0m: 1.49 Mpps, 762 Mbit/s (1000 Mbit/s with framing)
[0;34m[Device: id=0] TX[0m: 1.49 Mpps, 762 Mbit/s (1000 Mbit/s with framing)
[1;36m[Device: id=0] RX[0m: 1.49 Mpps, 762 Mbit/s (1000 Mbit/s with framing)
[0;34m[Device: id=0] TX[0m: 1.49 Mpps, 762 Mbit/s (1000 Mbit/s with framing)
[1;36m[Device: id=0] RX[0m: 1.49 Mpps, 762 Mbit/s (1000 Mbit/s with framing)
[0;34m[Device: id=0] TX[0m: 1.49 Mpps, 762 Mbit/s (1000 Mbit/s with framing)
[1;36m[Device: id=0] RX[0m: 1.49 Mpps, 762 Mbit/s (1000 Mbit/s with framing)
[0;34m[Device: id=0] TX[0m: 1.49 Mpps, 762 Mbit/s (1000 Mbit/s with framing)
[1;36m[Device: id=0] RX[0m: 1.49 Mpps, 762 Mbit/s (1000 Mbit/s with framing)
[0;34m[Device: id=0] TX[0m: 1.49 Mpps, 762 Mbit/s (1000 Mbit/s with framing)
[1;36m[Device: id=0] RX[0m: 1.49 Mpps, 762 Mbit/s (1000 Mbit/s with framing)
[0;34m[Device: id=0] TX[0m: 1.49 Mpps, 762 Mbit/s (1000 Mbit/s with framing)
[1;36m[Device: id=0] RX[0m: 1.49 Mpps, 762 Mbit/s (1000 Mbit/s with framing)
[0;34m[Device: id=0] TX[0m: 1.49 Mpps, 762 Mbit/s (1000 Mbit/s with framing)
[1;36m[Device: id=0] RX[0m: 1.49 Mpps, 762 Mbit/s (1000 Mbit/s with framing)
[0;34m[Device: id=0] TX[0m: 1.49 Mpps, 762 Mbit/s (1000 Mbit/s with framing)
[1;36m[Device: id=0] RX[0m: 1.49 Mpps, 762 Mbit/s (1000 Mbit/s with framing)
[0;34m[Device: id=0] TX[0m: 1.49 Mpps, 762 Mbit/s (1000 Mbit/s with framing)
[1;36m[Device: id=0] RX[0m: 1.49 Mpps, 762 Mbit/s (1000 Mbit/s with framing)
[0;34m[Device: id=0] TX[0m: 1.49 Mpps, 762 Mbit/s (1000 Mbit/s with framing)
[1;36m[Device: id=0] RX[0m: 1.49 Mpps, 762 Mbit/s (1000 Mbit/s with framing)
[0;34m[Device: id=0] TX[0m: 1.49 Mpps, 762 Mbit/s (1000 Mbit/s with framing)
[1;36m[Device: id=0] RX[0m: 1.49 Mpps, 762 Mbit/s (1000 Mbit/s with framing)
[0;34m[Device: id=0] TX[0m: 1.49 Mpps, 762 Mbit/s (1000 Mbit/s with framing)
[1;36m[Device: id=0] RX[0m: 1.49 Mpps, 762 Mbit/s (1000 Mbit/s with framing)
[0;34m[Device: id=0] TX[0m: 1.49 Mpps, 762 Mbit/s (1000 Mbit/s with framing)
[1;36m[Device: id=0] RX[0m: 1.49 Mpps, 762 Mbit/s (1000 Mbit/s with framing)
[0;34m[Device: id=0] TX[0m: 1.49 Mpps, 762 Mbit/s (1000 Mbit/s with framing)
[1;36m[Device: id=0] RX[0m: 1.49 Mpps, 762 Mbit/s (1000 Mbit/s with framing)
[0;34m[Device: id=0] TX[0m: 1.49 Mpps, 762 Mbit/s (1000 Mbit/s with framing)
[1;36m[Device: id=0] RX[0m: 1.49 Mpps, 762 Mbit/s (1000 Mbit/s with framing)
[0;34m[Device: id=0] TX[0m: 1.49 Mpps, 762 Mbit/s (1000 Mbit/s with framing)
[1;36m[Device: id=0] RX[0m: 1.49 Mpps, 762 Mbit/s (1000 Mbit/s with framing)
[0;34m[Device: id=0] TX[0m: 1.49 Mpps, 762 Mbit/s (1000 Mbit/s with framing)
[1;36m[Device: id=0] RX[0m: 1.49 Mpps, 762 Mbit/s (1000 Mbit/s with framing)
[0;34m[Device: id=0] TX[0m: 1.49 Mpps, 762 Mbit/s (1000 Mbit/s with framing)
[1;36m[Device: id=0] RX[0m: 1.49 Mpps, 762 Mbit/s (1000 Mbit/s with framing)
[0;34m[Device: id=0] TX[0m: 1.49 Mpps, 762 Mbit/s (1000 Mbit/s with framing)
[1;36m[Device: id=0] RX[0m: 1.49 Mpps, 762 Mbit/s (1000 Mbit/s with framing)
[0;34m[Device: id=0] TX[0m: 1.49 Mpps, 762 Mbit/s (1000 Mbit/s with framing)
[1;36m[Device: id=0] RX[0m: 1.49 Mpps, 762 Mbit/s (1000 Mbit/s with framing)
[0;34m[Device: id=0] TX[0m: 1.49 Mpps, 762 Mbit/s (1000 Mbit/s with framing)
[1;36m[Device: id=0] RX[0m: 1.49 Mpps, 762 Mbit/s (1000 Mbit/s with framing)
[0;34m[Device: id=0] TX[0m: 1.49 Mpps, 762 Mbit/s (1000 Mbit/s with framing)
[1;36m[Device: id=0] RX[0m: 1.49 Mpps, 762 Mbit/s (1000 Mbit/s with framing)
[0;34m[Device: id=0] TX[0m: 1.49 Mpps, 762 Mbit/s (1000 Mbit/s with framing)
[1;36m[Device: id=0] RX[0m: 1.49 Mpps, 762 Mbit/s (1000 Mbit/s with framing)
[0;34m[Device: id=0] TX[0m: 1.49 Mpps, 762 Mbit/s (1000 Mbit/s with framing)
[1;36m[Device: id=0] RX[0m: 1.49 Mpps, 762 Mbit/s (1000 Mbit/s with framing)
[0;34m[Device: id=0] TX[0m: 1.49 Mpps, 762 Mbit/s (1000 Mbit/s with framing)
[1;36m[Device: id=0] RX[0m: 1.49 Mpps, 762 Mbit/s (1000 Mbit/s with framing)
[0;34m[Device: id=0] TX[0m: 1.49 Mpps, 762 Mbit/s (1000 Mbit/s with framing)
[1;36m[Device: id=0] RX[0m: 1.49 Mpps, 762 Mbit/s (1000 Mbit/s with framing)
[0;34m[Device: id=0] TX[0m: 1.49 Mpps, 762 Mbit/s (1000 Mbit/s with framing)
[1;36m[Device: id=0] RX[0m: 1.49 Mpps, 762 Mbit/s (1000 Mbit/s with framing)
[0;34m[Device: id=0] TX[0m: 1.49 Mpps, 762 Mbit/s (1000 Mbit/s with framing)
[1;36m[Device: id=0] RX[0m: 1.49 Mpps, 762 Mbit/s (1000 Mbit/s with framing)
[0;34m[Device: id=0] TX[0m: 1.49 Mpps, 762 Mbit/s (1000 Mbit/s with framing)
[1;36m[Device: id=0] RX[0m: 1.49 Mpps, 762 Mbit/s (1000 Mbit/s with framing)
[0;34m[Device: id=0] TX[0m: 1.49 Mpps, 762 Mbit/s (1000 Mbit/s with framing)
[1;36m[Device: id=0] RX[0m: 1.49 Mpps, 762 Mbit/s (1000 Mbit/s with framing)
[0;34m[Device: id=0] TX[0m: 1.49 Mpps, 762 Mbit/s (1000 Mbit/s with framing)
[1;36m[Device: id=0] RX[0m: 1.49 Mpps, 762 Mbit/s (1000 Mbit/s with framing)
[0;34m[Device: id=0] TX[0m: 1.49 Mpps, 762 Mbit/s (1000 Mbit/s with framing)
[1;36m[Device: id=0] RX[0m: 1.49 Mpps, 762 Mbit/s (1000 Mbit/s with framing)
[0;34m[Device: id=0] TX[0m: 1.49 Mpps, 762 Mbit/s (1000 Mbit/s with framing)
[1;36m[Device: id=0] RX[0m: 1.49 Mpps, 762 Mbit/s (1000 Mbit/s with framing)
[0;34m[Device: id=0] TX[0m: 1.49 Mpps, 762 Mbit/s (1000 Mbit/s with framing)
[1;36m[Device: id=0] RX[0m: 1.49 Mpps, 762 Mbit/s (1000 Mbit/s with framing)
[0;34m[Device: id=0] TX[0m: 1.49 Mpps, 762 Mbit/s (1000 Mbit/s with framing)
[1;36m[Device: id=0] RX[0m: 1.49 Mpps, 762 Mbit/s (1000 Mbit/s with framing)
[0;34m[Device: id=0] TX[0m: 1.49 Mpps, 762 Mbit/s (1000 Mbit/s with framing)
[1;36m[Device: id=0] RX[0m: 1.49 Mpps, 762 Mbit/s (1000 Mbit/s with framing)
[0;34m[Device: id=0] TX[0m: 1.49 Mpps, 762 Mbit/s (1000 Mbit/s with framing)
[1;36m[Device: id=0] RX[0m: 1.49 Mpps, 762 Mbit/s (1000 Mbit/s with framing)
[0;34m[Device: id=0] TX[0m: 1.49 Mpps, 762 Mbit/s (1000 Mbit/s with framing)
[1;36m[Device: id=0] RX[0m: 1.49 Mpps, 762 Mbit/s (1000 Mbit/s with framing)
[0;34m[Device: id=0] TX[0m: 1.49 Mpps, 762 Mbit/s (1000 Mbit/s with framing)
[1;36m[Device: id=0] RX[0m: 1.49 Mpps, 762 Mbit/s (1000 Mbit/s with framing)
[0;34m[Device: id=0] TX[0m: 1.49 Mpps, 762 Mbit/s (1000 Mbit/s with framing)
[1;36m[Device: id=0] RX[0m: 1.49 Mpps, 762 Mbit/s (1000 Mbit/s with framing)
[0;34m[Device: id=0] TX[0m: 1.49 Mpps, 762 Mbit/s (1000 Mbit/s with framing)
[1;36m[Device: id=0] RX[0m: 1.49 Mpps, 762 Mbit/s (1000 Mbit/s with framing)
[0;34m[Device: id=0] TX[0m: 1.49 Mpps, 762 Mbit/s (1000 Mbit/s with framing)
[1;36m[Device: id=0] RX[0m: 1.49 Mpps, 762 Mbit/s (1000 Mbit/s with framing)
[0;34m[Device: id=0] TX[0m: 1.49 Mpps, 762 Mbit/s (1000 Mbit/s with framing)
[1;36m[Device: id=0] RX[0m: 1.49 Mpps, 762 Mbit/s (1000 Mbit/s with framing)
[0;34m[Device: id=0] TX[0m: 1.49 Mpps, 762 Mbit/s (1000 Mbit/s with framing)
[1;36m[Device: id=0] RX[0m: 1.49 Mpps, 762 Mbit/s (1000 Mbit/s with framing)
[0;34m[Device: id=0] TX[0m: 1.49 Mpps, 762 Mbit/s (1000 Mbit/s with framing)
[1;36m[Device: id=0] RX[0m: 1.49 Mpps, 762 Mbit/s (1000 Mbit/s with framing)
[0;34m[Device: id=0] TX[0m: 1.49 Mpps, 762 Mbit/s (1000 Mbit/s with framing)
[1;36m[Device: id=0] RX[0m: 1.49 Mpps, 762 Mbit/s (1000 Mbit/s with framing)
[0;34m[Device: id=0] TX[0m: 1.49 Mpps, 762 Mbit/s (1000 Mbit/s with framing)
[1;36m[Device: id=0] RX[0m: 1.49 Mpps, 762 Mbit/s (1000 Mbit/s with framing)
[0;34m[Device: id=0] TX[0m: 1.49 Mpps, 762 Mbit/s (1000 Mbit/s with framing)
[1;36m[Device: id=0] RX[0m: 1.49 Mpps, 762 Mbit/s (1000 Mbit/s with framing)
[0;34m[Device: id=0] TX[0m: 1.49 Mpps, 762 Mbit/s (1000 Mbit/s with framing)
[1;36m[Device: id=0] RX[0m: 1.49 Mpps, 762 Mbit/s (1000 Mbit/s with framing)
[0;34m[Device: id=0] TX[0m: 1.49 Mpps, 762 Mbit/s (1000 Mbit/s with framing)
[1;36m[Device: id=0] RX[0m: 1.49 Mpps, 762 Mbit/s (1000 Mbit/s with framing)
[0;34m[Device: id=0] TX[0m: 1.49 Mpps, 762 Mbit/s (1000 Mbit/s with framing)
[1;36m[Device: id=0] RX[0m: 1.49 Mpps, 762 Mbit/s (1000 Mbit/s with framing)
[0;34m[Device: id=0] TX[0m: 1.49 Mpps, 762 Mbit/s (1000 Mbit/s with framing)
[1;36m[Device: id=0] RX[0m: 1.49 Mpps, 762 Mbit/s (1000 Mbit/s with framing)
[0;34m[Device: id=0] TX[0m: 1.49 Mpps, 762 Mbit/s (1000 Mbit/s with framing)
[1;36m[Device: id=0] RX[0m: 1.49 Mpps, 762 Mbit/s (1000 Mbit/s with framing)
[0;34m[Device: id=0] TX[0m: 1.49 Mpps, 762 Mbit/s (1000 Mbit/s with framing)
[1;36m[Device: id=0] RX[0m: 1.49 Mpps, 762 Mbit/s (1000 Mbit/s with framing)
[0;34m[Device: id=0] TX[0m: 1.49 Mpps, 762 Mbit/s (1000 Mbit/s with framing)
[1;36m[Device: id=0] RX[0m: 1.49 Mpps, 762 Mbit/s (1000 Mbit/s with framing)
[0;34m[Device: id=0] TX[0m: 1.49 Mpps, 762 Mbit/s (1000 Mbit/s with framing)
[1;36m[Device: id=0] RX[0m: 1.49 Mpps, 762 Mbit/s (1000 Mbit/s with framing)
[0;34m[Device: id=0] TX[0m: 1.49 Mpps, 762 Mbit/s (1000 Mbit/s with framing)
[1;36m[Device: id=0] RX[0m: 1.49 Mpps, 762 Mbit/s (1000 Mbit/s with framing)
[0;34m[Device: id=0] TX[0m: 1.49 Mpps, 762 Mbit/s (1000 Mbit/s with framing)
[1;36m[Device: id=0] RX[0m: 1.49 Mpps, 762 Mbit/s (1000 Mbit/s with framing)
[0;34m[Device: id=0] TX[0m: 1.49 Mpps, 762 Mbit/s (1000 Mbit/s with framing)
[1;36m[Device: id=0] RX[0m: 1.49 Mpps, 762 Mbit/s (1000 Mbit/s with framing)
[0;34m[Device: id=0] TX[0m: 1.49 Mpps, 762 Mbit/s (1000 Mbit/s with framing)
[1;36m[Device: id=0] RX[0m: 1.49 Mpps, 762 Mbit/s (1000 Mbit/s with framing)
[0;34m[Device: id=0] TX[0m: 1.49 Mpps, 762 Mbit/s (1000 Mbit/s with framing)
[1;36m[Device: id=0] RX[0m: 1.49 Mpps, 762 Mbit/s (1000 Mbit/s with framing)
[0;34m[Device: id=0] TX[0m: 1.49 Mpps, 762 Mbit/s (1000 Mbit/s with framing)
[1;36m[Device: id=0] RX[0m: 1.49 Mpps, 762 Mbit/s (1000 Mbit/s with framing)
[0;34m[Device: id=0] TX[0m: 1.49 Mpps, 762 Mbit/s (1000 Mbit/s with framing)
[1;36m[Device: id=0] RX[0m: 1.49 Mpps, 762 Mbit/s (1000 Mbit/s with framing)
[0;34m[Device: id=0] TX[0m: 1.49 Mpps, 762 Mbit/s (1000 Mbit/s with framing)
[1;36m[Device: id=0] RX[0m: 1.49 Mpps, 762 Mbit/s (1000 Mbit/s with framing)
[0;34m[Device: id=0] TX[0m: 1.49 Mpps, 762 Mbit/s (1000 Mbit/s with framing)
[1;36m[Device: id=0] RX[0m: 1.49 Mpps, 762 Mbit/s (1000 Mbit/s with framing)
[0;34m[Device: id=0] TX[0m: 1.49 Mpps, 762 Mbit/s (1000 Mbit/s with framing)
[1;36m[Device: id=0] RX[0m: 1.49 Mpps, 762 Mbit/s (1000 Mbit/s with framing)
[0;34m[Device: id=0] TX[0m: 1.49 Mpps, 762 Mbit/s (1000 Mbit/s with framing)
[1;36m[Device: id=0] RX[0m: 1.49 Mpps, 762 Mbit/s (1000 Mbit/s with framing)
[0;34m[Device: id=0] TX[0m: 1.49 Mpps, 762 Mbit/s (1000 Mbit/s with framing)
[1;36m[Device: id=0] RX[0m: 1.49 Mpps, 762 Mbit/s (1000 Mbit/s with framing)
[0;34m[Device: id=0] TX[0m: 1.49 Mpps, 762 Mbit/s (1000 Mbit/s with framing)
[1;36m[Device: id=0] RX[0m: 1.49 Mpps, 762 Mbit/s (1000 Mbit/s with framing)
[0;34m[Device: id=0] TX[0m: 1.49 Mpps, 762 Mbit/s (1000 Mbit/s with framing)
[1;36m[Device: id=0] RX[0m: 1.49 Mpps, 762 Mbit/s (1000 Mbit/s with framing)
[0;34m[Device: id=0] TX[0m: 1.49 Mpps, 762 Mbit/s (1000 Mbit/s with framing)
[1;36m[Device: id=0] RX[0m: 1.49 Mpps, 762 Mbit/s (1000 Mbit/s with framing)
[0;34m[Device: id=0] TX[0m: 1.49 Mpps, 762 Mbit/s (1000 Mbit/s with framing)
[1;36m[Device: id=0] RX[0m: 1.49 Mpps, 762 Mbit/s (1000 Mbit/s with framing)
[0;34m[Device: id=0] TX[0m: 1.49 Mpps, 762 Mbit/s (1000 Mbit/s with framing)
[1;36m[Device: id=0] RX[0m: 1.49 Mpps, 762 Mbit/s (1000 Mbit/s with framing)
[0;34m[Device: id=0] TX[0m: 1.49 Mpps, 762 Mbit/s (1000 Mbit/s with framing)
[1;36m[Device: id=0] RX[0m: 1.49 Mpps, 762 Mbit/s (1000 Mbit/s with framing)
[0;34m[Device: id=0] TX[0m: 1.49 Mpps, 762 Mbit/s (1000 Mbit/s with framing)
[1;36m[Device: id=0] RX[0m: 1.49 Mpps, 762 Mbit/s (1000 Mbit/s with framing)
[0;34m[Device: id=0] TX[0m: 1.49 Mpps, 762 Mbit/s (1000 Mbit/s with framing)
[1;36m[Device: id=0] RX[0m: 1.49 Mpps, 762 Mbit/s (1000 Mbit/s with framing)
[0;34m[Device: id=0] TX[0m: 1.49 Mpps, 762 Mbit/s (1000 Mbit/s with framing)
[1;36m[Device: id=0] RX[0m: 1.49 Mpps, 762 Mbit/s (1000 Mbit/s with framing)
[0;34m[Device: id=0] TX[0m: 1.49 Mpps, 762 Mbit/s (1000 Mbit/s with framing)
[1;36m[Device: id=0] RX[0m: 1.49 Mpps, 762 Mbit/s (1000 Mbit/s with framing)
[0;34m[Device: id=0] TX[0m: 1.49 Mpps, 762 Mbit/s (1000 Mbit/s with framing)
[1;36m[Device: id=0] RX[0m: 1.49 Mpps, 762 Mbit/s (1000 Mbit/s with framing)
[0;34m[Device: id=0] TX[0m: 1.49 Mpps, 762 Mbit/s (1000 Mbit/s with framing)
[1;36m[Device: id=0] RX[0m: 1.49 Mpps, 762 Mbit/s (1000 Mbit/s with framing)
[0;34m[Device: id=0] TX[0m: 1.49 Mpps, 762 Mbit/s (1000 Mbit/s with framing)
[1;36m[Device: id=0] RX[0m: 1.49 Mpps, 762 Mbit/s (1000 Mbit/s with framing)
[0;34m[Device: id=0] TX[0m: 1.49 Mpps, 762 Mbit/s (1000 Mbit/s with framing)
[1;36m[Device: id=0] RX[0m: 1.49 Mpps, 762 Mbit/s (1000 Mbit/s with framing)
[0;34m[Device: id=0] TX[0m: 1.49 Mpps, 762 Mbit/s (1000 Mbit/s with framing)
[1;36m[Device: id=0] RX[0m: 1.49 Mpps, 762 Mbit/s (1000 Mbit/s with framing)
[0;34m[Device: id=0] TX[0m: 1.49 Mpps, 762 Mbit/s (1000 Mbit/s with framing)
[1;36m[Device: id=0] RX[0m: 1.49 Mpps, 762 Mbit/s (1000 Mbit/s with framing)
[0;34m[Device: id=0] TX[0m: 1.49 Mpps, 762 Mbit/s (1000 Mbit/s with framing)
[1;36m[Device: id=0] RX[0m: 1.49 Mpps, 762 Mbit/s (1000 Mbit/s with framing)
[0;34m[Device: id=0] TX[0m: 1.49 Mpps, 762 Mbit/s (1000 Mbit/s with framing)
[1;36m[Device: id=0] RX[0m: 1.49 Mpps, 762 Mbit/s (1000 Mbit/s with framing)
[0;34m[Device: id=0] TX[0m: 1.49 Mpps, 762 Mbit/s (1000 Mbit/s with framing)
[1;36m[Device: id=0] RX[0m: 1.49 Mpps, 762 Mbit/s (1000 Mbit/s with framing)
[0;34m[Device: id=0] TX[0m: 1.49 Mpps, 762 Mbit/s (1000 Mbit/s with framing)
[1;36m[Device: id=0] RX[0m: 1.49 Mpps, 762 Mbit/s (1000 Mbit/s with framing)
[0;34m[Device: id=0] TX[0m: 1.49 Mpps, 762 Mbit/s (1000 Mbit/s with framing)
[1;36m[Device: id=0] RX[0m: 1.49 Mpps, 762 Mbit/s (1000 Mbit/s with framing)
[0;34m[Device: id=0] TX[0m: 1.49 Mpps, 762 Mbit/s (1000 Mbit/s with framing)
[1;36m[Device: id=0] RX[0m: 1.49 Mpps, 762 Mbit/s (1000 Mbit/s with framing)
[0;34m[Device: id=0] TX[0m: 1.49 Mpps, 762 Mbit/s (1000 Mbit/s with framing)
[1;36m[Device: id=0] RX[0m: 1.49 Mpps, 762 Mbit/s (1000 Mbit/s with framing)
[0;34m[Device: id=0] TX[0m: 1.49 Mpps, 762 Mbit/s (1000 Mbit/s with framing)
[1;36m[Device: id=0] RX[0m: 1.49 Mpps, 762 Mbit/s (1000 Mbit/s with framing)
[0;34m[Device: id=0] TX[0m: 1.49 Mpps, 762 Mbit/s (1000 Mbit/s with framing)
[1;36m[Device: id=0] RX[0m: 1.49 Mpps, 762 Mbit/s (1000 Mbit/s with framing)
[0;34m[Device: id=0] TX[0m: 1.49 Mpps, 762 Mbit/s (1000 Mbit/s with framing)
[1;36m[Device: id=0] RX[0m: 1.49 Mpps, 762 Mbit/s (1000 Mbit/s with framing)
[0;34m[Device: id=0] TX[0m: 1.49 Mpps, 762 Mbit/s (1000 Mbit/s with framing)
[1;36m[Device: id=0] RX[0m: 1.49 Mpps, 762 Mbit/s (1000 Mbit/s with framing)
[0;34m[Device: id=0] TX[0m: 1.49 Mpps, 762 Mbit/s (1000 Mbit/s with framing)
[1;36m[Device: id=0] RX[0m: 1.49 Mpps, 762 Mbit/s (1000 Mbit/s with framing)
[0;34m[Device: id=0] TX[0m: 1.49 Mpps, 762 Mbit/s (1000 Mbit/s with framing)
[1;36m[Device: id=0] RX[0m: 1.49 Mpps, 762 Mbit/s (1000 Mbit/s with framing)
[0;34m[Device: id=0] TX[0m: 1.49 Mpps, 762 Mbit/s (1000 Mbit/s with framing)
[1;36m[Device: id=0] RX[0m: 1.49 Mpps, 762 Mbit/s (1000 Mbit/s with framing)
[0;34m[Device: id=0] TX[0m: 1.49 Mpps, 762 Mbit/s (1000 Mbit/s with framing)
[1;36m[Device: id=0] RX[0m: 1.49 Mpps, 762 Mbit/s (1000 Mbit/s with framing)
[0;34m[Device: id=0] TX[0m: 1.49 Mpps, 762 Mbit/s (1000 Mbit/s with framing)
[1;36m[Device: id=0] RX[0m: 1.49 Mpps, 762 Mbit/s (1000 Mbit/s with framing)
[0;34m[Device: id=0] TX[0m: 1.49 Mpps, 762 Mbit/s (1000 Mbit/s with framing)
[1;36m[Device: id=0] RX[0m: 1.49 Mpps, 762 Mbit/s (1000 Mbit/s with framing)
[0;34m[Device: id=0] TX[0m: 1.49 Mpps, 762 Mbit/s (1000 Mbit/s with framing)
[1;36m[Device: id=0] RX[0m: 1.49 Mpps, 762 Mbit/s (1000 Mbit/s with framing)
[0;34m[Device: id=0] TX[0m: 1.49 Mpps, 762 Mbit/s (1000 Mbit/s with framing)
[1;36m[Device: id=0] RX[0m: 1.49 Mpps, 762 Mbit/s (1000 Mbit/s with framing)
[0;34m[Device: id=0] TX[0m: 1.49 Mpps, 762 Mbit/s (1000 Mbit/s with framing)
[1;36m[Device: id=0] RX[0m: 1.49 Mpps, 762 Mbit/s (1000 Mbit/s with framing)
[0;34m[Device: id=0] TX[0m: 1.49 Mpps, 762 Mbit/s (1000 Mbit/s with framing)
[1;36m[Device: id=0] RX[0m: 1.49 Mpps, 762 Mbit/s (1000 Mbit/s with framing)
[0;34m[Device: id=0] TX[0m: 1.49 Mpps, 762 Mbit/s (1000 Mbit/s with framing)
[1;36m[Device: id=0] RX[0m: 1.49 Mpps, 762 Mbit/s (1000 Mbit/s with framing)
[0;34m[Device: id=0] TX[0m: 1.49 Mpps, 762 Mbit/s (1000 Mbit/s with framing)
[1;36m[Device: id=0] RX[0m: 1.49 Mpps, 762 Mbit/s (1000 Mbit/s with framing)
[0;34m[Device: id=0] TX[0m: 1.49 Mpps, 762 Mbit/s (1000 Mbit/s with framing)
[1;36m[Device: id=0] RX[0m: 1.49 Mpps, 762 Mbit/s (1000 Mbit/s with framing)
[0;34m[Device: id=0] TX[0m: 1.49 Mpps, 762 Mbit/s (1000 Mbit/s with framing)
[1;36m[Device: id=0] RX[0m: 1.49 Mpps, 762 Mbit/s (1000 Mbit/s with framing)
[0;34m[Device: id=0] TX[0m: 1.49 Mpps, 762 Mbit/s (1000 Mbit/s with framing)
[1;36m[Device: id=0] RX[0m: 1.49 Mpps, 762 Mbit/s (1000 Mbit/s with framing)
[0;34m[Device: id=0] TX[0m: 1.49 Mpps, 762 Mbit/s (1000 Mbit/s with framing)
[1;36m[Device: id=0] RX[0m: 1.49 Mpps, 762 Mbit/s (1000 Mbit/s with framing)
[0;34m[Device: id=0] TX[0m: 1.49 Mpps, 762 Mbit/s (1000 Mbit/s with framing)
[1;36m[Device: id=0] RX[0m: 1.49 Mpps, 762 Mbit/s (1000 Mbit/s with framing)
[0;34m[Device: id=0] TX[0m: 1.49 Mpps, 762 Mbit/s (1000 Mbit/s with framing)
[1;36m[Device: id=0] RX[0m: 1.49 Mpps, 762 Mbit/s (1000 Mbit/s with framing)
[0;34m[Device: id=0] TX[0m: 1.49 Mpps, 762 Mbit/s (1000 Mbit/s with framing)
[1;36m[Device: id=0] RX[0m: 1.49 Mpps, 762 Mbit/s (1000 Mbit/s with framing)
[0;34m[Device: id=0] TX[0m: 1.49 Mpps, 762 Mbit/s (1000 Mbit/s with framing)
[1;36m[Device: id=0] RX[0m: 1.49 Mpps, 762 Mbit/s (1000 Mbit/s with framing)
[0;34m[Device: id=0] TX[0m: 1.49 Mpps, 762 Mbit/s (1000 Mbit/s with framing)
[1;36m[Device: id=0] RX[0m: 1.49 Mpps, 762 Mbit/s (1000 Mbit/s with framing)
[0;34m[Device: id=0] TX[0m: 1.49 Mpps, 762 Mbit/s (1000 Mbit/s with framing)
[1;36m[Device: id=0] RX[0m: 1.49 Mpps, 762 Mbit/s (1000 Mbit/s with framing)
[0;34m[Device: id=0] TX[0m: 1.49 Mpps, 762 Mbit/s (1000 Mbit/s with framing)
[1;36m[Device: id=0] RX[0m: 1.49 Mpps, 762 Mbit/s (1000 Mbit/s with framing)
[0;34m[Device: id=0] TX[0m: 1.49 Mpps, 762 Mbit/s (1000 Mbit/s with framing)
[1;36m[Device: id=0] RX[0m: 1.49 Mpps, 762 Mbit/s (1000 Mbit/s with framing)
[0;34m[Device: id=0] TX[0m: 1.49 Mpps, 762 Mbit/s (1000 Mbit/s with framing)
[1;36m[Device: id=0] RX[0m: 1.49 Mpps, 762 Mbit/s (1000 Mbit/s with framing)
[0;34m[Device: id=0] TX[0m: 1.49 Mpps, 762 Mbit/s (1000 Mbit/s with framing)
[1;36m[Device: id=0] RX[0m: 1.49 Mpps, 762 Mbit/s (1000 Mbit/s with framing)
[0;34m[Device: id=0] TX[0m: 1.49 Mpps, 762 Mbit/s (1000 Mbit/s with framing)
[1;36m[Device: id=0] RX[0m: 1.49 Mpps, 762 Mbit/s (1000 Mbit/s with framing)
[0;34m[Device: id=0] TX[0m: 1.49 Mpps, 762 Mbit/s (1000 Mbit/s with framing)
[1;36m[Device: id=0] RX[0m: 1.49 Mpps, 762 Mbit/s (1000 Mbit/s with framing)
[0;34m[Device: id=0] TX[0m: 1.49 Mpps, 762 Mbit/s (1000 Mbit/s with framing)
[1;36m[Device: id=0] RX[0m: 1.49 Mpps, 762 Mbit/s (1000 Mbit/s with framing)
[0;34m[Device: id=0] TX[0m: 1.49 Mpps, 762 Mbit/s (1000 Mbit/s with framing)
[1;36m[Device: id=0] RX[0m: 1.49 Mpps, 762 Mbit/s (1000 Mbit/s with framing)
[0;34m[Device: id=0] TX[0m: 1.49 Mpps, 762 Mbit/s (1000 Mbit/s with framing)
[1;36m[Device: id=0] RX[0m: 1.49 Mpps, 762 Mbit/s (1000 Mbit/s with framing)
[0;34m[Device: id=0] TX[0m: 1.49 Mpps, 762 Mbit/s (1000 Mbit/s with framing)
[1;36m[Device: id=0] RX[0m: 1.49 Mpps, 762 Mbit/s (1000 Mbit/s with framing)
[0;34m[Device: id=0] TX[0m: 1.49 Mpps, 762 Mbit/s (1000 Mbit/s with framing)
[1;36m[Device: id=0] RX[0m: 1.49 Mpps, 762 Mbit/s (1000 Mbit/s with framing)
[0;34m[Device: id=0] TX[0m: 1.49 Mpps, 762 Mbit/s (1000 Mbit/s with framing)
[1;36m[Device: id=0] RX[0m: 1.49 Mpps, 762 Mbit/s (1000 Mbit/s with framing)
[0;34m[Device: id=0] TX[0m: 1.49 Mpps, 762 Mbit/s (1000 Mbit/s with framing)
[1;36m[Device: id=0] RX[0m: 1.49 Mpps, 762 Mbit/s (1000 Mbit/s with framing)
[0;34m[Device: id=0] TX[0m: 1.49 Mpps, 762 Mbit/s (1000 Mbit/s with framing)
[1;36m[Device: id=0] RX[0m: 1.49 Mpps, 762 Mbit/s (1000 Mbit/s with framing)
[0;34m[Device: id=0] TX[0m: 1.49 Mpps, 762 Mbit/s (1000 Mbit/s with framing)
[1;36m[Device: id=0] RX[0m: 1.49 Mpps, 762 Mbit/s (1000 Mbit/s with framing)
[0;34m[Device: id=0] TX[0m: 1.49 Mpps, 762 Mbit/s (1000 Mbit/s with framing)
[1;36m[Device: id=0] RX[0m: 1.49 Mpps, 762 Mbit/s (1000 Mbit/s with framing)
[0;34m[Device: id=0] TX[0m: 1.49 Mpps, 762 Mbit/s (1000 Mbit/s with framing)
[1;36m[Device: id=0] RX[0m: 1.49 Mpps, 762 Mbit/s (1000 Mbit/s with framing)
[0;34m[Device: id=0] TX[0m: 1.49 Mpps, 762 Mbit/s (1000 Mbit/s with framing)
[1;36m[Device: id=0] RX[0m: 1.49 Mpps, 762 Mbit/s (1000 Mbit/s with framing)
[0;34m[Device: id=0] TX[0m: 1.49 Mpps, 762 Mbit/s (1000 Mbit/s with framing)
[1;36m[Device: id=0] RX[0m: 1.49 Mpps, 762 Mbit/s (1000 Mbit/s with framing)
[0;34m[Device: id=0] TX[0m: 1.49 Mpps, 762 Mbit/s (1000 Mbit/s with framing)
[1;36m[Device: id=0] RX[0m: 1.49 Mpps, 762 Mbit/s (1000 Mbit/s with framing)
[0;34m[Device: id=0] TX[0m: 1.49 Mpps, 762 Mbit/s (1000 Mbit/s with framing)
[1;36m[Device: id=0] RX[0m: 1.49 Mpps, 762 Mbit/s (1000 Mbit/s with framing)
[0;34m[Device: id=0] TX[0m: 1.49 Mpps, 762 Mbit/s (1000 Mbit/s with framing)
[1;36m[Device: id=0] RX[0m: 1.49 Mpps, 762 Mbit/s (1000 Mbit/s with framing)
[0;34m[Device: id=0] TX[0m: 1.49 Mpps, 762 Mbit/s (1000 Mbit/s with framing)
[1;36m[Device: id=0] RX[0m: 1.49 Mpps, 762 Mbit/s (1000 Mbit/s with framing)
[0;34m[Device: id=0] TX[0m: 1.49 Mpps, 762 Mbit/s (1000 Mbit/s with framing)
[1;36m[Device: id=0] RX[0m: 1.49 Mpps, 762 Mbit/s (1000 Mbit/s with framing)
[0;34m[Device: id=0] TX[0m: 1.49 Mpps, 762 Mbit/s (1000 Mbit/s with framing)
[1;36m[Device: id=0] RX[0m: 1.49 Mpps, 762 Mbit/s (1000 Mbit/s with framing)
[0;34m[Device: id=0] TX[0m: 1.49 Mpps, 762 Mbit/s (1000 Mbit/s with framing)
[1;36m[Device: id=0] RX[0m: 1.49 Mpps, 762 Mbit/s (1000 Mbit/s with framing)
[0;34m[Device: id=0] TX[0m: 1.49 Mpps, 762 Mbit/s (1000 Mbit/s with framing)
[1;36m[Device: id=0] RX[0m: 1.49 Mpps, 762 Mbit/s (1000 Mbit/s with framing)
[0;34m[Device: id=0] TX[0m: 1.49 Mpps, 762 Mbit/s (1000 Mbit/s with framing)
[1;36m[Device: id=0] RX[0m: 1.49 Mpps, 762 Mbit/s (1000 Mbit/s with framing)
[0;34m[Device: id=0] TX[0m: 1.49 Mpps, 762 Mbit/s (1000 Mbit/s with framing)
[1;36m[Device: id=0] RX[0m: 1.49 Mpps, 762 Mbit/s (1000 Mbit/s with framing)
[0;34m[Device: id=0] TX[0m: 1.49 Mpps, 762 Mbit/s (1000 Mbit/s with framing)
[1;36m[Device: id=0] RX[0m: 1.49 Mpps, 762 Mbit/s (1000 Mbit/s with framing)
[0;34m[Device: id=0] TX[0m: 1.49 Mpps, 762 Mbit/s (1000 Mbit/s with framing)
[1;36m[Device: id=0] RX[0m: 1.49 Mpps, 762 Mbit/s (1000 Mbit/s with framing)
[0;34m[Device: id=0] TX[0m: 1.49 Mpps, 762 Mbit/s (1000 Mbit/s with framing)
[1;36m[Device: id=0] RX[0m: 1.49 Mpps, 762 Mbit/s (1000 Mbit/s with framing)
[0;34m[Device: id=0] TX[0m: 1.49 Mpps, 762 Mbit/s (1000 Mbit/s with framing)
[1;36m[Device: id=0] RX[0m: 1.49 Mpps, 762 Mbit/s (1000 Mbit/s with framing)
[0;34m[Device: id=0] TX[0m: 1.49 Mpps, 762 Mbit/s (1000 Mbit/s with framing)
[1;36m[Device: id=0] RX[0m: 1.49 Mpps, 762 Mbit/s (1000 Mbit/s with framing)
[0;34m[Device: id=0] TX[0m: 1.49 Mpps, 762 Mbit/s (1000 Mbit/s with framing)
[1;36m[Device: id=0] RX[0m: 1.49 Mpps, 762 Mbit/s (1000 Mbit/s with framing)
[0;34m[Device: id=0] TX[0m: 1.49 Mpps, 762 Mbit/s (1000 Mbit/s with framing)
[1;36m[Device: id=0] RX[0m: 1.49 Mpps, 762 Mbit/s (1000 Mbit/s with framing)
[0;34m[Device: id=0] TX[0m: 1.49 Mpps, 762 Mbit/s (1000 Mbit/s with framing)
[1;36m[Device: id=0] RX[0m: 1.49 Mpps, 762 Mbit/s (1000 Mbit/s with framing)
[0;34m[Device: id=0] TX[0m: 1.49 Mpps, 762 Mbit/s (1000 Mbit/s with framing)
[1;36m[Device: id=0] RX[0m: 1.49 Mpps, 762 Mbit/s (1000 Mbit/s with framing)
[0;34m[Device: id=0] TX[0m: 1.49 Mpps, 762 Mbit/s (1000 Mbit/s with framing)
[1;36m[Device: id=0] RX[0m: 1.49 Mpps, 762 Mbit/s (1000 Mbit/s with framing)
[0;34m[Device: id=0] TX[0m: 1.49 Mpps, 762 Mbit/s (1000 Mbit/s with framing)
[1;36m[Device: id=0] RX[0m: 1.49 Mpps, 762 Mbit/s (1000 Mbit/s with framing)
[0;34m[Device: id=0] TX[0m: 1.49 Mpps, 762 Mbit/s (1000 Mbit/s with framing)
[1;36m[Device: id=0] RX[0m: 1.49 Mpps, 762 Mbit/s (1000 Mbit/s with framing)
[0;34m[Device: id=0] TX[0m: 1.49 Mpps, 762 Mbit/s (1000 Mbit/s with framing)
[1;36m[Device: id=0] RX[0m: 1.49 Mpps, 762 Mbit/s (1000 Mbit/s with framing)
[0;34m[Device: id=0] TX[0m: 1.49 Mpps, 762 Mbit/s (1000 Mbit/s with framing)
[1;36m[Device: id=0] RX[0m: 1.49 Mpps, 762 Mbit/s (1000 Mbit/s with framing)
[0;34m[Device: id=0] TX[0m: 1.49 Mpps, 762 Mbit/s (1000 Mbit/s with framing)
[1;36m[Device: id=0] RX[0m: 1.49 Mpps, 762 Mbit/s (1000 Mbit/s with framing)
[0;34m[Device: id=0] TX[0m: 1.49 Mpps, 762 Mbit/s (1000 Mbit/s with framing)
[1;36m[Device: id=0] RX[0m: 1.49 Mpps, 762 Mbit/s (1000 Mbit/s with framing)
[0;34m[Device: id=0] TX[0m: 1.49 Mpps, 762 Mbit/s (1000 Mbit/s with framing)
[1;36m[Device: id=0] RX[0m: 1.49 Mpps, 762 Mbit/s (1000 Mbit/s with framing)
[0;34m[Device: id=0] TX[0m: 1.49 Mpps, 762 Mbit/s (1000 Mbit/s with framing)
[1;36m[Device: id=0] RX[0m: 1.49 Mpps, 762 Mbit/s (1000 Mbit/s with framing)
[0;34m[Device: id=0] TX[0m: 1.49 Mpps, 762 Mbit/s (1000 Mbit/s with framing)
[1;36m[Device: id=0] RX[0m: 1.49 Mpps, 762 Mbit/s (1000 Mbit/s with framing)
[0;34m[Device: id=0] TX[0m: 1.49 Mpps, 762 Mbit/s (1000 Mbit/s with framing)
[1;36m[Device: id=0] RX[0m: 1.49 Mpps, 762 Mbit/s (1000 Mbit/s with framing)
[0;34m[Device: id=0] TX[0m: 1.49 Mpps, 762 Mbit/s (1000 Mbit/s with framing)
[1;36m[Device: id=0] RX[0m: 1.49 Mpps, 762 Mbit/s (1000 Mbit/s with framing)
[0;34m[Device: id=0] TX[0m: 1.49 Mpps, 762 Mbit/s (1000 Mbit/s with framing)
[1;36m[Device: id=0] RX[0m: 1.49 Mpps, 762 Mbit/s (1000 Mbit/s with framing)
[0;34m[Device: id=0] TX[0m: 1.49 Mpps, 762 Mbit/s (1000 Mbit/s with framing)
[1;36m[Device: id=0] RX[0m: 1.49 Mpps, 762 Mbit/s (1000 Mbit/s with framing)
[0;34m[Device: id=0] TX[0m: 1.49 Mpps, 762 Mbit/s (1000 Mbit/s with framing)
[1;36m[Device: id=0] RX[0m: 1.00 Mpps, 510 Mbit/s (669 Mbit/s with framing)
[0;34m[Device: id=0] TX[0m: 0.97 Mpps, 494 Mbit/s (649 Mbit/s with framing)
[1;36m[Device: id=0] RX[0m: 0.00 Mpps, 0 Mbit/s (0 Mbit/s with framing)
[0;34m[Device: id=0] TX[0m: 0.00 Mpps, 0 Mbit/s (0 Mbit/s with framing)
[1;36m[Device: id=0] RX[0m: 1.48 (StdDev 0.06) Mpps, 760 (StdDev 33) Mbit/s (998 Mbit/s with framing), total 884939089 packets with 56636101696 bytes (incl. CRC)
[0;34m[Device: id=0] TX[0m: 1.48 (StdDev 0.06) Mpps, 760 (StdDev 33) Mbit/s (998 Mbit/s with framing), total 884648049 packets with 56617475136 bytes (incl. CRC)
