valga
Reading package lists...
Building dependency tree...
Reading state information...
The following NEW packages will be installed:
  stress
0 upgraded, 1 newly installed, 0 to remove and 0 not upgraded.
Need to get 21.8 kB of archives.
After this operation, 55.3 kB of additional disk space will be used.
Get:1 http://mirror.lrz.de/debian buster/main amd64 stress amd64 1.0.4-4 [21.8 kB]
Fetched 21.8 kB in 0s (0 B/s)
Selecting previously unselected package stress.
(Reading database ... 
(Reading database ... 5%
(Reading database ... 10%
(Reading database ... 15%
(Reading database ... 20%
(Reading database ... 25%
(Reading database ... 30%
(Reading database ... 35%
(Reading database ... 40%
(Reading database ... 45%
(Reading database ... 50%
(Reading database ... 55%
(Reading database ... 60%
(Reading database ... 65%
(Reading database ... 70%
(Reading database ... 75%
(Reading database ... 80%
(Reading database ... 85%
(Reading database ... 90%
(Reading database ... 95%
(Reading database ... 100%
(Reading database ... 64256 files and directories currently installed.)
Preparing to unpack .../stress_1.0.4-4_amd64.deb ...
Unpacking stress (1.0.4-4) ...
Setting up stress (1.0.4-4) ...
Processing triggers for man-db (2.8.5-2) ...
setup done
