running build
running build_py
creating build/lib/postools
copying postools/postools.py -> build/lib/postools
copying postools/__version__.py -> build/lib/postools
copying postools/__init__.py -> build/lib/postools
creating build/lib/postools/lib
copying postools/lib/configuration.py -> build/lib/postools/lib
copying postools/lib/variable.py -> build/lib/postools/lib
copying postools/lib/rest_api.py -> build/lib/postools/lib
copying postools/lib/default_configuration.py -> build/lib/postools/lib
copying postools/lib/__init__.py -> build/lib/postools/lib
creating build/lib/postools/cli
copying postools/cli/tools.py -> build/lib/postools/cli
copying postools/cli/__init__.py -> build/lib/postools/cli
running install
running bdist_egg
running egg_info
creating postools.egg-info
writing postools.egg-info/PKG-INFO
writing dependency_links to postools.egg-info/dependency_links.txt
writing entry points to postools.egg-info/entry_points.txt
writing requirements to postools.egg-info/requires.txt
writing top-level names to postools.egg-info/top_level.txt
writing manifest file 'postools.egg-info/SOURCES.txt'
reading manifest file 'postools.egg-info/SOURCES.txt'
writing manifest file 'postools.egg-info/SOURCES.txt'
installing library code to build/bdist.linux-x86_64/egg
running install_lib
running build_py
creating build/bdist.linux-x86_64/egg
creating build/bdist.linux-x86_64/egg/postools
creating build/bdist.linux-x86_64/egg/postools/cli
copying build/lib/postools/cli/__init__.py -> build/bdist.linux-x86_64/egg/postools/cli
copying build/lib/postools/cli/tools.py -> build/bdist.linux-x86_64/egg/postools/cli
creating build/bdist.linux-x86_64/egg/postools/lib
copying build/lib/postools/lib/__init__.py -> build/bdist.linux-x86_64/egg/postools/lib
copying build/lib/postools/lib/default_configuration.py -> build/bdist.linux-x86_64/egg/postools/lib
copying build/lib/postools/lib/rest_api.py -> build/bdist.linux-x86_64/egg/postools/lib
copying build/lib/postools/lib/variable.py -> build/bdist.linux-x86_64/egg/postools/lib
copying build/lib/postools/lib/configuration.py -> build/bdist.linux-x86_64/egg/postools/lib
copying build/lib/postools/__init__.py -> build/bdist.linux-x86_64/egg/postools
copying build/lib/postools/__version__.py -> build/bdist.linux-x86_64/egg/postools
copying build/lib/postools/postools.py -> build/bdist.linux-x86_64/egg/postools
byte-compiling build/bdist.linux-x86_64/egg/postools/cli/__init__.py to __init__.cpython-313.pyc
byte-compiling build/bdist.linux-x86_64/egg/postools/cli/tools.py to tools.cpython-313.pyc
byte-compiling build/bdist.linux-x86_64/egg/postools/lib/__init__.py to __init__.cpython-313.pyc
byte-compiling build/bdist.linux-x86_64/egg/postools/lib/default_configuration.py to default_configuration.cpython-313.pyc
byte-compiling build/bdist.linux-x86_64/egg/postools/lib/rest_api.py to rest_api.cpython-313.pyc
byte-compiling build/bdist.linux-x86_64/egg/postools/lib/variable.py to variable.cpython-313.pyc
byte-compiling build/bdist.linux-x86_64/egg/postools/lib/configuration.py to configuration.cpython-313.pyc
byte-compiling build/bdist.linux-x86_64/egg/postools/__init__.py to __init__.cpython-313.pyc
byte-compiling build/bdist.linux-x86_64/egg/postools/__version__.py to __version__.cpython-313.pyc
byte-compiling build/bdist.linux-x86_64/egg/postools/postools.py to postools.cpython-313.pyc
creating build/bdist.linux-x86_64/egg/EGG-INFO
copying postools.egg-info/PKG-INFO -> build/bdist.linux-x86_64/egg/EGG-INFO
copying postools.egg-info/SOURCES.txt -> build/bdist.linux-x86_64/egg/EGG-INFO
copying postools.egg-info/dependency_links.txt -> build/bdist.linux-x86_64/egg/EGG-INFO
copying postools.egg-info/entry_points.txt -> build/bdist.linux-x86_64/egg/EGG-INFO
copying postools.egg-info/requires.txt -> build/bdist.linux-x86_64/egg/EGG-INFO
copying postools.egg-info/top_level.txt -> build/bdist.linux-x86_64/egg/EGG-INFO
creating dist
creating 'dist/postools-2.1.12-py3.13.egg' and adding 'build/bdist.linux-x86_64/egg' to it
removing 'build/bdist.linux-x86_64/egg' (and everything under it)
Processing postools-2.1.12-py3.13.egg
Copying postools-2.1.12-py3.13.egg to /usr/local/lib/python3.13/dist-packages
Adding postools 2.1.12 to easy-install.pth file
Installing pos_download script to /usr/local/bin
Installing pos_energy_start script to /usr/local/bin
Installing pos_energy_stop script to /usr/local/bin
Installing pos_get_variable script to /usr/local/bin
Installing pos_heartbeat script to /usr/local/bin
Installing pos_kill script to /usr/local/bin
Installing pos_run script to /usr/local/bin
Installing pos_run_rest_blocking script to /usr/local/bin
Installing pos_set_variable script to /usr/local/bin
Installing pos_sync script to /usr/local/bin
Installing pos_timesync script to /usr/local/bin
Installing pos_upload script to /usr/local/bin
Installing pos_wait script to /usr/local/bin

Installed /usr/local/lib/python3.13/dist-packages/postools-2.1.12-py3.13.egg
Processing dependencies for postools==2.1.12
Searching for setuptools<=70.0.0
Reading https://pypi.org/simple/setuptools/
Downloading https://files.pythonhosted.org/packages/de/88/70c5767a0e43eb4451c2200f07d042a4bcd7639276003a9c54a68cfcc1f8/setuptools-70.0.0-py3-none-any.whl#sha256=54faa7f2e8d2d11bcd2c07bed282eef1046b5c080d1c32add737d7b5817b1ad4
Best match: setuptools 70.0.0
Processing setuptools-70.0.0-py3-none-any.whl
Installing setuptools-70.0.0-py3-none-any.whl to /usr/local/lib/python3.13/dist-packages
Adding setuptools 70.0.0 to easy-install.pth file
detected new path './postools-2.1.12-py3.13.egg'

Installed /usr/local/lib/python3.13/dist-packages/setuptools-70.0.0-py3.13.egg
Searching for requests<=2.31.0
Reading https://pypi.org/simple/requests/
Downloading https://files.pythonhosted.org/packages/70/8e/0e2d847013cb52cd35b38c009bb167a1a26b2ce6cd6965bf26b47bc0bf44/requests-2.31.0-py3-none-any.whl#sha256=58cd2187c01e70e6e26505bca751777aa9f2ee0b7f4300988b709f44e013003f
Best match: requests 2.31.0
Processing requests-2.31.0-py3-none-any.whl
Installing requests-2.31.0-py3-none-any.whl to /usr/local/lib/python3.13/dist-packages
Adding requests 2.31.0 to easy-install.pth file
detected new path './setuptools-70.0.0-py3.13.egg'

Installed /usr/local/lib/python3.13/dist-packages/requests-2.31.0-py3.13.egg
Searching for urllib3==2.3.0
Best match: urllib3 2.3.0
Adding urllib3 2.3.0 to easy-install.pth file
detected new path './requests-2.31.0-py3.13.egg'

Using /usr/lib/python3/dist-packages
Searching for idna==3.10
Best match: idna 3.10
Adding idna 3.10 to easy-install.pth file

Using /usr/lib/python3/dist-packages
Searching for charset-normalizer==3.4.2
Best match: charset-normalizer 3.4.2
Adding charset-normalizer 3.4.2 to easy-install.pth file
Installing normalizer script to /usr/local/bin

Using /usr/lib/python3/dist-packages
Searching for certifi==2025.1.31
Best match: certifi 2025.1.31
Adding certifi 2025.1.31 to easy-install.pth file

Using /usr/lib/python3/dist-packages
Finished processing dependencies for postools==2.1.12
running build
running build_py
copying postools/postools.py -> build/lib/postools
copying postools/__version__.py -> build/lib/postools
copying postools/__init__.py -> build/lib/postools
copying postools/lib/configuration.py -> build/lib/postools/lib
copying postools/lib/variable.py -> build/lib/postools/lib
copying postools/lib/rest_api.py -> build/lib/postools/lib
copying postools/lib/default_configuration.py -> build/lib/postools/lib
copying postools/lib/__init__.py -> build/lib/postools/lib
copying postools/cli/tools.py -> build/lib/postools/cli
copying postools/cli/__init__.py -> build/lib/postools/cli
running install
running bdist_egg
running egg_info
writing postools.egg-info/PKG-INFO
writing dependency_links to postools.egg-info/dependency_links.txt
writing entry points to postools.egg-info/entry_points.txt
writing requirements to postools.egg-info/requires.txt
writing top-level names to postools.egg-info/top_level.txt
reading manifest file 'postools.egg-info/SOURCES.txt'
writing manifest file 'postools.egg-info/SOURCES.txt'
installing library code to build/bdist.linux-x86_64/egg
running install_lib
running build_py
creating build/bdist.linux-x86_64/egg
creating build/bdist.linux-x86_64/egg/postools
copying build/lib/postools/__init__.py -> build/bdist.linux-x86_64/egg/postools
copying build/lib/postools/__version__.py -> build/bdist.linux-x86_64/egg/postools
copying build/lib/postools/postools.py -> build/bdist.linux-x86_64/egg/postools
creating build/bdist.linux-x86_64/egg/postools/cli
copying build/lib/postools/cli/__init__.py -> build/bdist.linux-x86_64/egg/postools/cli
copying build/lib/postools/cli/tools.py -> build/bdist.linux-x86_64/egg/postools/cli
creating build/bdist.linux-x86_64/egg/postools/lib
copying build/lib/postools/lib/__init__.py -> build/bdist.linux-x86_64/egg/postools/lib
copying build/lib/postools/lib/default_configuration.py -> build/bdist.linux-x86_64/egg/postools/lib
copying build/lib/postools/lib/rest_api.py -> build/bdist.linux-x86_64/egg/postools/lib
copying build/lib/postools/lib/variable.py -> build/bdist.linux-x86_64/egg/postools/lib
copying build/lib/postools/lib/configuration.py -> build/bdist.linux-x86_64/egg/postools/lib
byte-compiling build/bdist.linux-x86_64/egg/postools/__init__.py to __init__.cpython-313.pyc
byte-compiling build/bdist.linux-x86_64/egg/postools/__version__.py to __version__.cpython-313.pyc
byte-compiling build/bdist.linux-x86_64/egg/postools/postools.py to postools.cpython-313.pyc
byte-compiling build/bdist.linux-x86_64/egg/postools/cli/__init__.py to __init__.cpython-313.pyc
byte-compiling build/bdist.linux-x86_64/egg/postools/cli/tools.py to tools.cpython-313.pyc
byte-compiling build/bdist.linux-x86_64/egg/postools/lib/__init__.py to __init__.cpython-313.pyc
byte-compiling build/bdist.linux-x86_64/egg/postools/lib/default_configuration.py to default_configuration.cpython-313.pyc
byte-compiling build/bdist.linux-x86_64/egg/postools/lib/rest_api.py to rest_api.cpython-313.pyc
byte-compiling build/bdist.linux-x86_64/egg/postools/lib/variable.py to variable.cpython-313.pyc
byte-compiling build/bdist.linux-x86_64/egg/postools/lib/configuration.py to configuration.cpython-313.pyc
creating build/bdist.linux-x86_64/egg/EGG-INFO
copying postools.egg-info/PKG-INFO -> build/bdist.linux-x86_64/egg/EGG-INFO
copying postools.egg-info/SOURCES.txt -> build/bdist.linux-x86_64/egg/EGG-INFO
copying postools.egg-info/dependency_links.txt -> build/bdist.linux-x86_64/egg/EGG-INFO
copying postools.egg-info/entry_points.txt -> build/bdist.linux-x86_64/egg/EGG-INFO
copying postools.egg-info/requires.txt -> build/bdist.linux-x86_64/egg/EGG-INFO
copying postools.egg-info/top_level.txt -> build/bdist.linux-x86_64/egg/EGG-INFO
creating 'dist/postools-2.1.12-py3.13.egg' and adding 'build/bdist.linux-x86_64/egg' to it
removing 'build/bdist.linux-x86_64/egg' (and everything under it)
Processing postools-2.1.12-py3.13.egg
Removing /usr/local/lib/python3.13/dist-packages/postools-2.1.12-py3.13.egg
Copying postools-2.1.12-py3.13.egg to /usr/local/lib/python3.13/dist-packages
Adding postools 2.1.12 to easy-install.pth file
Installing pos_download script to /usr/local/bin
Installing pos_energy_start script to /usr/local/bin
Installing pos_energy_stop script to /usr/local/bin
Installing pos_get_variable script to /usr/local/bin
Installing pos_heartbeat script to /usr/local/bin
Installing pos_kill script to /usr/local/bin
Installing pos_run script to /usr/local/bin
Installing pos_run_rest_blocking script to /usr/local/bin
Installing pos_set_variable script to /usr/local/bin
Installing pos_sync script to /usr/local/bin
Installing pos_timesync script to /usr/local/bin
Installing pos_upload script to /usr/local/bin
Installing pos_wait script to /usr/local/bin

Installed /usr/local/lib/python3.13/dist-packages/postools-2.1.12-py3.13.egg
Processing dependencies for postools==2.1.12
Searching for setuptools==70.0.0
Best match: setuptools 70.0.0
Processing setuptools-70.0.0-py3.13.egg
Adding setuptools 70.0.0 to easy-install.pth file

Using /usr/local/lib/python3.13/dist-packages/setuptools-70.0.0-py3.13.egg
Searching for requests==2.31.0
Best match: requests 2.31.0
Processing requests-2.31.0-py3.13.egg
Adding requests 2.31.0 to easy-install.pth file

Using /usr/local/lib/python3.13/dist-packages/requests-2.31.0-py3.13.egg
Searching for urllib3==2.3.0
Best match: urllib3 2.3.0
Adding urllib3 2.3.0 to easy-install.pth file

Using /usr/lib/python3/dist-packages
Searching for idna==3.10
Best match: idna 3.10
Adding idna 3.10 to easy-install.pth file

Using /usr/lib/python3/dist-packages
Searching for charset-normalizer==3.4.2
Best match: charset-normalizer 3.4.2
Adding charset-normalizer 3.4.2 to easy-install.pth file
Installing normalizer script to /usr/local/bin

Using /usr/lib/python3/dist-packages
Searching for certifi==2025.1.31
Best match: certifi 2025.1.31
Adding certifi 2025.1.31 to easy-install.pth file

Using /usr/lib/python3/dist-packages
Finished processing dependencies for postools==2.1.12